0 1.005510e+00 5.806550e-03 4.966140e-01 9.438820e-03 5.003850e-01 9.066010e-03 1.000020e+00 3.760260e-04 5.002630e-01 3.896080e-04 4.998110e-01 3.706300e-04 8.771630e-02 1.005990e-03 8.771630e-02 1.005990e-03
1 9.946290e-01 5.527160e-03 4.996760e-01 9.099170e-03 4.998530e-01 8.895900e-03 8.483460e-01 1.663610e-03 3.152540e-01 7.567310e-04 3.145540e-01 7.102680e-04 3.220780e-02 1.890210e-03 3.624630e-02 2.234320e-03
2 1.000240e+00 5.787590e-03 5.114890e-01 8.876040e-03 4.948700e-01 9.107330e-03 7.506790e-01 1.779070e-03 1.996100e-01 5.946730e-04 1.996660e-01 6.762260e-04 1.263380e-02 1.148740e-03 1.128800e-02 1.055980e-03
3 9.839610e-01 5.884530e-03 5.085430e-01 9.487890e-03 5.188780e-01 8.926240e-03 6.872240e-01 1.664840e-03 1.690570e-01 5.867670e-04 1.690940e-01 5.955160e-04 7.802680e-03 8.125540e-04 8.204200e-03 8.669440e-04
4 1.008470e+00 5.949360e-03 5.028750e-01 8.417730e-03 4.977240e-01 9.631370e-03 6.439170e-01 1.791790e-03 1.435560e-01 6.113570e-04 1.443590e-01 6.408000e-04 6.708330e-03 8.047140e-04 5.713280e-03 7.329950e-04
5 1.000870e+00 5.862840e-03 5.035900e-01 9.256850e-03 5.059630e-01 9.117020e-03 6.140470e-01 1.740350e-03 1.289050e-01 5.179590e-04 1.293480e-01 6.037950e-04 5.615860e-03 7.215160e-04 4.348480e-03 5.564280e-04
6 9.970630e-01 6.078090e-03 4.923050e-01 9.207960e-03 4.880710e-01 9.486220e-03 5.882870e-01 1.743770e-03 1.167500e-01 6.065820e-04 1.171500e-01 6.292910e-04 4.280410e-03 5.723020e-04 4.047620e-03 6.982790e-04
7 1.004150e+00 6.242990e-03 4.925730e-01 9.265680e-03 5.000610e-01 8.787810e-03 5.648560e-01 1.720000e-03 1.089620e-01 5.795950e-04 1.096960e-01 6.077180e-04 4.045480e-03 5.954080e-04 2.911930e-03 4.281140e-04
8 1.000580e+00 6.224840e-03 5.032270e-01 9.723420e-03 5.076120e-01 8.862830e-03 5.502920e-01 1.661570e-03 1.009010e-01 5.363310e-04 1.012790e-01 6.082260e-04 2.687600e-03 4.370520e-04 2.585460e-03 4.653120e-04
9 1.000640e+00 5.419920e-03 5.113510e-01 9.112780e-03 4.896030e-01 9.099370e-03 5.333440e-01 1.795590e-03 9.552780e-02 5.763950e-04 9.630640e-02 5.686100e-04 2.929270e-03 4.738300e-04 2.365830e-03 4.496600e-04
10 1.001610e+00 5.258560e-03 4.820630e-01 9.810940e-03 4.955700e-01 8.916100e-03 5.204470e-01 1.886220e-03 9.082440e-02 5.637560e-04 9.111340e-02 5.381180e-04 2.420330e-03 4.323880e-04 3.059080e-03 5.338560e-04
11 9.987030e-01 5.814730e-03 5.191110e-01 1.108650e-02 4.992640e-01 9.603510e-03 5.085400e-01 1.953100e-03 8.617380e-02 5.687520e-04 8.755060e-02 5.489470e-04 2.236550e-03 4.006420e-04 2.269030e-03 4.526960e-04
12 1.007240e+00 6.159880e-03 4.966550e-01 9.032620e-03 4.919750e-01 1.007280e-02 4.975640e-01 1.993850e-03 8.289990e-02 6.090520e-04 8.396150e-02 5.469220e-04 2.079680e-03 4.123020e-04 2.285000e-03 4.174710e-04
13 1.001250e+00 6.142320e-03 4.968280e-01 9.614800e-03 5.109440e-01 9.093360e-03 4.892590e-01 1.794230e-03 7.980780e-02 5.844900e-04 8.035460e-02 5.035700e-04 2.131640e-03 5.037030e-04 2.080930e-03 3.492290e-04
14 9.995770e-01 6.340460e-03 5.000850e-01 9.969390e-03 4.981720e-01 8.910570e-03 4.778960e-01 1.831710e-03 7.647640e-02 5.349760e-04 7.783880e-02 5.318110e-04 1.919620e-03 4.269110e-04 2.672600e-03 5.549650e-04
15 1.009530e+00 5.825570e-03 4.895090e-01 9.725070e-03 4.960810e-01 1.034470e-02 4.713370e-01 1.933470e-03 7.372830e-02 5.446810e-04 7.525960e-02 5.415910e-04 1.325050e-03 3.579770e-04 1.923290e-03 4.418670e-04
16 9.921360e-01 5.502200e-03 5.091450e-01 9.662950e-03 5.007600e-01 1.076850e-02 4.607690e-01 1.838550e-03 7.149460e-02 5.528810e-04 7.286460e-02 5.260460e-04 8.822360e-04 2.156480e-04 1.598790e-03 3.188360e-04
17 9.950630e-01 5.081130e-03 5.058420e-01 9.239460e-03 4.897860e-01 9.735160e-03 4.557220e-01 2.075590e-03 6.908410e-02 5.497210e-04 7.074600e-02 5.671980e-04 1.729910e-03 4.115210e-04 1.149110e-03 2.673360e-04
18 9.955480e-01 5.612200e-03 5.041470e-01 1.023120e-02 5.191430e-01 9.623700e-03 4.477510e-01 1.976370e-03 6.725180e-02 5.271900e-04 6.833230e-02 5.434840e-04 1.489770e-03 3.402200e-04 1.581590e-03 4.107840e-04
19 1.009020e+00 5.348150e-03 4.864260e-01 9.264880e-03 4.871900e-01 9.066950e-03 4.434900e-01 1.967320e-03 6.609750e-02 5.637760e-04 6.598980e-02 5.060100e-04 9.631280e-04 2.426670e-04 1.287840e-03 3.075730e-04
20 9.938420e-01 6.359400e-03 4.996170e-01 1.010350e-02 4.989760e-01 1.031480e-02 4.384940e-01 2.117160e-03 6.413520e-02 5.128670e-04 6.414900e-02 5.657310e-04 1.224360e-03 3.108800e-04 1.376060e-03 3.236030e-04
21 9.932170e-01 6.041840e-03 4.973420e-01 1.059950e-02 5.125310e-01 1.033200e-02 4.350060e-01 1.957020e-03 6.221080e-02 5.076880e-04 6.261920e-02 5.809540e-04 1.004090e-03 2.408990e-04 1.280330e-03 3.392620e-04
22 1.006500e+00 5.820210e-03 5.002700e-01 9.687690e-03 4.962380e-01 9.853830e-03 4.304610e-01 1.822060e-03 6.102050e-02 5.383630e-04 6.149760e-02 5.046640e-04 8.161430e-04 2.232920e-04 1.060120e-03 3.069750e-04
23 1.001310e+00 5.837860e-03 5.044330e-01 9.136190e-03 4.808070e-01 9.152710e-03 4.255970e-01 1.847240e-03 5.995470e-02 5.127520e-04 6.070260e-02 5.195450e-04 9.465080e-04 2.489020e-04 1.201860e-03 3.798140e-04
24 1.005390e+00 6.679470e-03 5.005500e-01 9.714990e-03 5.124420e-01 9.702400e-03 4.220030e-01 1.934410e-03 5.907190e-02 5.081580e-04 5.929090e-02 5.446090e-04 1.417930e-03 3.979260e-04 9.169910e-04 2.661950e-04
25 9.935270e-01 5.819830e-03 4.972880e-01 9.953290e-03 5.099320e-01 9.740220e-03 4.165800e-01 1.838270e-03 5.788030e-02 5.136470e-04 5.786010e-02 5.056580e-04 1.537800e-03 5.015530e-04 1.738500e-03 4.553890e-04
26 1.005530e+00 5.912990e-03 4.959870e-01 1.089650e-02 4.907010e-01 8.634950e-03 4.144950e-01 1.844770e-03 5.689350e-02 5.486250e-04 5.697260e-02 5.181680e-04 1.113580e-03 3.090870e-04 1.108510e-03 3.503330e-04
27 9.928520e-01 5.666490e-03 5.071230e-01 8.393670e-03 5.292740e-01 9.837650e-03 4.124380e-01 1.802970e-03 5.620780e-02 5.459820e-04 5.555960e-02 4.449140e-04 9.073510e-04 2.370540e-04 8.075160e-04 2.603410e-04
28 1.011120e+00 5.655650e-03 4.955390e-01 9.403890e-03 4.880530e-01 9.896540e-03 4.066460e-01 1.690140e-03 5.512750e-02 5.459640e-04 5.533100e-02 4.916460e-04 6.880630e-04 2.215730e-04 8.215000e-04 2.579150e-04
29 9.896810e-01 5.608770e-03 5.065930e-01 9.952760e-03 5.037520e-01 9.856810e-03 4.051930e-01 1.809690e-03 5.406120e-02 4.896950e-04 5.416400e-02 4.745630e-04 1.157830e-03 3.582000e-04 9.194490e-04 2.734640e-04
30 1.005370e+00 6.537990e-03 4.914720e-01 9.901750e-03 4.975610e-01 9.796580e-03 4.001090e-01 1.898030e-03 5.312780e-02 4.947510e-04 5.340430e-02 4.902460e-04 5.873820e-04 1.645360e-04 7.946750e-04 2.643380e-04
31 9.973220e-01 5.725630e-03 4.900910e-01 1.020570e-02 5.080960e-01 9.629030e-03 3.965530e-01 1.931710e-03 5.188230e-02 5.075400e-04 5.221100e-02 4.548390e-04 6.440070e-04 2.453590e-04 9.775450e-04 3.394850e-04
32 9.952140e-01 5.738000e-03 5.214450e-01 9.429780e-03 4.882480e-01 9.669110e-03 3.925970e-01 1.934350e-03 5.093270e-02 5.230240e-04 5.136870e-02 4.711360e-04 5.640780e-04 2.022100e-04 7.860620e-04 2.602030e-04
33 9.996140e-01 5.541180e-03 5.114180e-01 9.851330e-03 4.963590e-01 8.867250e-03 3.905720e-01 1.805190e-03 5.003530e-02 4.969430e-04 5.093500e-02 4.552750e-04 8.977120e-04 2.704810e-04 4.493340e-04 1.553040e-04
34 1.003860e+00 6.191570e-03 4.779460e-01 8.847350e-03 5.023020e-01 8.770310e-03 3.852560e-01 1.900750e-03 4.896480e-02 5.078180e-04 5.035450e-02 4.365660e-04 7.552200e-04 2.110360e-04 2.665960e-04 1.101140e-04
35 9.960370e-01 5.942250e-03 4.958950e-01 9.919320e-03 5.031580e-01 9.032750e-03 3.851280e-01 1.820170e-03 4.794810e-02 4.919610e-04 4.985750e-02 4.665610e-04 3.684790e-04 1.232090e-04 6.560910e-04 2.840380e-04
36 1.004870e+00 6.397070e-03 5.037640e-01 9.712430e-03 5.094410e-01 9.153140e-03 3.827680e-01 1.811970e-03 4.745270e-02 4.896160e-04 4.865900e-02 4.825220e-04 6.223750e-04 2.065030e-04 5.761690e-04 2.071880e-04
37 9.949280e-01 6.040950e-03 4.890640e-01 9.067490e-03 4.972390e-01 9.383450e-03 3.821270e-01 1.787330e-03 4.690890e-02 5.091560e-04 4.815900e-02 4.873910e-04 6.719190e-04 2.527340e-04 5.620200e-04 1.927340e-04
38 1.001330e+00 6.728300e-03 5.055160e-01 1.004600e-02 4.973360e-01 9.344210e-03 3.783350e-01 1.821310e-03 4.623700e-02 5.074830e-04 4.732130e-02 4.587920e-04 8.514530e-04 3.117860e-04 4.757600e-04 1.642360e-04
39 1.000950e+00 5.745070e-03 5.137430e-01 9.604830e-03 4.941260e-01 8.452200e-03 3.764780e-01 1.976360e-03 4.592180e-02 4.751420e-04 4.701850e-02 4.712180e-04 6.221240e-04 2.253470e-04 8.268610e-04 2.351160e-04
40 9.995740e-01 5.707860e-03 4.946370e-01 1.044130e-02 5.129270e-01 9.323110e-03 3.742240e-01 1.845670e-03 4.566230e-02 5.005300e-04 4.633660e-02 4.993810e-04 3.868210e-04 1.568060e-04 8.899450e-04 3.460830e-04
41 1.002790e+00 5.777720e-03 4.861510e-01 9.647530e-03 4.865560e-01 9.438640e-03 3.705370e-01 1.793560e-03 4.470940e-02 5.102700e-04 4.601120e-02 4.700870e-04 5.399380e-04 2.044240e-04 2.232890e-04 8.775100e-05
42 1.005730e+00 5.797830e-03 4.999090e-01 9.425980e-03 4.967590e-01 9.202260e-03 3.677390e-01 1.960880e-03 4.481370e-02 4.982350e-04 4.543930e-02 5.205730e-04 6.564550e-04 2.912660e-04 4.775440e-04 1.793430e-04
43 1.000200e+00 6.065860e-03 5.030300e-01 9.835130e-03 4.786420e-01 9.920270e-03 3.663970e-01 1.797840e-03 4.419630e-02 4.620200e-04 4.500890e-02 4.816080e-04 4.542140e-04 2.006190e-04 2.931210e-04 1.453680e-04
44 9.959110e-01 5.834590e-03 4.989930e-01 9.504260e-03 5.090150e-01 9.816920e-03 3.633450e-01 1.813660e-03 4.377650e-02 4.550700e-04 4.416670e-02 5.124710e-04 5.334620e-04 2.322730e-04 6.169410e-04 3.107990e-04
45 1.012580e+00 6.064320e-03 4.992740e-01 1.003660e-02 5.038100e-01 9.675210e-03 3.632020e-01 1.883360e-03 4.346880e-02 4.823130e-04 4.376760e-02 5.053090e-04 3.396640e-04 1.367680e-04 5.632860e-04 2.633710e-04
46 9.986870e-01 5.330880e-03 5.027880e-01 9.743320e-03 4.850050e-01 9.401750e-03 3.628270e-01 1.984530e-03 4.286680e-02 4.926750e-04 4.336970e-02 4.944440e-04 3.344560e-04 1.326170e-04 5.235700e-04 1.799540e-04
47 1.000430e+00 5.907370e-03 4.828240e-01 9.372410e-03 4.946780e-01 9.883410e-03 3.599880e-01 1.951260e-03 4.227640e-02 4.636690e-04 4.276550e-02 5.280070e-04 1.408830e-04 7.478740e-05 1.000780e-03 3.124450e-04
48 9.937950e-01 6.116600e-03 5.086570e-01 9.326800e-03 5.114900e-01 8.929910e-03 3.583900e-01 1.907460e-03 4.196400e-02 4.939360e-04 4.221760e-02 5.103940e-04 3.107200e-04 1.490910e-04 8.357060e-04 2.654300e-04
49 9.994580e-01 6.155890e-03 5.105270e-01 1.010130e-02 4.984400e-01 1.058530e-02 3.563410e-01 2.019670e-03 4.184450e-02 4.830370e-04 4.231130e-02 5.226550e-04 3.633170e-04 1.795770e-04 7.228990e-04 3.283210e-04
50 1.003820e+00 6.540200e-03 4.973330e-01 9.663520e-03 5.080150e-01 9.541990e-03 3.561820e-01 1.975310e-03 4.064890e-02 4.639990e-04 4.185470e-02 5.170870e-04 2.762000e-04 1.273330e-04 3.841950e-04 1.399150e-04
51 1.001180e+00 6.439800e-03 4.901790e-01 1.040280e-02 4.975020e-01 1.017330e-02 3.559290e-01 1.903770e-03 4.071850e-02 4.739810e-04 4.164120e-02 5.066240e-04 4.296260e-04 1.682150e-04 8.934130e-04 4.052260e-04
52 1.003200e+00 6.120450e-03 4.875120e-01 9.348610e-03 5.057130e-01 8.896680e-03 3.527220e-01 1.953610e-03 4.021790e-02 4.907780e-04 4.101930e-02 4.822190e-04 2.370790e-04 1.154230e-04 5.053630e-04 2.608690e-04
53 9.908960e-01 5.539650e-03 5.096790e-01 1.030280e-02 5.156600e-01 9.279040e-03 3.509430e-01 1.955220e-03 4.047440e-02 4.688850e-04 4.071220e-02 5.078550e-04 3.401440e-04 2.326120e-04 2.330660e-04 1.015610e-04
54 1.000430e+00 5.612100e-03 4.926570e-01 9.836650e-03 4.885450e-01 9.400530e-03 3.499050e-01 1.944190e-03 4.009960e-02 4.466080e-04 4.033140e-02 5.089470e-04 4.221510e-04 1.483890e-04 3.132560e-04 1.157030e-04
55 1.000490e+00 5.898250e-03 5.161570e-01 9.708600e-03 5.041770e-01 9.358470e-03 3.503840e-01 2.044580e-03 3.937440e-02 4.828780e-04 4.007690e-02 5.194190e-04 3.524980e-04 1.450890e-04 5.732760e-04 2.838880e-04
56 1.001470e+00 6.360520e-03 5.044290e-01 9.470260e-03 4.914420e-01 1.021250e-02 3.476720e-01 1.893410e-03 3.927070e-02 4.561270e-04 3.954570e-02 4.711990e-04 3.934360e-04 1.695490e-04 4.000440e-04 1.661550e-04
57 1.002890e+00 6.119730e-03 4.849460e-01 9.573420e-03 4.882320e-01 9.004350e-03 3.457720e-01 1.961770e-03 3.919860e-02 4.646510e-04 3.903170e-02 4.963750e-04 4.642310e-04 2.312870e-04 6.012170e-04 2.516770e-04
58 1.001840e+00 6.123260e-03 5.064690e-01 9.407790e-03 5.000840e-01 9.264030e-03 3.466420e-01 1.994340e-03 3.918400e-02 4.833010e-04 3.895250e-02 4.861800e-04 4.760260e-04 2.306170e-04 1.776140e-04 1.083580e-04
59 9.869130e-01 5.694160e-03 5.088510e-01 9.037710e-03 5.216800e-01 9.759050e-03 3.428360e-01 1.986250e-03 3.844030e-02 4.962160e-04 3.871650e-02 5.400710e-04 7.873550e-04 2.996830e-04 3.053550e-04 1.820350e-04
60 1.003020e+00 5.521060e-03 4.813690e-01 9.175960e-03 4.891950e-01 1.058620e-02 3.436820e-01 1.906730e-03 3.825430e-02 4.649040e-04 3.873880e-02 5.249250e-04 4.328240e-04 2.716540e-04 4.161860e-04 1.998220e-04
61 9.987890e-01 5.972620e-03 5.138930e-01 8.640180e-03 5.079150e-01 9.752140e-03 3.430940e-01 1.932340e-03 3.774760e-02 4.806070e-04 3.825720e-02 5.157500e-04 2.994510e-04 1.456940e-04 5.322680e-04 1.807630e-04
62 9.980200e-01 5.860990e-03 5.000160e-01 9.444820e-03 4.998050e-01 9.546350e-03 3.411460e-01 1.946910e-03 3.760320e-02 4.652390e-04 3.775070e-02 4.975570e-04 7.375400e-04 3.004070e-04 4.818410e-04 1.893820e-04
63 9.987470e-01 6.383450e-03 5.108540e-01 9.773440e-03 5.174010e-01 1.000140e-02 3.410460e-01 2.139420e-03 3.691750e-02 4.700710e-04 3.804760e-02 4.870040e-04 4.369760e-04 1.325320e-04 4.665820e-04 1.805180e-04
64 1.002730e+00 5.846170e-03 5.014580e-01 9.327820e-03 4.880620e-01 1.066310e-02 3.407370e-01 2.030560e-03 3.706900e-02 4.590310e-04 3.769780e-02 4.911370e-04 7.176400e-04 2.527400e-04 3.669010e-04 1.721550e-04
65 9.955780e-01 5.999090e-03 5.044620e-01 9.767840e-03 5.123040e-01 9.943820e-03 3.401940e-01 2.151810e-03 3.671370e-02 4.702240e-04 3.756090e-02 5.108040e-04 8.754090e-04 2.767820e-04 1.890380e-04 8.620300e-05
66 9.931320e-01 5.810510e-03 5.067850e-01 1.034390e-02 4.850270e-01 8.910540e-03 3.381230e-01 2.138610e-03 3.649090e-02 4.713250e-04 3.725510e-02 5.042490e-04 4.354330e-04 1.756620e-04 4.148400e-04 1.622790e-04
67 1.013710e+00 5.959920e-03 4.926790e-01 9.433150e-03 5.041160e-01 8.699210e-03 3.361260e-01 2.002340e-03 3.669720e-02 4.838220e-04 3.702790e-02 4.694430e-04 8.398590e-04 3.175770e-04 9.664040e-05 5.590060e-05
68 1.002870e+00 5.681670e-03 4.948640e-01 9.976320e-03 5.098750e-01 9.157090e-03 3.359540e-01 1.942980e-03 3.610760e-02 4.882360e-04 3.692250e-02 4.709610e-04 5.924710e-04 2.190990e-04 1.766730e-04 9.738100e-05
69 9.956600e-01 5.532040e-03 5.024440e-01 9.330530e-03 4.924660e-01 8.995350e-03 3.335580e-01 1.988810e-03 3.625380e-02 4.775250e-04 3.679020e-02 5.108110e-04 4.058600e-04 1.698030e-04 2.772960e-04 1.360730e-04
70 9.986650e-01 5.046280e-03 4.855860e-01 9.263060e-03 4.957660e-01 9.950910e-03 3.335850e-01 2.060580e-03 3.578260e-02 4.950150e-04 3.681500e-02 5.049010e-04 2.618560e-04 1.227190e-04 3.231360e-04 1.515190e-04
71 1.006300e+00 5.507230e-03 5.075290e-01 9.221900e-03 4.981160e-01 9.559240e-03 3.345560e-01 2.033760e-03 3.594150e-02 5.076520e-04 3.635780e-02 5.125900e-04 6.951820e-04 2.689150e-04 1.524290e-04 9.208950e-05
72 9.996280e-01 5.663670e-03 5.027850e-01 1.004100e-02 4.898680e-01 9.579810e-03 3.323760e-01 1.989990e-03 3.595650e-02 4.985590e-04 3.620510e-02 4.929430e-04 3.001290e-04 1.807530e-04 3.899930e-04 2.469820e-04
73 1.001850e+00 6.274120e-03 4.974440e-01 1.015370e-02 5.127510e-01 8.812090e-03 3.331310e-01 2.093100e-03 3.563980e-02 4.912070e-04 3.602660e-02 4.792820e-04 4.246580e-04 2.098510e-04 2.626290e-04 1.287660e-04
74 9.911700e-01 6.216810e-03 5.152020e-01 8.863510e-03 4.896100e-01 9.326670e-03 3.336020e-01 2.042780e-03 3.566670e-02 5.050030e-04 3.594820e-02 5.059920e-04 8.086210e-04 2.206460e-04 4.691120e-04 2.581010e-04
75 1.002570e+00 6.159540e-03 4.876030e-01 8.752990e-03 5.068330e-01 9.858360e-03 3.319490e-01 1.920220e-03 3.547210e-02 4.641450e-04 3.535450e-02 4.943910e-04 1.160440e-03 3.829980e-04 2.479290e-04 1.566200e-04
76 1.006070e+00 6.029720e-03 4.871970e-01 8.806040e-03 5.043540e-01 9.598040e-03 3.307860e-01 1.999060e-03 3.513020e-02 4.796550e-04 3.533360e-02 4.616320e-04 3.758830e-04 1.330060e-04 1.543240e-04 9.976340e-05
77 9.978600e-01 6.027180e-03 5.010420e-01 9.810290e-03 4.947490e-01 1.032100e-02 3.274910e-01 1.983880e-03 3.507480e-02 4.807940e-04 3.526140e-02 4.596800e-04 2.239260e-04 1.016110e-04 1.646000e-04 8.474330e-05
78 9.935020e-01 6.382800e-03 4.967940e-01 8.950660e-03 5.050330e-01 8.813850e-03 3.271890e-01 2.018820e-03 3.518780e-02 5.063020e-04 3.520570e-02 4.578320e-04 6.816190e-04 2.527320e-04 2.414110e-04 1.064230e-04
79 9.978860e-01 5.510680e-03 4.971480e-01 9.218840e-03 4.910490e-01 8.910900e-03 3.265600e-01 1.988090e-03 3.529490e-02 4.879450e-04 3.488790e-02 4.741680e-04 2.711010e-04 1.024840e-04 3.562410e-04 1.644440e-04
80 9.984620e-01 5.801220e-03 5.109980e-01 8.861260e-03 4.928210e-01 9.059130e-03 3.266800e-01 1.819040e-03 3.524060e-02 5.033680e-04 3.490680e-02 4.899410e-04 2.526400e-04 1.326870e-04 5.362420e-04 2.464720e-04
81 9.925440e-01 5.570860e-03 5.037400e-01 8.453770e-03 5.072550e-01 1.027600e-02 3.265970e-01 1.936880e-03 3.496070e-02 4.854710e-04 3.445660e-02 4.821790e-04 6.216530e-04 2.585320e-04 1.397290e-04 7.129960e-05
82 1.004430e+00 5.839380e-03 4.892530e-01 9.526610e-03 5.049270e-01 9.046700e-03 3.258570e-01 1.888790e-03 3.506330e-02 5.134660e-04 3.480920e-02 4.715870e-04 1.728580e-04 9.986950e-05 1.847200e-04 8.671060e-05
83 1.004190e+00 6.090400e-03 5.042940e-01 9.258420e-03 5.115630e-01 8.585850e-03 3.241890e-01 1.955580e-03 3.468410e-02 4.750460e-04 3.476920e-02 4.838480e-04 3.118320e-04 1.403060e-04 3.221840e-04 1.561880e-04
84 9.959150e-01 6.228930e-03 5.044100e-01 9.969850e-03 4.971790e-01 9.624840e-03 3.248260e-01 1.875700e-03 3.469800e-02 4.740870e-04 3.467770e-02 4.750990e-04 4.306460e-04 1.968640e-04 1.162740e-04 9.177680e-05
85 1.003560e+00 5.308200e-03 5.025710e-01 9.282950e-03 4.950530e-01 9.311590e-03 3.227790e-01 1.924140e-03 3.438420e-02 5.198550e-04 3.434670e-02 4.973720e-04 2.312690e-04 1.216440e-04 2.251620e-04 1.557780e-04
86 1.006620e+00 6.023510e-03 4.892080e-01 1.042180e-02 5.046700e-01 9.282360e-03 3.252740e-01 1.936120e-03 3.466730e-02 5.109770e-04 3.401550e-02 5.061940e-04 2.242420e-04 8.228400e-05 2.062690e-04 1.242270e-04
87 1.001960e+00 5.569640e-03 5.006770e-01 9.462540e-03 5.030670e-01 1.044980e-02 3.236040e-01 1.763120e-03 3.427990e-02 5.091150e-04 3.371610e-02 4.983830e-04 4.268130e-04 1.684070e-04 6.530720e-05 3.904090e-05
88 9.928030e-01 5.352070e-03 4.985780e-01 9.839380e-03 4.923590e-01 9.374460e-03 3.235430e-01 1.942080e-03 3.402600e-02 5.080460e-04 3.398810e-02 4.855790e-04 4.296000e-04 2.677920e-04 8.353520e-05 8.379790e-05
89 1.000020e+00 5.891390e-03 5.059930e-01 9.814160e-03 5.064210e-01 8.830530e-03 3.218580e-01 1.922000e-03 3.398180e-02 5.194500e-04 3.341240e-02 4.783380e-04 2.126030e-04 9.921090e-05 2.227940e-04 1.152670e-04
90 1.003740e+00 5.912470e-03 4.992410e-01 9.187950e-03 4.867920e-01 9.448470e-03 3.218920e-01 2.144690e-03 3.429100e-02 5.503260e-04 3.418240e-02 4.904790e-04 3.203390e-04 1.513290e-04 1.547510e-04 1.515630e-04
91 1.000190e+00 5.964410e-03 5.164990e-01 9.844550e-03 5.163390e-01 9.737490e-03 3.191040e-01 2.050910e-03 3.379620e-02 5.352140e-04 3.386610e-02 4.861350e-04 3.404990e-04 1.735610e-04 1.482860e-04 1.077340e-04
92 1.003460e+00 5.960300e-03 4.851660e-01 9.607050e-03 4.979370e-01 9.423970e-03 3.202680e-01 2.094010e-03 3.389230e-02 5.524820e-04 3.376840e-02 5.378000e-04 1.788010e-04 8.317580e-05 2.566910e-04 1.593080e-04
93 9.890190e-01 5.757260e-03 5.051000e-01 9.152270e-03 4.974640e-01 9.222330e-03 3.173040e-01 1.983670e-03 3.373740e-02 5.662020e-04 3.348170e-02 4.995540e-04 3.213180e-04 1.385520e-04 9.435970e-05 7.293650e-05
94 1.001910e+00 5.933550e-03 5.157100e-01 9.362380e-03 4.900050e-01 9.937800e-03 3.172260e-01 1.971150e-03 3.359050e-02 5.333610e-04 3.334650e-02 5.247660e-04 4.332370e-04 1.914620e-04 3.056040e-04 1.808890e-04
95 9.957880e-01 5.751040e-03 4.932810e-01 9.557910e-03 5.072340e-01 9.662310e-03 3.172370e-01 1.927060e-03 3.357460e-02 5.467220e-04 3.306470e-02 5.035410e-04 5.476490e-04 2.323470e-04 1.097310e-04 5.987170e-05
96 1.004580e+00 5.767290e-03 5.015360e-01 1.055610e-02 4.998890e-01 9.607430e-03 3.177970e-01 2.144770e-03 3.324170e-02 5.682090e-04 3.321480e-02 5.242920e-04 3.490010e-04 1.543580e-04 2.512370e-04 1.709760e-04
97 1.001880e+00 6.027730e-03 4.837590e-01 9.548890e-03 4.885140e-01 9.086450e-03 3.175260e-01 1.910510e-03 3.335080e-02 5.783100e-04 3.264050e-02 5.089650e-04 2.987920e-04 1.296810e-04 1.162410e-04 8.667220e-05
98 9.964700e-01 6.239300e-03 5.091810e-01 9.156620e-03 4.969400e-01 9.146400e-03 3.183020e-01 2.035460e-03 3.292400e-02 5.468090e-04 3.303630e-02 4.897780e-04 2.953100e-04 1.043590e-04 2.148910e-04 1.202420e-04
99 9.998240e-01 5.740390e-03 4.974310e-01 9.300470e-03 5.186150e-01 9.172730e-03 3.179820e-01 2.029320e-03 3.261410e-02 5.390150e-04 3.275780e-02 4.930910e-04 2.846630e-04 1.449980e-04 1.768650e-04 1.143450e-04
100 9.981930e-01 6.140870e-03 5.093990e-01 9.490480e-03 4.882360e-01 9.500470e-03 3.180390e-01 2.064960e-03 3.255590e-02 5.010990e-04 3.268430e-02 5.010240e-04 7.177650e-04 3.044280e-04 1.970430e-04 1.421960e-04
101 1.003760e+00 6.555460e-03 4.994390e-01 8.808880e-03 5.019200e-01 8.448670e-03 3.173530e-01 2.027990e-03 3.246830e-02 4.836430e-04 3.253920e-02 5.028010e-04 2.002370e-04 8.577000e-05 1.674350e-04 1.019070e-04
102 1.000300e+00 6.009160e-03 5.014310e-01 8.633500e-03 5.028080e-01 8.820200e-03 3.170600e-01 1.902500e-03 3.270280e-02 5.163540e-04 3.243410e-02 5.272860e-04 3.532350e-04 1.765590e-04 1.231840e-04 7.376150e-05
103 1.006540e+00 5.576710e-03 4.868990e-01 9.876790e-03 5.003800e-01 8.874820e-03 3.167030e-01 2.153420e-03 3.256700e-02 5.017800e-04 3.258010e-02 5.221760e-04 5.189120e-04 2.273820e-04 2.652800e-04 1.699220e-04
104 9.911350e-01 6.234340e-03 4.987010e-01 9.472300e-03 4.849020e-01 8.613720e-03 3.179340e-01 2.093510e-03 3.251170e-02 5.206720e-04 3.243940e-02 5.371130e-04 3.016100e-04 1.876790e-04 7.797720e-04 4.043600e-04
105 9.979050e-01 5.870500e-03 5.100580e-01 9.464340e-03 5.012710e-01 9.986970e-03 3.176430e-01 1.989830e-03 3.263860e-02 5.288220e-04 3.244520e-02 5.286270e-04 7.299600e-04 3.053240e-04 5.261680e-04 2.541870e-04
106 9.961360e-01 6.378240e-03 4.926590e-01 9.259760e-03 5.169420e-01 9.063850e-03 3.163060e-01 2.040250e-03 3.242310e-02 5.122070e-04 3.249590e-02 5.183620e-04 3.427630e-04 1.654820e-04 2.199460e-04 1.164100e-04
107 1.001820e+00 6.591640e-03 4.994720e-01 1.047250e-02 4.986680e-01 9.564000e-03 3.159440e-01 2.068780e-03 3.212800e-02 4.942040e-04 3.214520e-02 4.986930e-04 3.558490e-04 2.127530e-04 1.111980e-04 5.625300e-05
108 1.013510e+00 6.302880e-03 4.969330e-01 1.013870e-02 4.919880e-01 1.059340e-02 3.163770e-01 1.969930e-03 3.225740e-02 5.289420e-04 3.181620e-02 5.254590e-04 3.560530e-04 1.636180e-04 2.624360e-04 1.304290e-04
109 9.931690e-01 5.702810e-03 5.041580e-01 9.339890e-03 5.044550e-01 9.042210e-03 3.137930e-01 1.906910e-03 3.196710e-02 5.105940e-04 3.205010e-02 5.371950e-04 2.056920e-04 9.532350e-05 3.293930e-04 2.223200e-04
110 1.000500e+00 5.753990e-03 5.105940e-01 9.352770e-03 4.949180e-01 9.827550e-03 3.149220e-01 1.932500e-03 3.205590e-02 5.032510e-04 3.213850e-02 5.338540e-04 2.205400e-05 1.989020e-05 1.292230e-04 7.738630e-05
111 1.005460e+00 5.746190e-03 5.032190e-01 9.112170e-03 4.898950e-01 9.097410e-03 3.156790e-01 1.940500e-03 3.176810e-02 5.206060e-04 3.213210e-02 5.110300e-04 5.862540e-05 3.303020e-05 3.054620e-04 1.858820e-04
112 9.973650e-01 5.537050e-03 5.044980e-01 9.158240e-03 5.173170e-01 9.645910e-03 3.144360e-01 2.008570e-03 3.173540e-02 5.033540e-04 3.207800e-02 5.187880e-04 1.936850e-04 1.176290e-04 9.917960e-05 9.599660e-05
113 1.003900e+00 6.116960e-03 4.796060e-01 9.670190e-03 4.839740e-01 9.357980e-03 3.146380e-01 1.889560e-03 3.137080e-02 5.231010e-04 3.193530e-02 5.086300e-04 4.544870e-04 2.553110e-04 1.169890e-04 5.782080e-05
114 9.926720e-01 5.230480e-03 5.231290e-01 9.467880e-03 5.106090e-01 8.675150e-03 3.163990e-01 1.873190e-03 3.169560e-02 5.321710e-04 3.179960e-02 5.321240e-04 2.106340e-04 8.762550e-05 2.834220e-04 1.553120e-04
115 1.000960e+00 5.336840e-03 4.714720e-01 9.297800e-03 4.984880e-01 9.305680e-03 3.165700e-01 2.076880e-03 3.130570e-02 5.333380e-04 3.215760e-02 5.208910e-04 1.035180e-04 7.393940e-05 1.839030e-04 1.162640e-04
116 1.004220e+00 5.471240e-03 5.062550e-01 1.058570e-02 4.901270e-01 8.958310e-03 3.159120e-01 2.002000e-03 3.138930e-02 4.950550e-04 3.236830e-02 5.463350e-04 1.790250e-04 1.077100e-04 2.135520e-04 1.377750e-04
117 9.952200e-01 5.945060e-03 4.891490e-01 9.156150e-03 5.256490e-01 9.047730e-03 3.141630e-01 2.050230e-03 3.121300e-02 5.035630e-04 3.187050e-02 5.128220e-04 2.409700e-04 1.410840e-04 4.922340e-04 2.131600e-04
118 1.004550e+00 5.915290e-03 5.108820e-01 9.299480e-03 4.970300e-01 9.759010e-03 3.147660e-01 1.971540e-03 3.173620e-02 5.280220e-04 3.222490e-02 5.073690e-04 3.480730e-04 1.563790e-04 7.143150e-04 2.648720e-04
119 1.003170e+00 6.338600e-03 4.934700e-01 9.117370e-03 5.007840e-01 8.749140e-03 3.156280e-01 1.861870e-03 3.123150e-02 4.850390e-04 3.199410e-02 5.213860e-04 1.743050e-04 8.833170e-05 5.344410e-04 3.226930e-04
120 1.001490e+00 6.305320e-03 5.102140e-01 9.740120e-03 4.915020e-01 9.379570e-03 3.153450e-01 1.908850e-03 3.111680e-02 5.333670e-04 3.200560e-02 4.918860e-04 4.698630e-04 2.471180e-04 4.458650e-04 3.327700e-04
121 9.935970e-01 5.935350e-03 4.838570e-01 9.019100e-03 4.939450e-01 8.463720e-03 3.131110e-01 1.939320e-03 3.113820e-02 5.063410e-04 3.185490e-02 5.141710e-04 3.201980e-04 1.514470e-04 2.375510e-04 1.012280e-04
122 1.000740e+00 6.093710e-03 4.993050e-01 1.027960e-02 5.091580e-01 8.978740e-03 3.154150e-01 1.889730e-03 3.147990e-02 5.234760e-04 3.199900e-02 5.438150e-04 1.519180e-04 7.257030e-05 2.701250e-04 1.309990e-04
123 1.002010e+00 5.631570e-03 5.020060e-01 9.485100e-03 4.921610e-01 9.546520e-03 3.146910e-01 1.812190e-03 3.156650e-02 5.223000e-04 3.213090e-02 5.164400e-04 4.663000e-04 2.742230e-04 4.072290e-04 2.319810e-04
124 1.005230e+00 5.251820e-03 4.930220e-01 9.839300e-03 4.830740e-01 9.319970e-03 3.139920e-01 1.866180e-03 3.159820e-02 5.040020e-04 3.197790e-02 5.401150e-04 2.000520e-04 8.268200e-05 4.341120e-04 2.125910e-04
125 9.933290e-01 5.430250e-03 5.063990e-01 9.320420e-03 5.217760e-01 9.003950e-03 3.132920e-01 1.962120e-03 3.208420e-02 5.079540e-04 3.199450e-02 5.208180e-04 8.444290e-05 4.406430e-05 3.547240e-04 1.475050e-04
126 9.903070e-01 5.530520e-03 5.114900e-01 9.496900e-03 4.970560e-01 9.140950e-03 3.145400e-01 1.897690e-03 3.184380e-02 5.104810e-04 3.186650e-02 5.318520e-04 9.729440e-05 5.120810e-05 1.099830e-04 4.995430e-05
127 1.005740e+00 5.178390e-03 4.815340e-01 9.128840e-03 5.003340e-01 9.157900e-03 3.144700e-01 1.827590e-03 3.207420e-02 5.537350e-04 3.224390e-02 5.437500e-04 2.794820e-04 1.674640e-04 1.738620e-04 1.002300e-04
128 9.935630e-01 5.703890e-03 5.141590e-01 9.530110e-03 5.169800e-01 9.927860e-03 3.153060e-01 1.823700e-03 3.160890e-02 4.960690e-04 3.230250e-02 5.180950e-04 1.618370e-04 1.067790e-04 1.410090e-04 7.086390e-05
129 1.006110e+00 5.917700e-03 4.897480e-01 9.571170e-03 4.808800e-01 9.200210e-03 3.151930e-01 1.798490e-03 3.159130e-02 5.117660e-04 3.207440e-02 5.089900e-04 3.772220e-04 1.826070e-04 1.685520e-05 9.798470e-06
130 9.972820e-01 6.486610e-03 5.048780e-01 9.644020e-03 5.159670e-01 9.217210e-03 3.159620e-01 1.900120e-03 3.164870e-02 5.015000e-04 3.177300e-02 5.106360e-04 4.519630e-04 2.543550e-04 4.069310e-05 2.263390e-05
131 1.001860e+00 5.935130e-03 4.809440e-01 9.954110e-03 4.955440e-01 8.430000e-03 3.156830e-01 1.865980e-03 3.167460e-02 5.003170e-04 3.195600e-02 4.696400e-04 7.896490e-05 4.703730e-05 3.190990e-04 1.994500e-04
132 1.008410e+00 6.045870e-03 5.269240e-01 9.290690e-03 4.903300e-01 8.826070e-03 3.157780e-01 1.842100e-03 3.203110e-02 5.165580e-04 3.233550e-02 5.114900e-04 2.647810e-04 1.463080e-04 3.326880e-04 1.539700e-04
133 9.871570e-01 5.816510e-03 4.877370e-01 9.740070e-03 5.220130e-01 8.800690e-03 3.134890e-01 1.762930e-03 3.212520e-02 5.294570e-04 3.225450e-02 4.831200e-04 1.437600e-04 7.550480e-05 3.265830e-04 1.875860e-04
134 1.003000e+00 5.503680e-03 5.144190e-01 8.867190e-03 4.913770e-01 9.431970e-03 3.139780e-01 1.870070e-03 3.183490e-02 5.290080e-04 3.232190e-02 4.787230e-04 1.641800e-04 8.109740e-05 2.147690e-04 9.950180e-05
135 1.002720e+00 5.464680e-03 4.993830e-01 9.481710e-03 5.003550e-01 1.039600e-02 3.158470e-01 1.856470e-03 3.198270e-02 5.212330e-04 3.261360e-02 4.555440e-04 2.372110e-04 1.119810e-04 4.054080e-05 2.535450e-05
136 1.000070e+00 6.325040e-03 4.970960e-01 9.957360e-03 4.998750e-01 1.057310e-02 3.136570e-01 1.809600e-03 3.201110e-02 5.265760e-04 3.240880e-02 4.500890e-04 3.122570e-04 1.727460e-04 2.305580e-04 1.323940e-04
137 1.005760e+00 6.532210e-03 5.020970e-01 9.576150e-03 4.878080e-01 9.723430e-03 3.151690e-01 1.876270e-03 3.219320e-02 4.856770e-04 3.247260e-02 4.575890e-04 3.522880e-04 1.704500e-04 3.002720e-04 1.629310e-04
138 9.969680e-01 5.308490e-03 4.962220e-01 8.860440e-03 5.024960e-01 9.101780e-03 3.141570e-01 2.113920e-03 3.232940e-02 4.899120e-04 3.262990e-02 4.963630e-04 1.494090e-04 6.496670e-05 3.413890e-04 1.472570e-04
139 9.967780e-01 5.864070e-03 4.947990e-01 9.365510e-03 4.859370e-01 9.664330e-03 3.144090e-01 1.823670e-03 3.228310e-02 4.724000e-04 3.269330e-02 4.854410e-04 7.101860e-05 4.365310e-05 1.950880e-04 1.032450e-04
140 9.946560e-01 6.177940e-03 5.140400e-01 9.029500e-03 5.162370e-01 9.230240e-03 3.159240e-01 1.872280e-03 3.253530e-02 4.851530e-04 3.244260e-02 4.864310e-04 1.826910e-04 8.162910e-05 3.072350e-04 1.308400e-04
141 1.006300e+00 6.092460e-03 5.047340e-01 9.439030e-03 4.831970e-01 9.170490e-03 3.172890e-01 1.902540e-03 3.230620e-02 4.632700e-04 3.232870e-02 4.797310e-04 9.368250e-04 4.281370e-04 1.803510e-04 9.363390e-05
142 1.004540e+00 5.878720e-03 4.836310e-01 9.189660e-03 5.038600e-01 8.882190e-03 3.166060e-01 1.822430e-03 3.271910e-02 4.710970e-04 3.192730e-02 4.595380e-04 2.998100e-04 1.306710e-04 2.736860e-04 1.300460e-04
143 9.904600e-01 5.807760e-03 5.041330e-01 8.945520e-03 4.999950e-01 9.030180e-03 3.176990e-01 1.908440e-03 3.251470e-02 5.047260e-04 3.228980e-02 5.218480e-04 2.790530e-04 1.251540e-04 4.155420e-04 2.842120e-04
144 1.004410e+00 5.590440e-03 4.921430e-01 8.824410e-03 4.881890e-01 9.941660e-03 3.190240e-01 1.810380e-03 3.250860e-02 4.713530e-04 3.228110e-02 4.924980e-04 7.718780e-05 5.173390e-05 2.092340e-04 9.869220e-05
145 9.904020e-01 6.559770e-03 5.089160e-01 9.428030e-03 5.096370e-01 9.863160e-03 3.175220e-01 1.916610e-03 3.287760e-02 5.256260e-04 3.229140e-02 4.791190e-04 2.163960e-04 1.070270e-04 1.623410e-04 1.029040e-04
146 1.010420e+00 6.053810e-03 4.891610e-01 1.004700e-02 4.963060e-01 9.329010e-03 3.166750e-01 1.907880e-03 3.249550e-02 4.840790e-04 3.250820e-02 4.911930e-04 2.380830e-04 1.587150e-04 2.232300e-04 9.758900e-05
147 9.973010e-01 5.235840e-03 5.030350e-01 1.032400e-02 5.133230e-01 9.498150e-03 3.173910e-01 2.032240e-03 3.231080e-02 5.056110e-04 3.265890e-02 4.747920e-04 4.001140e-04 1.915260e-04 3.028630e-04 1.416080e-04
148 1.000380e+00 5.965990e-03 4.853210e-01 9.951370e-03 4.889590e-01 9.414340e-03 3.170630e-01 2.046500e-03 3.279320e-02 5.286160e-04 3.244450e-02 5.126390e-04 7.408150e-04 3.865450e-04 2.403190e-04 1.363700e-04
149 1.001780e+00 5.821550e-03 5.226090e-01 9.975430e-03 4.994230e-01 8.816740e-03 3.171370e-01 2.029710e-03 3.238050e-02 4.922340e-04 3.263950e-02 4.920770e-04 1.767880e-04 8.481580e-05 1.182560e-04 1.077800e-04
150 9.966480e-01 5.591290e-03 4.939860e-01 1.083090e-02 5.018640e-01 8.718420e-03 3.176690e-01 1.968500e-03 3.267190e-02 5.282960e-04 3.272510e-02 4.704080e-04 1.729160e-04 9.854080e-05 2.792860e-04 2.280300e-04
151 9.985360e-01 6.459900e-03 5.098560e-01 9.379590e-03 5.017560e-01 8.890420e-03 3.182830e-01 2.025520e-03 3.276250e-02 5.262340e-04 3.288700e-02 5.044240e-04 3.245230e-04 1.365180e-04 2.266380e-04 1.366900e-04
152 1.004170e+00 5.949650e-03 4.904290e-01 9.414330e-03 4.940750e-01 9.171040e-03 3.172460e-01 1.930980e-03 3.243620e-02 4.971790e-04 3.279440e-02 5.015310e-04 2.862880e-04 1.292050e-04 2.924920e-04 1.680990e-04
153 1.002030e+00 6.095800e-03 4.954550e-01 9.970150e-03 5.024850e-01 9.065750e-03 3.205940e-01 2.041440e-03 3.250560e-02 4.842440e-04 3.291880e-02 5.092150e-04 4.540860e-04 2.177460e-04 2.248910e-04 1.502170e-04
154 1.001250e+00 6.072040e-03 4.898810e-01 1.005410e-02 4.966900e-01 9.793470e-03 3.204440e-01 1.991660e-03 3.242510e-02 4.627900e-04 3.288280e-02 4.901430e-04 1.285640e-04 8.774250e-05 2.150510e-04 1.252680e-04
155 1.000020e+00 6.004540e-03 5.048590e-01 9.701770e-03 5.191390e-01 8.902980e-03 3.216400e-01 2.033680e-03 3.243160e-02 4.608230e-04 3.260960e-02 4.610390e-04 2.839520e-04 1.919290e-04 2.204340e-04 1.033930e-04
156 9.995640e-01 6.046100e-03 4.954940e-01 9.752720e-03 4.787880e-01 9.115520e-03 3.206210e-01 2.044300e-03 3.212550e-02 4.864930e-04 3.296360e-02 5.281110e-04 2.888570e-04 1.438310e-04 5.252600e-04 2.292520e-04
157 9.989410e-01 6.432880e-03 4.967970e-01 9.566500e-03 5.030630e-01 9.341880e-03 3.203750e-01 2.139750e-03 3.221720e-02 4.938070e-04 3.307350e-02 5.140850e-04 4.730680e-04 2.935300e-04 3.654650e-04 1.653160e-04
158 1.003390e+00 5.669560e-03 5.000820e-01 9.194750e-03 5.119080e-01 8.200480e-03 3.206320e-01 2.022240e-03 3.234760e-02 4.627570e-04 3.332950e-02 5.431550e-04 4.975230e-04 2.572330e-04 1.418710e-04 6.453830e-05
159 9.994500e-01 6.099240e-03 5.103030e-01 9.099070e-03 4.983390e-01 8.954440e-03 3.217060e-01 1.971250e-03 3.256220e-02 4.798540e-04 3.346370e-02 5.098500e-04 3.164070e-04 1.638400e-04 2.218040e-04 1.032540e-04
160 9.960760e-01 6.120470e-03 5.010300e-01 9.589650e-03 5.102440e-01 9.051600e-03 3.234870e-01 2.066090e-03 3.271800e-02 4.861300e-04 3.312150e-02 4.937580e-04 1.407300e-04 7.380290e-05 2.180490e-04 1.053580e-04
161 1.004460e+00 5.775170e-03 4.930680e-01 8.604900e-03 5.076030e-01 9.973430e-03 3.246500e-01 1.885130e-03 3.275510e-02 4.927050e-04 3.356740e-02 5.059640e-04 1.712470e-04 9.780500e-05 2.868660e-04 1.260270e-04
162 9.916510e-01 6.260810e-03 5.123140e-01 9.138310e-03 4.906440e-01 9.537530e-03 3.255060e-01 2.055750e-03 3.302710e-02 4.842510e-04 3.390440e-02 4.881770e-04 1.385610e-04 1.179410e-04 3.651990e-04 1.750920e-04
163 1.004660e+00 6.771090e-03 4.934660e-01 8.971370e-03 5.054270e-01 8.432190e-03 3.269150e-01 2.137280e-03 3.319910e-02 4.914470e-04 3.382730e-02 4.907470e-04 1.577150e-04 8.980610e-05 2.231000e-04 1.082510e-04
164 1.006580e+00 5.682560e-03 4.960890e-01 9.509560e-03 4.912630e-01 8.884720e-03 3.246950e-01 1.936220e-03 3.314740e-02 4.968260e-04 3.378480e-02 5.015780e-04 3.275490e-04 1.447700e-04 2.216980e-04 1.143860e-04
165 9.935960e-01 5.647880e-03 5.030960e-01 9.029480e-03 5.025420e-01 9.327540e-03 3.270420e-01 1.980850e-03 3.333810e-02 5.059670e-04 3.409320e-02 4.894350e-04 3.267450e-04 1.746300e-04 1.792050e-04 1.020830e-04
166 9.975380e-01 6.186710e-03 5.014850e-01 8.704340e-03 5.048860e-01 9.086630e-03 3.270400e-01 2.019110e-03 3.356460e-02 4.969410e-04 3.398640e-02 5.237720e-04 2.491580e-04 1.179630e-04 4.407330e-04 2.615350e-04
167 1.008590e+00 5.797190e-03 4.901080e-01 9.405530e-03 4.852300e-01 9.522720e-03 3.273840e-01 2.016160e-03 3.369060e-02 4.742360e-04 3.428060e-02 5.037200e-04 1.414680e-04 7.581760e-05 3.605280e-04 2.201060e-04
168 9.979910e-01 6.094200e-03 4.987400e-01 1.029340e-02 5.036780e-01 9.767980e-03 3.271970e-01 1.971670e-03 3.372750e-02 4.974810e-04 3.440270e-02 5.321290e-04 3.508730e-04 2.331240e-04 3.661390e-04 1.563550e-04
169 1.002310e+00 6.059010e-03 5.036760e-01 9.577960e-03 4.883810e-01 8.697840e-03 3.277450e-01 1.942410e-03 3.416170e-02 4.857090e-04 3.457330e-02 5.065260e-04 1.579770e-04 8.342280e-05 3.049780e-04 1.103100e-04
170 1.006090e+00 6.094940e-03 5.031330e-01 9.342890e-03 5.076110e-01 8.620690e-03 3.295630e-01 1.791260e-03 3.422610e-02 5.007510e-04 3.493660e-02 5.247370e-04 2.110560e-04 1.192350e-04 5.855900e-04 3.373940e-04
171 9.996600e-01 5.303190e-03 5.104760e-01 8.786670e-03 5.096350e-01 9.503260e-03 3.274980e-01 1.873200e-03 3.464650e-02 5.043270e-04 3.476030e-02 5.111610e-04 1.754540e-04 9.907180e-05 3.670550e-04 1.578010e-04
172 9.928070e-01 5.675860e-03 5.059810e-01 9.940500e-03 5.077440e-01 9.553050e-03 3.289600e-01 2.035570e-03 3.459870e-02 4.719960e-04 3.496260e-02 5.048850e-04 2.545820e-04 1.430720e-04 5.118340e-04 2.422550e-04
173 9.979220e-01 5.599630e-03 5.027340e-01 1.033310e-02 4.990280e-01 9.745190e-03 3.300050e-01 1.882120e-03 3.474970e-02 4.850830e-04 3.508290e-02 4.929060e-04 4.109870e-04 1.700320e-04 5.787520e-04 2.690650e-04
174 9.936920e-01 5.776140e-03 4.933760e-01 1.026860e-02 4.865230e-01 9.667360e-03 3.290900e-01 1.849580e-03 3.500600e-02 4.785610e-04 3.497450e-02 5.241670e-04 5.890060e-04 2.340260e-04 4.996910e-04 1.773750e-04
175 9.992230e-01 5.978860e-03 4.999450e-01 9.390650e-03 5.114520e-01 9.985710e-03 3.311330e-01 1.982220e-03 3.494780e-02 4.717530e-04 3.565450e-02 5.289920e-04 2.139900e-04 9.522160e-05 3.997020e-04 1.777400e-04
176 1.010290e+00 6.279190e-03 4.783040e-01 9.941030e-03 4.949950e-01 9.962750e-03 3.317730e-01 2.012150e-03 3.535060e-02 4.851570e-04 3.554800e-02 5.242370e-04 4.018450e-04 2.042160e-04 2.069700e-04 1.154420e-04
177 9.976070e-01 6.172110e-03 5.208480e-01 8.957420e-03 4.956630e-01 9.129320e-03 3.325580e-01 2.003640e-03 3.564740e-02 4.838430e-04 3.544910e-02 5.209160e-04 2.252600e-04 1.309540e-04 6.807990e-04 3.126500e-04
178 9.966580e-01 5.429720e-03 5.017820e-01 9.072310e-03 5.008900e-01 8.782080e-03 3.334440e-01 2.035500e-03 3.590030e-02 4.911190e-04 3.589240e-02 5.110050e-04 2.154420e-04 1.182450e-04 3.438400e-04 1.444240e-04
179 9.980340e-01 5.685770e-03 4.874180e-01 8.409160e-03 4.957160e-01 9.057210e-03 3.341520e-01 2.131790e-03 3.604820e-02 4.654330e-04 3.581690e-02 4.762300e-04 1.992720e-04 1.103100e-04 4.252390e-04 1.974670e-04
180 9.972450e-01 6.142540e-03 5.139470e-01 9.369550e-03 4.978580e-01 8.933820e-03 3.341730e-01 2.091300e-03 3.650150e-02 4.496080e-04 3.605080e-02 4.840210e-04 1.409830e-04 7.223750e-05 6.116640e-04 3.425390e-04
181 1.000440e+00 6.243970e-03 4.919550e-01 9.319420e-03 4.952450e-01 9.138340e-03 3.364950e-01 2.172550e-03 3.744210e-02 4.773110e-04 3.635510e-02 5.107640e-04 2.346370e-04 8.166960e-05 2.526800e-04 1.115470e-04
182 1.008850e+00 5.671690e-03 4.862410e-01 9.624770e-03 4.907870e-01 9.385630e-03 3.361430e-01 2.033130e-03 3.770700e-02 4.776720e-04 3.711270e-02 5.262110e-04 3.368380e-04 1.482210e-04 1.959210e-04 9.833130e-05
183 9.897060e-01 6.180920e-03 5.134610e-01 9.551110e-03 5.186210e-01 9.154740e-03 3.370460e-01 2.050460e-03 3.745240e-02 4.858260e-04 3.738870e-02 5.206020e-04 2.194200e-04 1.028170e-04 3.272580e-04 1.390800e-04
184 1.006080e+00 5.550410e-03 4.903670e-01 9.079090e-03 4.903900e-01 8.670970e-03 3.368690e-01 1.896920e-03 3.723600e-02 4.745300e-04 3.734520e-02 4.954140e-04 2.195520e-04 1.313170e-04 1.256580e-04 8.825740e-05
185 9.974580e-01 6.323880e-03 5.133970e-01 9.121600e-03 4.980240e-01 9.738030e-03 3.389500e-01 2.003630e-03 3.775580e-02 4.953080e-04 3.765510e-02 5.415220e-04 3.478330e-04 1.736910e-04 3.143690e-04 1.371780e-04
186 9.861950e-01 6.083620e-03 4.942740e-01 9.963810e-03 5.060200e-01 9.250050e-03 3.408750e-01 2.016180e-03 3.749430e-02 5.002810e-04 3.756830e-02 5.077010e-04 1.843740e-04 1.192240e-04 3.756720e-04 1.992410e-04
187 1.014670e+00 6.465750e-03 5.062870e-01 1.006500e-02 4.952410e-01 9.529320e-03 3.427860e-01 2.059990e-03 3.765650e-02 4.891250e-04 3.819430e-02 5.038140e-04 2.966150e-04 1.581580e-04 3.167350e-04 2.001960e-04
188 9.989370e-01 5.741200e-03 4.919090e-01 9.269610e-03 5.107480e-01 8.785150e-03 3.443820e-01 2.033950e-03 3.793140e-02 4.540870e-04 3.834530e-02 5.396160e-04 5.097210e-04 2.492120e-04 4.924270e-04 2.021120e-04
189 9.959250e-01 6.013300e-03 5.043070e-01 9.027200e-03 4.808770e-01 9.223100e-03 3.438380e-01 2.025220e-03 3.798320e-02 4.506990e-04 3.843590e-02 5.087790e-04 5.853940e-04 2.701680e-04 4.809790e-04 1.645730e-04
190 1.002050e+00 6.119550e-03 5.128790e-01 8.883820e-03 4.954660e-01 1.030430e-02 3.437440e-01 1.950200e-03 3.863980e-02 4.749210e-04 3.911050e-02 5.466410e-04 3.375350e-04 1.359020e-04 3.419020e-04 1.372950e-04
191 9.960390e-01 6.040400e-03 4.769740e-01 9.300570e-03 5.120710e-01 8.958170e-03 3.459350e-01 1.993820e-03 3.872590e-02 5.052740e-04 3.935320e-02 5.614840e-04 7.759100e-04 3.256600e-04 4.060050e-04 1.558680e-04
192 1.003880e+00 6.325730e-03 5.283060e-01 9.951060e-03 4.968170e-01 8.322850e-03 3.457270e-01 2.063250e-03 3.917270e-02 4.957270e-04 3.962940e-02 5.319600e-04 6.755670e-04 3.065650e-04 2.030060e-04 1.233680e-04
193 9.955280e-01 5.930680e-03 4.884470e-01 9.809080e-03 4.933430e-01 8.303180e-03 3.486810e-01 1.867290e-03 3.928360e-02 5.004430e-04 4.018670e-02 5.174040e-04 1.027400e-03 3.626690e-04 4.240640e-04 1.606570e-04
194 1.007510e+00 6.210540e-03 5.087010e-01 9.295800e-03 4.908580e-01 8.334470e-03 3.470560e-01 1.875730e-03 3.964840e-02 4.568080e-04 4.021810e-02 4.759500e-04 4.114410e-04 1.821070e-04 3.470280e-04 1.687900e-04
195 9.920750e-01 5.942150e-03 5.057940e-01 1.050480e-02 5.110960e-01 8.839230e-03 3.493770e-01 1.838180e-03 3.989290e-02 4.946340e-04 4.073760e-02 5.401660e-04 7.352590e-04 2.648990e-04 4.062180e-04 2.041660e-04
196 1.005270e+00 5.827040e-03 5.006860e-01 9.343000e-03 5.038000e-01 9.794040e-03 3.514560e-01 1.738380e-03 3.996450e-02 4.502750e-04 4.121950e-02 5.060830e-04 4.269350e-04 1.417660e-04 4.020160e-04 1.388050e-04
197 9.990490e-01 5.838610e-03 4.850580e-01 8.680900e-03 5.055530e-01 8.972840e-03 3.526000e-01 1.806370e-03 4.077600e-02 4.659890e-04 4.158470e-02 5.070330e-04 6.484160e-04 2.275430e-04 4.340010e-04 1.848280e-04
198 9.978060e-01 5.690200e-03 5.096390e-01 9.473700e-03 4.867410e-01 9.445880e-03 3.545780e-01 1.841600e-03 4.128630e-02 5.500090e-04 4.198100e-02 5.233620e-04 3.550280e-04 1.354140e-04 8.169820e-04 2.999770e-04
199 9.989220e-01 5.494510e-03 5.074570e-01 9.683420e-03 5.076520e-01 1.022460e-02 3.547810e-01 1.770950e-03 4.161870e-02 4.979660e-04 4.203930e-02 5.308530e-04 7.443910e-04 2.551160e-04 4.516890e-04 1.992060e-04
200 1.009430e+00 6.390960e-03 5.066220e-01 9.981350e-03 4.898850e-01 1.065410e-02 3.561900e-01 1.818580e-03 4.166320e-02 4.938630e-04 4.246380e-02 5.425280e-04 2.049200e-04 8.026380e-05 6.558680e-04 2.820480e-04
201 1.001120e+00 6.007650e-03 4.843420e-01 9.874940e-03 5.085120e-01 8.519410e-03 3.579520e-01 1.752550e-03 4.226030e-02 4.736360e-04 4.206830e-02 4.945020e-04 3.278900e-04 1.074180e-04 4.173400e-04 1.468150e-04
202 1.003400e+00 6.008160e-03 4.910890e-01 1.024720e-02 4.917630e-01 9.482500e-03 3.606120e-01 1.741250e-03 4.250290e-02 5.295840e-04 4.286860e-02 4.969460e-04 5.106210e-04 1.952980e-04 4.888230e-04 1.738740e-04
203 9.994000e-01 5.900490e-03 5.231350e-01 9.560540e-03 5.019510e-01 8.394230e-03 3.616280e-01 1.677220e-03 4.278790e-02 5.029710e-04 4.316490e-02 5.090830e-04 2.068110e-04 8.239100e-05 6.734020e-04 2.799480e-04
204 9.899180e-01 6.535210e-03 4.933660e-01 1.048710e-02 4.942070e-01 8.864220e-03 3.642440e-01 1.782240e-03 4.327600e-02 4.537970e-04 4.395380e-02 4.922320e-04 4.037850e-04 1.522540e-04 5.836010e-04 2.124510e-04
205 1.006930e+00 6.014720e-03 4.934460e-01 9.673440e-03 5.110330e-01 9.356870e-03 3.656450e-01 1.685800e-03 4.349040e-02 4.479230e-04 4.384350e-02 5.090010e-04 6.894940e-04 2.730460e-04 5.701150e-04 2.724950e-04
206 1.000410e+00 5.992500e-03 4.912210e-01 9.472530e-03 5.090190e-01 9.808780e-03 3.666910e-01 1.851170e-03 4.398950e-02 4.896000e-04 4.384810e-02 4.898780e-04 7.808230e-04 2.904870e-04 9.711980e-04 3.373250e-04
207 9.881300e-01 5.615360e-03 4.997370e-01 9.202150e-03 5.150740e-01 1.035420e-02 3.689740e-01 1.943610e-03 4.478850e-02 4.632350e-04 4.461360e-02 5.221850e-04 4.161850e-04 1.605610e-04 1.025720e-03 3.691870e-04
208 1.004120e+00 5.620860e-03 5.010310e-01 1.006380e-02 5.035310e-01 9.273920e-03 3.699610e-01 1.800390e-03 4.515010e-02 4.808900e-04 4.499680e-02 5.291740e-04 1.019350e-03 2.997710e-04 4.060830e-04 1.488890e-04
209 1.004690e+00 5.942310e-03 4.936970e-01 1.033690e-02 4.890480e-01 9.694640e-03 3.709910e-01 1.825260e-03 4.587960e-02 4.706900e-04 4.557780e-02 5.417330e-04 9.987650e-04 3.148600e-04 5.745420e-04 2.378110e-04
210 1.004310e+00 5.780150e-03 5.073050e-01 9.609560e-03 4.981600e-01 9.065700e-03 3.745240e-01 1.996600e-03 4.618100e-02 4.891940e-04 4.569720e-02 5.139200e-04 9.494410e-04 2.640240e-04 5.912630e-04 2.456120e-04
211 9.961940e-01 6.109160e-03 5.044310e-01 9.704590e-03 5.039530e-01 8.874220e-03 3.769630e-01 1.861900e-03 4.665940e-02 4.749430e-04 4.658120e-02 5.222770e-04 7.576600e-04 2.687660e-04 9.973400e-04 3.017460e-04
212 9.977410e-01 5.692300e-03 4.956610e-01 9.422960e-03 5.012300e-01 9.335110e-03 3.771010e-01 1.910140e-03 4.705110e-02 5.139430e-04 4.734340e-02 5.254540e-04 7.362480e-04 2.193490e-04 6.250870e-04 2.145030e-04
213 1.007620e+00 5.583780e-03 5.101200e-01 9.469000e-03 4.859810e-01 9.173510e-03 3.813090e-01 1.817800e-03 4.774390e-02 4.944750e-04 4.775650e-02 4.875540e-04 3.617370e-04 1.019310e-04 7.264420e-04 3.391560e-04
214 9.924370e-01 5.417800e-03 4.994470e-01 9.779730e-03 5.023350e-01 8.777280e-03 3.839850e-01 1.868990e-03 4.865920e-02 5.079010e-04 4.804770e-02 4.837270e-04 3.858520e-04 1.527860e-04 6.262760e-04 1.876710e-04
215 1.007250e+00 5.980460e-03 4.795850e-01 9.064530e-03 4.920990e-01 9.087670e-03 3.859640e-01 2.091200e-03 4.888420e-02 5.126470e-04 4.896930e-02 5.183360e-04 4.454410e-04 1.779070e-04 9.162270e-04 3.572000e-04
216 9.973480e-01 5.247070e-03 5.046180e-01 9.769790e-03 4.897390e-01 8.419740e-03 3.887230e-01 1.980090e-03 5.012860e-02 5.013580e-04 4.928800e-02 4.956060e-04 9.290440e-04 3.261780e-04 1.037820e-03 2.828460e-04
217 9.975620e-01 5.811530e-03 5.065890e-01 9.711580e-03 5.043020e-01 9.428280e-03 3.932320e-01 1.926180e-03 5.065230e-02 5.106470e-04 5.033520e-02 5.173290e-04 8.331250e-04 2.555450e-04 8.342390e-04 2.461160e-04
218 1.001960e+00 5.688490e-03 5.024980e-01 1.030640e-02 5.073660e-01 9.721950e-03 3.941990e-01 1.972720e-03 5.173280e-02 4.844010e-04 5.098540e-02 4.996960e-04 1.242810e-03 4.294250e-04 6.705170e-04 2.395280e-04
219 9.965050e-01 6.361230e-03 4.974300e-01 9.144100e-03 5.072590e-01 9.592920e-03 3.984500e-01 1.904240e-03 5.248630e-02 4.583650e-04 5.252770e-02 4.977440e-04 9.709790e-04 4.070800e-04 3.832100e-04 1.492740e-04
220 1.008950e+00 5.785580e-03 5.089420e-01 9.395500e-03 4.931990e-01 9.473340e-03 3.998450e-01 1.877290e-03 5.339890e-02 5.027410e-04 5.308870e-02 5.131490e-04 1.043230e-03 2.871720e-04 6.195860e-04 2.816510e-04
221 9.985490e-01 5.681090e-03 4.954550e-01 8.931260e-03 5.145530e-01 9.843650e-03 4.032370e-01 1.833890e-03 5.397240e-02 4.862040e-04 5.386850e-02 5.399800e-04 1.026170e-03 3.767870e-04 8.129230e-04 2.649280e-04
222 9.980130e-01 5.776530e-03 5.034450e-01 9.652980e-03 5.041260e-01 9.668510e-03 4.072030e-01 1.709150e-03 5.459460e-02 5.161540e-04 5.473360e-02 5.216280e-04 1.041560e-03 3.255320e-04 9.585260e-04 3.015570e-04
223 9.997160e-01 5.760010e-03 5.040990e-01 9.635020e-03 5.057370e-01 9.597090e-03 4.104750e-01 1.837850e-03 5.603770e-02 4.968850e-04 5.550990e-02 5.187300e-04 7.436510e-04 2.541100e-04 1.444660e-03 3.851810e-04
224 9.983060e-01 6.197120e-03 4.937090e-01 9.827220e-03 4.935530e-01 9.350980e-03 4.138400e-01 1.673680e-03 5.695800e-02 4.857680e-04 5.677570e-02 5.276670e-04 5.841790e-04 1.709010e-04 1.261330e-03 3.554660e-04
225 1.000070e+00 6.258320e-03 5.103790e-01 9.410890e-03 4.968440e-01 9.593040e-03 4.192200e-01 1.742490e-03 5.780380e-02 5.219190e-04 5.818620e-02 5.144750e-04 1.090840e-03 2.824950e-04 1.404670e-03 3.839350e-04
226 1.003620e+00 5.649490e-03 4.820320e-01 9.278870e-03 4.966340e-01 8.860990e-03 4.230990e-01 1.799290e-03 5.869130e-02 5.307690e-04 5.860690e-02 5.019040e-04 9.651620e-04 2.679750e-04 1.718270e-03 4.641840e-04
227 9.958170e-01 5.733900e-03 5.012520e-01 9.098370e-03 5.156310e-01 8.419420e-03 4.262560e-01 1.875820e-03 6.020520e-02 4.931390e-04 6.013220e-02 5.375750e-04 1.247420e-03 4.232590e-04 1.180720e-03 2.894700e-04
228 9.976630e-01 6.225250e-03 5.100970e-01 9.720410e-03 4.774500e-01 9.548290e-03 4.311380e-01 1.785910e-03 6.167300e-02 5.096260e-04 6.169540e-02 5.010560e-04 9.416650e-04 2.676300e-04 1.113670e-03 3.064330e-04
229 9.972550e-01 5.899660e-03 4.981650e-01 9.981480e-03 5.080450e-01 9.527770e-03 4.330920e-01 1.696810e-03 6.279580e-02 4.611880e-04 6.238360e-02 5.075360e-04 8.249020e-04 2.493850e-04 1.022910e-03 2.962040e-04
230 1.003170e+00 5.108410e-03 5.003160e-01 9.579940e-03 4.942740e-01 9.632550e-03 4.405510e-01 1.661180e-03 6.442630e-02 4.955610e-04 6.374230e-02 5.141730e-04 8.433440e-04 2.244210e-04 1.551240e-03 3.385670e-04
231 1.000860e+00 5.229210e-03 5.054900e-01 9.257340e-03 4.985020e-01 9.768360e-03 4.452270e-01 1.793490e-03 6.623080e-02 5.160990e-04 6.514460e-02 5.277350e-04 2.195670e-03 4.832720e-04 1.429700e-03 3.256610e-04
232 1.006390e+00 6.253140e-03 4.994430e-01 1.048420e-02 5.049990e-01 1.085660e-02 4.514400e-01 1.790020e-03 6.776320e-02 4.891850e-04 6.717910e-02 5.069760e-04 1.621880e-03 5.079270e-04 1.308910e-03 3.879410e-04
233 1.003550e+00 6.257150e-03 4.867940e-01 9.332530e-03 4.943650e-01 1.012560e-02 4.580140e-01 1.948910e-03 7.015570e-02 4.857380e-04 7.018030e-02 4.938440e-04 1.248460e-03 3.679010e-04 1.513700e-03 3.340660e-04
234 1.003770e+00 5.209110e-03 4.911800e-01 8.705470e-03 5.013940e-01 9.389920e-03 4.646550e-01 1.716270e-03 7.218230e-02 5.230530e-04 7.181140e-02 5.051400e-04 2.107760e-03 5.299860e-04 2.272230e-03 5.211510e-04
235 9.989110e-01 6.300560e-03 4.959400e-01 9.230950e-03 5.040240e-01 9.823530e-03 4.740890e-01 1.850910e-03 7.415060e-02 5.300410e-04 7.418000e-02 5.455630e-04 1.697990e-03 3.449380e-04 1.841890e-03 4.029450e-04
236 9.842080e-01 6.078070e-03 5.057480e-01 9.070560e-03 5.118990e-01 9.426070e-03 4.812140e-01 1.668750e-03 7.661420e-02 5.320230e-04 7.615470e-02 5.420860e-04 1.134120e-03 2.222920e-04 2.035550e-03 4.420510e-04
237 1.002620e+00 5.974170e-03 5.093870e-01 9.168320e-03 4.912740e-01 9.823550e-03 4.887460e-01 1.706100e-03 8.014610e-02 5.235280e-04 7.969140e-02 5.070770e-04 2.313560e-03 4.483550e-04 2.030900e-03 4.926680e-04
238 9.999090e-01 5.589750e-03 5.076330e-01 8.672860e-03 4.938300e-01 9.584440e-03 4.979560e-01 1.576130e-03 8.337730e-02 5.297010e-04 8.266520e-02 5.608490e-04 1.985690e-03 4.033160e-04 2.220560e-03 4.567690e-04
239 9.970850e-01 5.696850e-03 5.044490e-01 9.940430e-03 5.126580e-01 9.524170e-03 5.102500e-01 1.778360e-03 8.699700e-02 5.518180e-04 8.645090e-02 5.957150e-04 2.284540e-03 4.799190e-04 2.254220e-03 4.541690e-04
240 9.983850e-01 5.701620e-03 4.916360e-01 9.817560e-03 4.833090e-01 9.995050e-03 5.196570e-01 1.693280e-03 9.121780e-02 5.341380e-04 9.163530e-02 5.536440e-04 2.450930e-03 4.712410e-04 1.632940e-03 3.924810e-04
241 1.004700e+00 6.050450e-03 4.987660e-01 8.347240e-03 5.063770e-01 9.804210e-03 5.323400e-01 1.725430e-03 9.612060e-02 5.340010e-04 9.568820e-02 5.986330e-04 2.264540e-03 4.512660e-04 2.868080e-03 5.778120e-04
242 9.981470e-01 5.278250e-03 5.094550e-01 9.368190e-03 5.055950e-01 9.079260e-03 5.465250e-01 1.741980e-03 1.021230e-01 6.176320e-04 1.011710e-01 5.618450e-04 2.384900e-03 3.747860e-04 3.321960e-03 4.946660e-04
243 1.002680e+00 5.755130e-03 4.865890e-01 9.551720e-03 5.061980e-01 9.843990e-03 5.617950e-01 1.747460e-03 1.090450e-01 5.923310e-04 1.081980e-01 5.537920e-04 4.222220e-03 6.498240e-04 3.135250e-03 4.724510e-04
244 9.934510e-01 5.965550e-03 5.200600e-01 8.916610e-03 4.986990e-01 1.000330e-02 5.843380e-01 1.832310e-03 1.174080e-01 5.799300e-04 1.163540e-01 5.546900e-04 4.431470e-03 5.994210e-04 4.428470e-03 6.434690e-04
245 9.954110e-01 5.526320e-03 4.863610e-01 9.744720e-03 4.983910e-01 9.936970e-03 6.095220e-01 1.941270e-03 1.300090e-01 5.741750e-04 1.291900e-01 6.090390e-04 5.244320e-03 7.208520e-04 5.666620e-03 8.646000e-04
246 1.004920e+00 5.569080e-03 4.912970e-01 9.515030e-03 4.925100e-01 9.621660e-03 6.419330e-01 1.759910e-03 1.436240e-01 5.912290e-04 1.427190e-01 5.135740e-04 6.155690e-03 7.310550e-04 7.126190e-03 9.411490e-04
247 9.967150e-01 6.040780e-03 5.107220e-01 9.780870e-03 5.037430e-01 9.608660e-03 6.831130e-01 1.717090e-03 1.699230e-01 6.150840e-04 1.682070e-01 6.100140e-04 7.733400e-03 8.273300e-04 1.111980e-02 1.127200e-03
248 1.006800e+00 5.949440e-03 5.023570e-01 9.300840e-03 4.951670e-01 9.756230e-03 7.485120e-01 1.722790e-03 2.002050e-01 6.232000e-04 1.993960e-01 5.986160e-04 1.288770e-02 1.087640e-03 1.291180e-02 1.065090e-03
249 1.001910e+00 5.534160e-03 4.878280e-01 9.136990e-03 5.018580e-01 9.354990e-03 8.492620e-01 1.441890e-03 3.149800e-01 6.305130e-04 3.155830e-01 7.097670e-04 3.209400e-02 1.928400e-03 3.327720e-02 2.097750e-03
