0 9.944420e-01 3.987170e-03 5.013720e-01 4.677010e-03 5.056530e-01 4.122910e-03 9.999820e-01 1.002210e-04 5.000700e-01 9.699050e-05 4.997900e-01 9.942270e-05 1.029360e-01 1.966120e-04 1.029360e-01 1.966120e-04
1 9.995940e-01 4.025630e-03 5.045500e-01 4.707820e-03 4.917470e-01 4.436720e-03 7.862430e-01 4.444950e-04 2.819980e-01 1.863330e-04 2.820040e-01 1.830370e-04 2.463860e-02 3.329100e-04 3.277470e-02 4.591960e-04
2 1.002640e+00 4.448820e-03 4.946480e-01 4.812210e-03 5.024870e-01 5.007660e-03 6.771700e-01 4.788640e-04 1.657060e-01 1.769910e-04 1.653790e-01 1.949430e-04 8.264480e-03 1.951240e-04 1.235720e-02 2.640620e-04
3 9.987810e-01 4.233740e-03 5.012680e-01 4.589040e-03 4.984590e-01 4.594410e-03 6.093950e-01 4.902360e-04 1.329020e-01 1.873860e-04 1.325760e-01 1.627770e-04 5.006460e-03 1.413010e-04 8.985750e-03 2.704070e-04
4 1.006600e+00 4.632450e-03 4.940510e-01 4.804580e-03 4.956910e-01 4.914280e-03 5.648470e-01 4.809430e-04 1.071750e-01 1.872980e-04 1.068840e-01 1.844370e-04 3.286800e-03 1.091660e-04 6.298740e-03 2.107400e-04
5 9.942940e-01 4.076240e-03 5.080430e-01 4.114500e-03 5.057970e-01 4.036700e-03 5.321720e-01 4.948880e-04 9.311230e-02 1.798820e-04 9.286890e-02 1.792230e-04 2.419450e-03 9.739790e-05 4.905140e-03 1.862660e-04
6 9.974580e-01 3.907250e-03 5.007120e-01 4.322620e-03 5.004650e-01 4.522560e-03 5.068780e-01 5.167590e-04 8.072410e-02 1.679770e-04 8.076970e-02 1.888570e-04 1.859190e-03 8.109420e-05 3.732770e-03 1.702190e-04
7 9.989040e-01 3.925200e-03 5.003630e-01 4.416030e-03 5.027150e-01 4.634610e-03 4.857920e-01 5.150410e-04 7.272110e-02 1.729040e-04 7.283630e-02 1.842090e-04 1.508240e-03 7.657340e-05 3.435860e-03 1.754750e-04
8 1.006480e+00 3.968570e-03 4.913100e-01 4.419860e-03 4.900120e-01 4.438970e-03 4.693220e-01 5.183490e-04 6.560420e-02 1.818960e-04 6.558200e-02 1.839330e-04 1.275990e-03 7.952670e-05 2.853570e-03 1.600500e-04
9 9.964770e-01 4.197640e-03 5.025480e-01 4.780100e-03 5.080010e-01 4.632360e-03 4.547000e-01 5.433420e-04 6.021600e-02 1.876570e-04 6.018080e-02 1.719830e-04 9.185690e-04 5.619340e-05 2.599470e-03 1.539980e-04
10 1.007490e+00 4.140920e-03 4.942350e-01 4.772100e-03 4.944020e-01 4.369730e-03 4.418010e-01 5.625520e-04 5.525080e-02 1.767840e-04 5.522590e-02 1.748350e-04 7.530660e-04 4.918150e-05 2.151090e-03 1.415840e-04
11 9.939990e-01 4.341290e-03 5.069470e-01 4.499790e-03 5.023780e-01 4.721340e-03 4.313080e-01 5.449850e-04 5.147020e-02 1.803410e-04 5.148260e-02 1.847980e-04 7.368070e-04 5.121760e-05 2.215640e-03 1.808290e-04
12 1.007350e+00 4.203700e-03 4.944740e-01 4.450170e-03 4.931850e-01 4.280980e-03 4.219630e-01 5.493200e-04 4.798470e-02 1.710920e-04 4.805270e-02 1.794090e-04 5.657470e-04 5.282900e-05 1.961760e-03 1.373410e-04
13 9.946580e-01 4.475330e-03 5.072500e-01 4.509870e-03 4.995450e-01 4.711100e-03 4.137860e-01 4.702920e-04 4.510720e-02 1.722250e-04 4.497920e-02 1.770520e-04 5.675810e-04 4.436870e-05 1.617200e-03 1.501930e-04
14 1.008070e+00 4.296290e-03 4.904510e-01 4.818050e-03 4.986140e-01 4.420700e-03 4.061430e-01 5.268360e-04 4.248860e-02 1.779930e-04 4.246690e-02 1.812620e-04 4.319710e-04 4.145220e-05 1.295110e-03 1.025340e-04
15 9.979520e-01 4.190490e-03 5.034210e-01 4.807030e-03 4.994000e-01 4.378750e-03 3.989000e-01 5.074110e-04 4.023660e-02 1.851370e-04 3.993540e-02 1.736390e-04 4.268700e-04 4.164880e-05 1.365290e-03 1.442790e-04
16 9.922770e-01 4.022230e-03 5.096560e-01 4.778840e-03 5.047510e-01 4.443210e-03 3.925380e-01 5.324860e-04 3.815630e-02 1.932670e-04 3.790260e-02 1.687230e-04 4.280060e-04 4.046350e-05 1.542560e-03 1.660010e-04
17 1.003930e+00 4.368080e-03 4.911620e-01 5.028550e-03 5.017200e-01 4.708760e-03 3.867700e-01 5.413800e-04 3.623630e-02 1.914180e-04 3.621340e-02 1.699420e-04 3.250290e-04 3.847490e-05 1.127520e-03 1.195710e-04
18 9.955010e-01 4.243950e-03 5.084670e-01 4.898080e-03 5.027100e-01 4.730570e-03 3.819060e-01 5.751400e-04 3.448110e-02 1.811050e-04 3.441110e-02 1.693590e-04 3.089990e-04 3.611290e-05 1.215230e-03 1.951810e-04
19 1.007700e+00 4.097590e-03 4.929010e-01 4.767890e-03 4.928860e-01 4.405510e-03 3.769220e-01 5.328950e-04 3.300120e-02 1.868490e-04 3.296030e-02 1.684660e-04 2.371330e-04 2.999650e-05 1.140830e-03 1.563490e-04
20 9.951960e-01 4.556000e-03 5.039380e-01 4.948900e-03 5.063890e-01 4.883110e-03 3.724090e-01 5.173650e-04 3.163440e-02 1.869450e-04 3.153240e-02 1.702740e-04 2.634660e-04 3.277380e-05 1.046590e-03 1.819470e-04
21 9.938730e-01 3.991250e-03 5.013160e-01 4.487150e-03 5.045810e-01 4.473370e-03 3.681390e-01 5.419920e-04 3.034270e-02 1.829340e-04 3.036490e-02 1.688570e-04 2.314290e-04 3.373460e-05 8.202190e-04 9.963920e-05
22 1.003730e+00 3.934420e-03 4.990690e-01 4.561650e-03 4.960830e-01 4.133850e-03 3.648010e-01 5.163860e-04 2.908230e-02 1.821080e-04 2.930020e-02 1.705270e-04 2.163730e-04 2.818510e-05 8.364540e-04 1.204390e-04
23 1.000650e+00 3.966590e-03 4.973480e-01 4.298230e-03 5.000810e-01 4.563310e-03 3.611140e-01 5.309270e-04 2.810290e-02 1.977240e-04 2.822910e-02 1.758760e-04 2.135670e-04 2.919650e-05 9.308010e-04 1.388810e-04
24 1.001780e+00 4.016750e-03 5.031430e-01 4.133350e-03 5.029550e-01 4.204840e-03 3.582460e-01 5.402680e-04 2.705270e-02 1.961220e-04 2.724800e-02 1.828790e-04 2.182500e-04 3.282320e-05 7.350780e-04 9.193500e-05
25 1.004310e+00 4.025370e-03 4.906190e-01 4.496840e-03 4.944560e-01 4.046850e-03 3.550880e-01 5.449740e-04 2.630580e-02 1.902240e-04 2.635420e-02 1.790080e-04 2.550870e-04 3.592510e-05 7.376670e-04 1.050970e-04
26 9.996830e-01 4.225750e-03 5.044570e-01 4.363860e-03 4.988820e-01 4.569320e-03 3.521480e-01 5.382620e-04 2.539930e-02 1.926670e-04 2.565130e-02 1.927240e-04 2.222300e-04 3.118990e-05 7.327500e-04 1.021430e-04
27 9.973930e-01 4.053440e-03 5.016060e-01 4.396230e-03 5.016180e-01 4.362970e-03 3.496540e-01 5.397930e-04 2.471410e-02 1.948680e-04 2.489000e-02 1.935950e-04 2.182140e-04 3.100630e-05 7.530280e-04 1.027640e-04
28 9.976060e-01 3.967290e-03 5.071550e-01 4.383660e-03 5.042040e-01 4.689250e-03 3.471290e-01 4.965450e-04 2.398650e-02 1.908860e-04 2.421500e-02 1.969880e-04 2.006780e-04 3.243850e-05 7.212090e-04 1.085700e-04
29 9.975540e-01 4.208120e-03 4.969630e-01 4.499740e-03 5.016260e-01 4.843830e-03 3.453840e-01 5.233860e-04 2.333440e-02 1.962880e-04 2.355000e-02 1.951610e-04 1.661180e-04 2.401730e-05 6.322070e-04 9.263290e-05
30 1.002700e+00 4.086500e-03 4.966740e-01 4.572190e-03 4.907340e-01 4.594360e-03 3.433760e-01 5.092460e-04 2.292350e-02 1.869930e-04 2.305560e-02 1.968770e-04 1.888280e-04 2.881670e-05 5.530740e-04 8.459510e-05
31 9.997190e-01 4.251560e-03 4.993950e-01 4.942540e-03 5.030210e-01 4.414950e-03 3.408250e-01 5.113380e-04 2.248830e-02 1.882380e-04 2.264940e-02 2.138610e-04 1.650320e-04 3.163260e-05 7.126080e-04 1.158760e-04
32 9.972770e-01 4.373200e-03 5.009750e-01 4.885370e-03 5.030360e-01 4.477140e-03 3.399310e-01 5.324780e-04 2.192970e-02 1.869090e-04 2.211240e-02 2.048550e-04 1.582500e-04 2.462070e-05 5.347330e-04 8.359040e-05
33 1.004830e+00 4.486920e-03 4.942100e-01 4.895540e-03 4.968780e-01 4.729480e-03 3.384430e-01 5.561710e-04 2.151270e-02 2.029230e-04 2.191500e-02 1.959730e-04 1.404850e-04 2.438580e-05 4.900890e-04 7.290470e-05
34 9.987840e-01 4.304640e-03 5.025690e-01 4.756690e-03 5.025510e-01 4.514100e-03 3.369010e-01 5.610050e-04 2.125810e-02 1.960940e-04 2.146370e-02 1.968490e-04 1.474950e-04 2.866450e-05 3.970050e-04 5.854260e-05
35 1.005050e+00 4.257600e-03 4.971180e-01 4.582790e-03 4.936130e-01 4.680480e-03 3.353070e-01 5.432620e-04 2.089250e-02 2.081670e-04 2.115940e-02 1.788890e-04 1.615700e-04 2.681500e-05 6.920980e-04 1.764990e-04
36 9.963170e-01 4.610780e-03 5.034530e-01 4.501390e-03 4.984010e-01 5.304970e-03 3.347550e-01 5.188200e-04 2.049600e-02 1.878430e-04 2.092890e-02 1.828660e-04 1.509630e-04 2.664380e-05 5.601110e-04 9.648310e-05
37 9.956620e-01 4.386800e-03 4.988170e-01 4.568560e-03 5.046780e-01 4.734540e-03 3.335790e-01 5.170290e-04 2.011600e-02 1.932650e-04 2.079400e-02 2.009640e-04 1.157510e-04 2.294900e-05 4.229790e-04 5.807100e-05
38 9.980930e-01 4.310130e-03 5.040610e-01 4.698700e-03 4.986850e-01 4.551320e-03 3.321560e-01 4.885280e-04 1.988100e-02 1.884370e-04 2.035180e-02 1.892100e-04 1.091350e-04 2.085520e-05 3.828530e-04 6.098950e-05
39 9.981590e-01 3.824890e-03 5.016060e-01 4.118610e-03 5.037520e-01 3.928200e-03 3.317150e-01 4.634630e-04 1.989780e-02 1.989340e-04 2.018600e-02 1.930180e-04 9.429830e-05 1.889470e-05 4.575870e-04 7.224420e-05
40 1.006030e+00 3.799400e-03 4.956590e-01 4.291790e-03 4.970740e-01 4.110930e-03 3.311480e-01 4.959010e-04 1.978650e-02 1.938060e-04 1.997700e-02 1.972640e-04 1.128870e-04 2.019410e-05 4.867060e-04 9.865620e-05
41 9.981530e-01 4.124700e-03 5.063730e-01 4.307870e-03 5.017380e-01 4.718920e-03 3.301200e-01 4.875670e-04 1.958130e-02 2.069640e-04 1.982290e-02 1.868450e-04 1.050280e-04 2.185710e-05 5.006430e-04 7.873610e-05
42 1.002260e+00 3.828430e-03 4.937260e-01 4.086620e-03 4.990240e-01 4.571290e-03 3.303720e-01 5.120000e-04 1.943180e-02 1.993470e-04 1.971510e-02 1.844180e-04 9.655310e-05 1.837670e-05 5.084640e-04 1.095020e-04
43 1.001010e+00 4.122190e-03 5.025110e-01 4.591130e-03 4.981660e-01 4.339120e-03 3.300080e-01 5.144940e-04 1.930900e-02 2.053310e-04 1.954770e-02 1.815980e-04 9.961280e-05 1.982740e-05 5.013740e-04 9.471550e-05
44 9.997680e-01 4.102240e-03 4.992640e-01 4.286060e-03 5.045400e-01 4.513040e-03 3.304490e-01 4.622510e-04 1.924700e-02 1.924190e-04 1.954410e-02 1.966740e-04 1.159140e-04 2.246080e-05 8.637690e-04 2.465610e-04
45 1.000730e+00 3.970970e-03 5.006080e-01 4.476430e-03 4.992390e-01 4.330690e-03 3.301430e-01 4.789080e-04 1.923660e-02 1.997460e-04 1.960150e-02 1.979300e-04 1.203300e-04 2.104390e-05 6.703210e-04 1.597010e-04
46 9.983050e-01 3.997560e-03 5.008550e-01 4.335120e-03 5.012350e-01 4.175800e-03 3.298060e-01 4.937840e-04 1.926550e-02 1.944360e-04 1.965640e-02 1.969570e-04 1.200680e-04 1.933570e-05 5.715830e-04 1.200810e-04
47 9.954060e-01 3.854140e-03 5.030820e-01 4.386920e-03 5.011260e-01 4.240950e-03 3.300820e-01 4.781700e-04 1.937870e-02 1.884090e-04 1.960600e-02 1.911780e-04 1.390230e-04 2.090710e-05 4.734260e-04 9.980020e-05
48 1.004500e+00 3.983700e-03 4.948430e-01 4.569750e-03 4.943680e-01 4.446930e-03 3.297110e-01 4.685830e-04 1.963950e-02 1.838020e-04 1.964710e-02 1.996010e-04 1.570000e-04 2.536660e-05 5.646930e-04 1.085710e-04
49 9.955040e-01 4.418030e-03 5.025430e-01 4.402130e-03 5.047570e-01 4.585720e-03 3.304100e-01 5.009110e-04 1.973240e-02 1.843810e-04 1.978970e-02 1.958700e-04 1.162840e-04 2.391380e-05 4.699680e-04 6.521450e-05
50 1.003530e+00 4.365050e-03 4.973260e-01 4.719030e-03 4.980620e-01 4.791330e-03 3.308210e-01 5.282210e-04 1.993900e-02 1.902730e-04 1.992950e-02 2.024360e-04 1.077390e-04 1.815760e-05 6.288800e-04 9.912650e-05
51 9.914670e-01 4.190330e-03 5.061880e-01 4.441490e-03 5.049890e-01 4.629160e-03 3.312400e-01 5.243940e-04 2.004470e-02 2.047690e-04 2.001670e-02 1.898540e-04 1.252410e-04 2.556680e-05 5.026750e-04 6.358740e-05
52 1.004750e+00 4.319120e-03 4.941890e-01 4.478330e-03 4.978130e-01 4.708660e-03 3.323200e-01 5.330950e-04 2.038020e-02 2.028160e-04 2.039130e-02 2.099520e-04 1.054860e-04 2.358330e-05 5.472160e-04 8.241490e-05
53 9.992190e-01 4.378290e-03 4.994460e-01 5.033990e-03 4.980270e-01 4.523460e-03 3.325490e-01 5.443650e-04 2.063550e-02 2.059960e-04 2.047890e-02 1.897540e-04 9.100190e-05 1.786760e-05 6.593280e-04 1.098460e-04
54 1.002350e+00 4.481660e-03 4.975770e-01 4.523530e-03 5.054480e-01 4.690410e-03 3.342660e-01 5.216680e-04 2.095050e-02 1.943210e-04 2.073880e-02 1.875910e-04 1.059790e-04 2.402680e-05 5.026720e-04 5.982270e-05
55 9.977040e-01 4.206630e-03 5.077270e-01 4.635870e-03 4.983180e-01 4.353140e-03 3.343590e-01 5.417490e-04 2.115000e-02 1.965240e-04 2.106680e-02 1.804160e-04 1.178870e-04 2.310580e-05 7.035250e-04 1.087020e-04
56 1.004040e+00 4.244400e-03 4.918490e-01 4.642550e-03 4.951030e-01 4.695610e-03 3.364490e-01 5.728360e-04 2.147520e-02 2.038650e-04 2.130830e-02 1.891610e-04 1.456560e-04 2.582240e-05 6.706880e-04 1.011810e-04
57 9.934290e-01 4.259050e-03 5.066320e-01 4.693740e-03 5.065370e-01 4.541430e-03 3.377840e-01 5.483140e-04 2.173820e-02 1.885310e-04 2.158830e-02 1.840490e-04 1.613030e-04 2.885090e-05 7.074810e-04 1.115420e-04
58 9.999750e-01 4.216790e-03 4.999560e-01 4.672600e-03 4.984320e-01 4.699500e-03 3.397510e-01 5.362030e-04 2.231790e-02 1.913100e-04 2.220950e-02 1.864800e-04 1.402650e-04 2.385330e-05 7.561100e-04 1.066000e-04
59 1.004420e+00 3.941750e-03 4.983550e-01 4.576290e-03 4.966630e-01 4.716770e-03 3.407960e-01 5.356960e-04 2.250330e-02 1.879890e-04 2.263160e-02 1.830420e-04 1.547990e-04 2.616090e-05 8.708040e-04 1.420810e-04
60 9.975520e-01 3.987430e-03 5.021500e-01 4.494460e-03 4.998970e-01 4.435550e-03 3.426820e-01 5.615500e-04 2.319140e-02 1.897670e-04 2.305900e-02 1.937550e-04 1.519500e-04 2.103620e-05 7.959320e-04 1.481900e-04
61 9.984250e-01 4.093820e-03 5.044530e-01 4.744580e-03 5.033280e-01 4.075340e-03 3.446160e-01 5.509840e-04 2.384230e-02 1.801030e-04 2.359940e-02 1.931810e-04 1.751670e-04 3.119340e-05 6.652620e-04 8.992470e-05
62 9.959760e-01 4.191300e-03 5.040270e-01 4.220410e-03 5.039500e-01 4.434600e-03 3.467420e-01 5.229140e-04 2.435170e-02 1.880820e-04 2.423370e-02 1.913590e-04 1.581570e-04 2.187110e-05 5.790840e-04 8.236760e-05
63 1.003140e+00 4.234970e-03 4.959770e-01 4.564870e-03 4.931530e-01 4.754680e-03 3.488970e-01 5.881260e-04 2.509180e-02 1.832330e-04 2.494840e-02 1.877570e-04 1.470000e-04 1.875930e-05 7.612840e-04 1.060090e-04
64 9.944960e-01 4.299510e-03 4.992470e-01 4.557720e-03 5.127570e-01 4.466870e-03 3.520340e-01 5.837110e-04 2.574850e-02 1.939730e-04 2.571480e-02 2.193390e-04 1.830500e-04 2.889810e-05 8.385530e-04 1.206370e-04
65 1.003750e+00 4.146540e-03 5.015200e-01 4.604480e-03 4.917640e-01 4.330970e-03 3.542840e-01 6.091660e-04 2.653210e-02 1.741270e-04 2.646200e-02 1.778270e-04 1.576590e-04 2.410770e-05 7.729540e-04 1.072780e-04
66 9.994660e-01 4.399410e-03 4.994490e-01 5.059070e-03 5.059760e-01 4.831620e-03 3.573110e-01 5.764410e-04 2.719470e-02 1.838100e-04 2.712820e-02 1.763150e-04 1.937370e-04 2.986130e-05 9.795110e-04 1.387940e-04
67 1.001040e+00 3.853290e-03 4.979180e-01 4.533890e-03 4.973940e-01 4.462360e-03 3.605360e-01 5.960850e-04 2.802460e-02 1.725210e-04 2.818160e-02 1.821960e-04 2.228380e-04 2.824630e-05 9.384190e-04 1.056500e-04
68 9.975520e-01 4.125110e-03 4.997270e-01 4.706730e-03 5.021730e-01 4.366630e-03 3.642130e-01 5.775720e-04 2.932160e-02 1.717720e-04 2.929590e-02 1.783840e-04 2.059750e-04 2.375880e-05 9.191190e-04 1.000740e-04
69 1.001880e+00 3.993680e-03 5.058770e-01 4.418390e-03 4.969410e-01 4.505060e-03 3.681520e-01 5.551900e-04 3.046290e-02 1.862710e-04 3.049570e-02 1.764090e-04 2.376830e-04 3.249280e-05 8.220720e-04 9.465180e-05
70 9.950950e-01 4.459700e-03 5.061120e-01 4.421000e-03 5.080690e-01 4.825820e-03 3.724770e-01 5.483990e-04 3.162120e-02 1.791760e-04 3.150980e-02 1.746760e-04 2.541590e-04 2.931680e-05 9.764060e-04 1.041890e-04
71 1.010820e+00 3.924640e-03 4.883170e-01 4.294120e-03 4.918230e-01 4.220310e-03 3.759150e-01 5.293370e-04 3.301230e-02 1.788140e-04 3.311930e-02 1.796480e-04 2.876880e-04 3.540330e-05 1.142190e-03 1.118770e-04
72 9.953670e-01 3.999630e-03 5.070180e-01 4.647480e-03 5.042350e-01 4.762600e-03 3.807860e-01 5.139030e-04 3.458210e-02 1.809910e-04 3.457850e-02 1.659460e-04 3.097570e-04 3.386010e-05 1.010940e-03 9.896900e-05
73 1.003260e+00 4.429660e-03 4.922850e-01 4.753200e-03 4.952250e-01 4.790540e-03 3.863070e-01 5.350740e-04 3.635650e-02 1.755350e-04 3.627560e-02 1.745850e-04 3.066250e-04 3.590180e-05 1.036200e-03 9.526640e-05
74 9.918680e-01 4.323840e-03 5.086720e-01 4.943580e-03 5.055280e-01 4.726170e-03 3.922760e-01 5.465570e-04 3.777350e-02 1.691640e-04 3.800450e-02 1.700580e-04 3.382070e-04 3.741030e-05 1.275710e-03 1.191820e-04
75 1.004900e+00 4.088110e-03 5.009450e-01 4.664760e-03 4.950630e-01 4.490190e-03 3.985270e-01 5.134440e-04 3.989610e-02 1.696280e-04 4.000550e-02 1.835010e-04 4.171020e-04 4.213080e-05 1.436740e-03 1.020830e-04
76 1.000910e+00 4.535900e-03 4.943520e-01 4.918700e-03 4.986270e-01 4.828580e-03 4.061540e-01 5.240970e-04 4.230880e-02 1.752260e-04 4.206900e-02 1.841280e-04 4.800560e-04 4.847510e-05 1.543270e-03 1.176400e-04
77 9.987690e-01 4.210870e-03 5.003710e-01 4.759800e-03 5.001750e-01 4.587080e-03 4.129630e-01 5.988510e-04 4.488870e-02 1.657010e-04 4.494970e-02 1.729190e-04 5.518530e-04 5.310240e-05 1.677450e-03 1.384310e-04
78 1.008510e+00 3.902050e-03 4.876290e-01 4.503340e-03 4.914830e-01 4.098520e-03 4.222110e-01 5.452760e-04 4.784840e-02 1.732710e-04 4.784140e-02 1.630310e-04 6.072720e-04 5.127810e-05 2.116450e-03 1.707450e-04
79 9.953350e-01 4.439000e-03 5.045400e-01 4.445640e-03 5.076100e-01 4.703880e-03 4.317730e-01 5.175440e-04 5.161890e-02 1.720260e-04 5.131980e-02 1.678340e-04 6.898490e-04 5.199010e-05 2.202310e-03 1.590440e-04
80 1.004760e+00 4.484760e-03 4.968910e-01 4.574540e-03 4.964670e-01 4.920590e-03 4.427510e-01 5.265460e-04 5.524580e-02 1.652860e-04 5.525510e-02 1.692720e-04 8.672720e-04 6.225510e-05 2.442170e-03 1.531190e-04
81 9.974130e-01 4.204420e-03 5.016000e-01 4.549910e-03 5.039260e-01 4.444580e-03 4.549830e-01 5.144900e-04 6.021040e-02 1.687500e-04 6.016230e-02 1.629440e-04 9.382810e-04 6.395910e-05 3.284500e-03 3.308580e-04
82 1.002730e+00 4.127130e-03 5.011480e-01 4.489860e-03 4.949050e-01 4.614600e-03 4.698120e-01 5.139090e-04 6.546330e-02 1.746250e-04 6.567240e-02 1.582970e-04 1.243440e-03 7.424690e-05 2.803600e-03 1.415330e-04
83 9.983740e-01 4.060410e-03 4.981290e-01 4.058010e-03 4.987710e-01 4.507560e-03 4.863600e-01 5.103800e-04 7.312510e-02 1.743680e-04 7.286100e-02 1.736250e-04 1.456810e-03 7.021190e-05 3.197710e-03 1.345510e-04
84 9.962630e-01 4.177030e-03 5.051520e-01 4.304390e-03 5.025530e-01 4.492790e-03 5.072560e-01 5.355240e-04 8.107320e-02 1.682570e-04 8.084560e-02 1.583320e-04 1.702530e-03 7.600500e-05 4.273770e-03 1.873010e-04
85 1.002820e+00 3.686540e-03 4.979800e-01 4.159240e-03 4.989590e-01 4.370820e-03 5.312350e-01 5.276540e-04 9.332380e-02 1.741980e-04 9.297350e-02 1.779250e-04 2.481120e-03 1.003140e-04 5.032830e-03 1.845470e-04
86 1.002770e+00 4.006890e-03 5.001750e-01 4.190620e-03 4.946320e-01 4.393130e-03 5.655650e-01 5.137600e-04 1.073150e-01 1.815870e-04 1.072950e-01 1.749120e-04 3.236100e-03 1.120650e-04 6.232260e-03 1.933730e-04
87 1.003960e+00 4.133440e-03 4.933090e-01 4.829600e-03 4.990930e-01 4.374400e-03 6.091100e-01 4.842180e-04 1.329090e-01 1.916250e-04 1.326290e-01 1.747530e-04 5.212900e-03 1.304670e-04 9.233430e-03 2.602540e-04
88 9.978890e-01 3.960730e-03 5.046390e-01 4.540450e-03 5.039770e-01 4.211480e-03 6.771360e-01 4.983690e-04 1.657580e-01 1.890180e-04 1.654880e-01 1.646090e-04 8.485030e-03 1.737820e-04 1.313870e-02 3.122830e-04
89 9.994080e-01 4.278100e-03 4.993650e-01 4.780310e-03 5.040410e-01 4.547410e-03 7.872680e-01 4.165420e-04 2.821090e-01 1.916050e-04 2.816930e-01 1.983120e-04 2.502770e-02 3.144080e-04 3.340840e-02 4.952630e-04
