0 9.994080e-01 3.024790e-03 5.014300e-01 2.771160e-03 5.006780e-01 3.257770e-03 9.998390e-01 4.499450e-05 5.000120e-01 4.288320e-05 5.000130e-01 3.979650e-05 1.089970e-01 6.936370e-05 1.089970e-01 6.936370e-05
1 9.997020e-01 2.770440e-03 5.000270e-01 2.913570e-03 5.006120e-01 3.045390e-03 7.089810e-01 1.612210e-04 2.678960e-01 8.452580e-05 2.679660e-01 7.869370e-05 2.309870e-02 1.151360e-04 3.387900e-02 1.872370e-04
2 9.986300e-01 2.801810e-03 5.022770e-01 2.912240e-03 4.996740e-01 3.022420e-03 5.770810e-01 1.785600e-04 1.475150e-01 7.385930e-05 1.474540e-01 7.028630e-05 6.581920e-03 5.227540e-05 1.171510e-02 1.114330e-04
3 1.003160e+00 2.729730e-03 4.964270e-01 2.841530e-03 4.981590e-01 2.949700e-03 5.000260e-01 1.757020e-04 1.133190e-01 7.067290e-05 1.135010e-01 6.807240e-05 3.713470e-03 4.339440e-05 8.560980e-03 1.331500e-04
4 9.971900e-01 2.575030e-03 5.033280e-01 2.785290e-03 5.029310e-01 2.692780e-03 4.522250e-01 1.881340e-04 8.701320e-02 7.160250e-05 8.703690e-02 7.173310e-05 2.117300e-03 3.503370e-05 5.590950e-03 8.986470e-05
5 1.001790e+00 2.929500e-03 4.963770e-01 3.164800e-03 4.969510e-01 2.958150e-03 4.159950e-01 1.911090e-04 7.271760e-02 7.298450e-05 7.270970e-02 7.672690e-05 1.505240e-03 2.743210e-05 4.722480e-03 1.311090e-04
6 9.968480e-01 3.041250e-03 5.055900e-01 3.291670e-03 5.023580e-01 3.053540e-03 3.897360e-01 1.808060e-04 6.050340e-02 7.420950e-05 6.044270e-02 7.092880e-05 1.038320e-03 2.135390e-05 3.537460e-03 1.023220e-04
7 1.002590e+00 2.813440e-03 4.968710e-01 3.097570e-03 4.989450e-01 2.794840e-03 3.675410e-01 1.766250e-04 5.247230e-02 7.223320e-05 5.247210e-02 7.115700e-05 7.369030e-04 2.152260e-05 3.212870e-03 1.112110e-04
8 9.962280e-01 2.803470e-03 5.037740e-01 2.963770e-03 5.031450e-01 2.943610e-03 3.506160e-01 1.931910e-04 4.539540e-02 7.635120e-05 4.535740e-02 7.153740e-05 5.172240e-04 1.561670e-05 2.586930e-03 1.013980e-04
9 1.003130e+00 2.937240e-03 4.964440e-01 3.194090e-03 4.975630e-01 3.086730e-03 3.353350e-01 1.786250e-04 4.022880e-02 7.371980e-05 4.019460e-02 7.157270e-05 4.250580e-04 1.597120e-05 2.232720e-03 1.013610e-04
10 1.000090e+00 2.733220e-03 5.012790e-01 2.879690e-03 5.000190e-01 2.923500e-03 3.228230e-01 1.667960e-04 3.553100e-02 7.150870e-05 3.545680e-02 6.934300e-05 3.345180e-04 1.274030e-05 1.926480e-03 9.879690e-05
11 9.988360e-01 2.572430e-03 4.997460e-01 2.636270e-03 5.003570e-01 2.835060e-03 3.116550e-01 1.619110e-04 3.185460e-02 6.744510e-05 3.186550e-02 6.516850e-05 2.818730e-04 1.250890e-05 1.884540e-03 1.392610e-04
12 9.981280e-01 2.828710e-03 5.017860e-01 3.047430e-03 5.025400e-01 2.998620e-03 3.023070e-01 1.851980e-04 2.854190e-02 7.389450e-05 2.852740e-02 7.324290e-05 2.243980e-04 1.249530e-05 1.492800e-03 7.837160e-05
13 1.004260e+00 2.807910e-03 4.959240e-01 2.816690e-03 4.957730e-01 2.937660e-03 2.937550e-01 1.885810e-04 2.587630e-02 7.046530e-05 2.597370e-02 6.581210e-05 1.740090e-04 1.109570e-05 1.345740e-03 7.441720e-05
14 1.000890e+00 2.700580e-03 4.983300e-01 2.697540e-03 4.992720e-01 2.857710e-03 2.865470e-01 1.894640e-04 2.351100e-02 7.238750e-05 2.349360e-02 6.586980e-05 1.486000e-04 1.088700e-05 1.242140e-03 8.687300e-05
15 9.976090e-01 2.752720e-03 5.041750e-01 2.794310e-03 5.028020e-01 2.890010e-03 2.795180e-01 1.970470e-04 2.154640e-02 7.649240e-05 2.161510e-02 6.762940e-05 1.239940e-04 9.027000e-06 1.327710e-03 1.651530e-04
16 1.001540e+00 2.913840e-03 4.985760e-01 3.021270e-03 4.993980e-01 2.902120e-03 2.736990e-01 2.039810e-04 1.975850e-02 7.306020e-05 1.971150e-02 6.885860e-05 9.651390e-05 7.480410e-06 1.141430e-03 9.849480e-05
17 9.967310e-01 2.853000e-03 5.027350e-01 3.007800e-03 5.019780e-01 2.801400e-03 2.682760e-01 1.912090e-04 1.824100e-02 7.377220e-05 1.814560e-02 6.997960e-05 9.283190e-05 8.113140e-06 1.333420e-03 2.167320e-04
18 1.001920e+00 2.874870e-03 4.995240e-01 3.037110e-03 4.967920e-01 3.055600e-03 2.634030e-01 1.986460e-04 1.692590e-02 7.210740e-05 1.676020e-02 6.135830e-05 8.310690e-05 7.271310e-06 1.346870e-03 4.282960e-04
19 9.964030e-01 2.783470e-03 5.032560e-01 2.865310e-03 5.042980e-01 3.102930e-03 2.588930e-01 1.900920e-04 1.569370e-02 6.927410e-05 1.560600e-02 6.536160e-05 6.142090e-05 5.741080e-06 1.421940e-03 4.829050e-04
20 1.001190e+00 2.628640e-03 4.998030e-01 2.772220e-03 4.983730e-01 2.697780e-03 2.552490e-01 1.879930e-04 1.462260e-02 7.621330e-05 1.452370e-02 6.552830e-05 5.825150e-05 6.054610e-06 1.135660e-03 1.935220e-04
21 9.984790e-01 2.934400e-03 5.001100e-01 3.102320e-03 5.010630e-01 2.872080e-03 2.515380e-01 1.988290e-04 1.371270e-02 7.335370e-05 1.364530e-02 6.769480e-05 4.799930e-05 5.227830e-06 1.230570e-03 2.888970e-04
22 1.002830e+00 2.955190e-03 4.949430e-01 2.935290e-03 4.978890e-01 2.925400e-03 2.484040e-01 2.014490e-04 1.290100e-02 7.341380e-05 1.274250e-02 6.660350e-05 4.106260e-05 4.315740e-06 9.640600e-04 1.839750e-04
23 9.991190e-01 2.960820e-03 5.018670e-01 3.044270e-03 5.024560e-01 3.153680e-03 2.450950e-01 1.980730e-04 1.216300e-02 7.199260e-05 1.207800e-02 6.760270e-05 4.956960e-05 5.962660e-06 1.180680e-03 3.545480e-04
24 1.004240e+00 2.701540e-03 4.977690e-01 2.642020e-03 4.933940e-01 2.897470e-03 2.426560e-01 1.815980e-04 1.148350e-02 7.342660e-05 1.148950e-02 7.602050e-05 4.265710e-05 5.388180e-06 8.068250e-04 1.248880e-04
25 9.954850e-01 2.779100e-03 5.029700e-01 2.718980e-03 5.053110e-01 2.788720e-03 2.403240e-01 2.011920e-04 1.092220e-02 7.513320e-05 1.093160e-02 7.082730e-05 3.246220e-05 4.056240e-06 7.463020e-04 1.544320e-04
26 1.002920e+00 2.647600e-03 4.979240e-01 2.822930e-03 4.957820e-01 2.821370e-03 2.381900e-01 1.985900e-04 1.042850e-02 7.532640e-05 1.040630e-02 7.580900e-05 2.945840e-05 3.798300e-06 7.531820e-04 9.961800e-05
27 1.001230e+00 2.519140e-03 4.996910e-01 2.829210e-03 4.992740e-01 2.665720e-03 2.364250e-01 1.893690e-04 1.002040e-02 7.022410e-05 9.992990e-03 7.310340e-05 3.148150e-05 4.598590e-06 9.325790e-04 2.682790e-04
28 1.000300e+00 2.564780e-03 4.968550e-01 2.724840e-03 5.000490e-01 2.697560e-03 2.350550e-01 1.963080e-04 9.657300e-03 7.318580e-05 9.628600e-03 7.611270e-05 3.363340e-05 5.246630e-06 7.035870e-04 1.122050e-04
29 9.979400e-01 2.807110e-03 5.015590e-01 2.908380e-03 5.022660e-01 2.950630e-03 2.335800e-01 1.980760e-04 9.309070e-03 7.201830e-05 9.318220e-03 7.588130e-05 2.405260e-05 3.460020e-06 7.211730e-04 1.901380e-04
30 1.002790e+00 2.807270e-03 4.976860e-01 3.129930e-03 4.971060e-01 2.769120e-03 2.326100e-01 1.987060e-04 9.056130e-03 6.761340e-05 9.018320e-03 6.647860e-05 2.080320e-05 3.280410e-06 5.768940e-04 8.597680e-05
31 9.994450e-01 2.831870e-03 5.000290e-01 3.087000e-03 5.010550e-01 2.840090e-03 2.317410e-01 1.934340e-04 8.869050e-03 7.129170e-05 8.822350e-03 6.968940e-05 2.244250e-05 3.326670e-06 8.713690e-04 3.297110e-04
32 1.000960e+00 2.756680e-03 4.989790e-01 2.854100e-03 4.996690e-01 2.850060e-03 2.311290e-01 1.980170e-04 8.716010e-03 6.722710e-05 8.647270e-03 6.579960e-05 2.117830e-05 3.060210e-06 6.521940e-04 1.167710e-04
33 9.989770e-01 2.429420e-03 5.011210e-01 2.564940e-03 5.007970e-01 2.695880e-03 2.304960e-01 1.925570e-04 8.642380e-03 6.865520e-05 8.579700e-03 6.594030e-05 2.199980e-05 3.789520e-06 9.243140e-04 4.141160e-04
34 9.986860e-01 2.740190e-03 5.015270e-01 2.856440e-03 4.998050e-01 2.827760e-03 2.303350e-01 1.813440e-04 8.500630e-03 6.966370e-05 8.514100e-03 6.909860e-05 2.377570e-05 3.844160e-06 4.666930e-04 9.150240e-05
35 1.000010e+00 2.813190e-03 5.003960e-01 3.026590e-03 5.001930e-01 2.868290e-03 2.301190e-01 1.938590e-04 8.509570e-03 6.686710e-05 8.482730e-03 6.821040e-05 2.482770e-05 4.622020e-06 6.337640e-04 1.236130e-04
36 9.988320e-01 2.824040e-03 5.024740e-01 3.003200e-03 5.025450e-01 2.906890e-03 2.301180e-01 1.876880e-04 8.470540e-03 6.554280e-05 8.496850e-03 6.775880e-05 3.019780e-05 5.150230e-06 6.030960e-04 1.384710e-04
37 1.001210e+00 2.525310e-03 4.986990e-01 2.750370e-03 4.974350e-01 2.741590e-03 2.302190e-01 1.822310e-04 8.574400e-03 6.472140e-05 8.581120e-03 7.096170e-05 2.802840e-05 3.852570e-06 9.526880e-04 2.814410e-04
38 9.974790e-01 2.740960e-03 5.003110e-01 2.866670e-03 5.018320e-01 2.704790e-03 2.307750e-01 1.763880e-04 8.655130e-03 6.613670e-05 8.693320e-03 7.309810e-05 3.352090e-05 5.045950e-06 9.814490e-04 3.192980e-04
39 1.000330e+00 2.653370e-03 4.997800e-01 2.925990e-03 5.005790e-01 2.719800e-03 2.313700e-01 1.940610e-04 8.859930e-03 6.487650e-05 8.839710e-03 7.468660e-05 2.443990e-05 4.039330e-06 5.718300e-04 1.198680e-04
40 1.000270e+00 2.467760e-03 4.984990e-01 2.541280e-03 4.987270e-01 2.629900e-03 2.325140e-01 1.958660e-04 9.047500e-03 6.565930e-05 9.051620e-03 7.167190e-05 2.959730e-05 4.893690e-06 7.234820e-04 1.575100e-04
41 1.000340e+00 2.806880e-03 5.018620e-01 2.923910e-03 5.003490e-01 2.945120e-03 2.335020e-01 1.936560e-04 9.304290e-03 6.791670e-05 9.326110e-03 6.897770e-05 2.787930e-05 4.022610e-06 6.307840e-04 1.131270e-04
42 9.992060e-01 2.737050e-03 4.995050e-01 2.892110e-03 4.995680e-01 2.838540e-03 2.351560e-01 1.791770e-04 9.600680e-03 6.681690e-05 9.621750e-03 7.152650e-05 2.838300e-05 4.007700e-06 4.574190e-04 4.555930e-05
43 1.000510e+00 2.637080e-03 5.003820e-01 2.907420e-03 5.021310e-01 2.721720e-03 2.367350e-01 2.006370e-04 9.994540e-03 6.964260e-05 9.988260e-03 7.107860e-05 3.106240e-05 4.688480e-06 4.735230e-04 5.249620e-05
44 1.000910e+00 2.886690e-03 4.995640e-01 3.037970e-03 4.985830e-01 2.748440e-03 2.386020e-01 2.002570e-04 1.036170e-02 6.566810e-05 1.039320e-02 6.949580e-05 3.372710e-05 4.174340e-06 5.122430e-04 5.809720e-05
45 9.976330e-01 3.095180e-03 5.017380e-01 3.232040e-03 5.027810e-01 3.128890e-03 2.405910e-01 2.102000e-04 1.086240e-02 6.979850e-05 1.091300e-02 7.075490e-05 3.280000e-05 3.832880e-06 1.047990e-03 3.498790e-04
46 1.002850e+00 2.750820e-03 4.989780e-01 3.016710e-03 4.950890e-01 2.935230e-03 2.430190e-01 2.027300e-04 1.139330e-02 7.116750e-05 1.141660e-02 7.309140e-05 3.745310e-05 4.444910e-06 7.386310e-04 9.996930e-05
47 9.969180e-01 2.486610e-03 5.013310e-01 2.766290e-03 5.044330e-01 2.613610e-03 2.454770e-01 2.091710e-04 1.211690e-02 6.440540e-05 1.210300e-02 7.358090e-05 4.361700e-05 5.451870e-06 1.111960e-03 2.518240e-04
48 9.992080e-01 2.593040e-03 5.015650e-01 2.777560e-03 5.009010e-01 2.703470e-03 2.487570e-01 2.107380e-04 1.277470e-02 6.790860e-05 1.283360e-02 7.690440e-05 4.456840e-05 4.496890e-06 8.365470e-04 1.351330e-04
49 9.978250e-01 2.743290e-03 5.017840e-01 2.869120e-03 5.018290e-01 2.915600e-03 2.513580e-01 1.878730e-04 1.360140e-02 6.758580e-05 1.369150e-02 7.587500e-05 6.107850e-05 5.803600e-06 9.023710e-04 1.135910e-04
50 1.001170e+00 2.795000e-03 4.986580e-01 2.847500e-03 4.974150e-01 2.913960e-03 2.553640e-01 1.846730e-04 1.449930e-02 6.753860e-05 1.460580e-02 7.490460e-05 6.543080e-05 6.866540e-06 7.955920e-04 1.028600e-04
51 9.977280e-01 2.882260e-03 5.019420e-01 2.873100e-03 5.018510e-01 2.853720e-03 2.590060e-01 1.873600e-04 1.558140e-02 6.741280e-05 1.572330e-02 7.733020e-05 6.205040e-05 5.739130e-06 9.165390e-04 1.460130e-04
52 1.001270e+00 2.885380e-03 5.001270e-01 2.850560e-03 4.996740e-01 3.007820e-03 2.635930e-01 1.936970e-04 1.675010e-02 6.842360e-05 1.687370e-02 7.350950e-05 6.850360e-05 6.376690e-06 1.127780e-03 1.699940e-04
53 1.000960e+00 2.896000e-03 4.971750e-01 3.001680e-03 5.005220e-01 3.021700e-03 2.680400e-01 1.823770e-04 1.819270e-02 7.296320e-05 1.824650e-02 7.529650e-05 7.558130e-05 5.896420e-06 1.196100e-03 2.497580e-04
54 9.999530e-01 2.824980e-03 5.007860e-01 2.779190e-03 4.982960e-01 2.994900e-03 2.736100e-01 1.866790e-04 1.974090e-02 6.648560e-05 1.975380e-02 7.459730e-05 9.248550e-05 6.700030e-06 1.216350e-03 1.496780e-04
55 9.991620e-01 2.608540e-03 5.014780e-01 2.805650e-03 5.013770e-01 2.722210e-03 2.794980e-01 1.946680e-04 2.153260e-02 6.585270e-05 2.155250e-02 6.899750e-05 1.128900e-04 8.499930e-06 1.321040e-03 1.149970e-04
56 1.001200e+00 2.494190e-03 4.979570e-01 2.571080e-03 4.991320e-01 2.560900e-03 2.863560e-01 1.850570e-04 2.352870e-02 6.605270e-05 2.352900e-02 7.065140e-05 1.336210e-04 8.960250e-06 1.648030e-03 2.151470e-04
57 9.993590e-01 2.536520e-03 5.007960e-01 2.404110e-03 5.000530e-01 2.713440e-03 2.937370e-01 1.802910e-04 2.588260e-02 6.786910e-05 2.586540e-02 6.909440e-05 1.636040e-04 9.739060e-06 1.583220e-03 1.271250e-04
58 9.997800e-01 2.662340e-03 4.994430e-01 2.501660e-03 5.012050e-01 2.822630e-03 3.023900e-01 2.001250e-04 2.852920e-02 7.149820e-05 2.853210e-02 7.478670e-05 2.201140e-04 1.211920e-05 1.821660e-03 1.308800e-04
59 1.001050e+00 2.432770e-03 4.999260e-01 2.473270e-03 4.980900e-01 2.691740e-03 3.116850e-01 1.850840e-04 3.189070e-02 6.505770e-05 3.185660e-02 7.081350e-05 2.545320e-04 1.275080e-05 1.954890e-03 1.209130e-04
60 1.001960e+00 2.622960e-03 4.983140e-01 2.726660e-03 4.975550e-01 2.852190e-03 3.228830e-01 1.755620e-04 3.543760e-02 6.958900e-05 3.536620e-02 6.966170e-05 3.438000e-04 1.343680e-05 2.067040e-03 1.012050e-04
61 9.977840e-01 2.722610e-03 5.017520e-01 2.998040e-03 5.034050e-01 2.884230e-03 3.349150e-01 1.656280e-04 4.014450e-02 6.616730e-05 4.013340e-02 7.073150e-05 4.188440e-04 1.459940e-05 2.343270e-03 1.374800e-04
62 1.001270e+00 2.590560e-03 4.983060e-01 2.915060e-03 4.986420e-01 2.736320e-03 3.505820e-01 1.994110e-04 4.534740e-02 7.329790e-05 4.531310e-02 7.081690e-05 5.696310e-04 1.633540e-05 2.612060e-03 9.982490e-05
63 9.995400e-01 2.747050e-03 4.985240e-01 2.911210e-03 5.001590e-01 2.747470e-03 3.676700e-01 1.852010e-04 5.253720e-02 6.894660e-05 5.240030e-02 6.701940e-05 7.461710e-04 1.829600e-05 3.068320e-03 1.173560e-04
64 1.000160e+00 2.926290e-03 5.010330e-01 3.060850e-03 5.002880e-01 2.864470e-03 3.894070e-01 1.775230e-04 6.062510e-02 6.994040e-05 6.046250e-02 7.267740e-05 9.923070e-04 2.313130e-05 3.626600e-03 9.134050e-05
65 1.002850e+00 3.058740e-03 4.979720e-01 3.141440e-03 4.972300e-01 3.097890e-03 4.156620e-01 1.803580e-04 7.288690e-02 7.036660e-05 7.269430e-02 6.533840e-05 1.476990e-03 2.681510e-05 4.495360e-03 8.241940e-05
66 1.001900e+00 2.993960e-03 4.997360e-01 3.237190e-03 4.982870e-01 3.130350e-03 4.518960e-01 1.983230e-04 8.705550e-02 7.175280e-05 8.699670e-02 6.918510e-05 2.194400e-03 3.234170e-05 5.693090e-03 9.598030e-05
67 1.000450e+00 2.736950e-03 5.004050e-01 2.954330e-03 4.979280e-01 2.818000e-03 4.998810e-01 1.837350e-04 1.133980e-01 7.356380e-05 1.134110e-01 7.411450e-05 3.719210e-03 3.928650e-05 8.592000e-03 1.081520e-04
68 9.966470e-01 2.509280e-03 5.013010e-01 2.785210e-03 5.048050e-01 2.618200e-03 5.769400e-01 1.955210e-04 1.474950e-01 6.523140e-05 1.473820e-01 7.963480e-05 6.618790e-03 5.295300e-05 1.171370e-02 1.037330e-04
69 1.002600e+00 2.786730e-03 4.967910e-01 2.753110e-03 4.985780e-01 2.858840e-03 7.088810e-01 1.735470e-04 2.679420e-01 7.673150e-05 2.679930e-01 8.796900e-05 2.308370e-02 1.148030e-04 3.384490e-02 1.936380e-04



