0 1.005470e+00 6.517460e-03 4.981250e-01 5.836020e-03 4.908030e-01 6.272590e-03 1.000120e+00 6.975160e-05 5.000130e-01 6.508640e-05 5.000600e-01 7.372490e-05 1.135510e-01 1.141310e-04 1.135510e-01 1.141310e-04
1 9.977950e-01 6.790030e-03 5.000480e-01 6.376800e-03 5.050240e-01 6.440530e-03 7.311870e-01 2.920940e-04 2.565490e-01 1.339190e-04 2.563910e-01 1.343630e-04 2.143280e-02 1.730850e-04 3.363440e-02 3.344060e-04
2 1.002040e+00 6.433450e-03 4.984650e-01 6.256420e-03 4.995610e-01 6.163790e-03 6.100920e-01 3.430050e-04 1.356930e-01 1.105420e-04 1.357360e-01 1.109200e-04 5.577390e-03 8.372480e-05 1.181720e-02 2.324450e-04
3 9.957480e-01 6.440510e-03 5.038260e-01 6.135040e-03 5.025430e-01 5.910200e-03 5.360320e-01 3.398200e-04 1.005930e-01 1.199530e-04 1.005980e-01 1.221370e-04 2.883180e-03 5.694020e-05 8.133420e-03 2.213440e-04
4 1.007430e+00 6.207470e-03 4.981670e-01 6.043850e-03 4.938060e-01 5.813710e-03 4.915860e-01 3.571320e-04 7.457570e-02 1.137990e-04 7.457960e-02 1.119820e-04 1.557070e-03 4.502650e-05 5.172640e-03 1.961960e-04
5 1.003090e+00 5.825020e-03 4.970450e-01 5.670130e-03 4.973110e-01 5.569730e-03 4.571760e-01 3.504830e-04 6.004830e-02 1.140170e-04 6.025030e-02 1.146860e-04 9.977240e-04 3.546240e-05 4.482490e-03 2.459780e-04
6 9.984270e-01 6.698200e-03 5.008630e-01 6.798510e-03 5.015150e-01 6.081640e-03 4.324690e-01 3.477780e-04 4.832070e-02 1.149670e-04 4.855110e-02 1.158820e-04 6.129550e-04 3.139020e-05 3.584330e-03 3.274090e-04
7 1.006950e+00 6.696930e-03 4.943320e-01 6.412060e-03 4.943680e-01 6.097480e-03 4.116770e-01 3.346320e-04 4.056490e-02 1.139130e-04 4.068160e-02 1.181080e-04 4.331310e-04 2.610660e-05 2.856140e-03 1.861100e-04
8 9.951560e-01 6.608370e-03 5.047920e-01 6.212030e-03 5.061570e-01 6.101510e-03 3.958710e-01 3.363970e-04 3.388500e-02 1.181130e-04 3.407400e-02 1.165480e-04 3.185010e-04 2.175570e-05 3.138400e-03 4.237050e-04
9 1.006100e+00 6.603340e-03 4.925230e-01 6.438080e-03 4.909960e-01 6.232740e-03 3.813580e-01 3.469480e-04 2.902930e-02 1.090170e-04 2.908750e-02 1.079020e-04 2.323560e-04 1.925080e-05 2.037190e-03 1.653120e-04
10 9.978650e-01 6.688290e-03 5.040620e-01 6.294720e-03 5.029740e-01 6.476750e-03 3.700130e-01 3.073110e-04 2.478970e-02 1.091480e-04 2.489940e-02 1.175640e-04 1.445950e-04 1.397620e-05 2.035160e-03 2.128740e-04
11 9.982950e-01 7.363720e-03 4.975990e-01 6.794610e-03 4.996570e-01 6.739230e-03 3.590050e-01 3.191320e-04 2.165490e-02 1.093440e-04 2.174060e-02 1.112770e-04 1.263650e-04 1.467420e-05 1.789280e-03 2.122980e-04
12 1.002900e+00 6.742580e-03 5.022760e-01 6.306650e-03 4.991660e-01 6.222970e-03 3.503730e-01 3.435140e-04 1.873520e-02 1.041770e-04 1.890680e-02 1.079940e-04 1.158930e-04 1.554660e-05 1.270680e-03 1.260320e-04
13 1.003350e+00 6.403030e-03 4.959750e-01 6.276890e-03 4.967160e-01 5.674480e-03 3.421450e-01 2.934700e-04 1.657690e-02 1.009780e-04 1.660290e-02 1.052930e-04 8.226690e-05 1.200460e-05 1.217930e-03 1.682900e-04
14 9.968470e-01 6.622040e-03 4.981580e-01 6.108960e-03 5.014570e-01 6.292130e-03 3.353580e-01 3.256420e-04 1.446740e-02 1.007470e-04 1.454060e-02 1.042120e-04 5.414970e-05 9.050420e-06 8.577890e-04 9.629290e-05
15 1.000420e+00 6.962640e-03 5.036420e-01 6.712170e-03 5.023560e-01 6.551360e-03 3.289550e-01 3.378400e-04 1.279920e-02 9.569220e-05 1.292600e-02 1.055180e-04 3.587620e-05 8.002120e-06 7.943530e-04 1.001700e-04
16 9.985800e-01 6.377300e-03 5.023480e-01 5.941380e-03 4.984250e-01 6.162840e-03 3.231370e-01 3.578620e-04 1.131960e-02 9.841690e-05 1.150660e-02 9.650560e-05 3.944850e-05 9.523990e-06 8.225040e-04 1.543870e-04
17 9.997930e-01 6.903850e-03 4.986940e-01 6.446470e-03 4.971670e-01 6.479020e-03 3.176420e-01 3.344130e-04 1.005820e-02 1.035740e-04 1.024470e-02 9.748430e-05 2.379610e-05 7.619540e-06 6.009860e-04 9.648720e-05
18 9.966730e-01 7.056240e-03 4.981610e-01 6.809820e-03 5.094090e-01 6.290260e-03 3.134410e-01 3.480270e-04 9.024670e-03 9.409350e-05 9.061270e-03 9.303400e-05 1.903230e-05 4.765190e-06 6.971000e-04 1.335110e-04
19 9.991330e-01 6.965580e-03 5.027590e-01 6.527870e-03 4.997220e-01 6.500320e-03 3.088490e-01 3.479410e-04 8.016990e-03 9.546640e-05 8.136700e-03 9.009460e-05 1.720950e-05 5.115110e-06 8.423270e-04 1.966160e-04
20 9.942040e-01 7.222180e-03 5.062830e-01 6.647120e-03 5.043030e-01 6.672030e-03 3.055610e-01 3.293840e-04 7.191430e-03 9.255510e-05 7.323790e-03 8.701550e-05 1.116000e-05 3.646250e-06 7.895170e-04 3.450020e-04
21 9.966340e-01 6.659340e-03 5.035330e-01 6.460660e-03 5.022440e-01 6.254870e-03 3.016470e-01 3.107000e-04 6.533100e-03 1.007900e-04 6.594970e-03 8.564170e-05 7.356210e-06 2.972450e-06 5.172640e-04 1.339650e-04
22 1.011010e+00 6.623050e-03 4.901020e-01 6.236130e-03 4.905510e-01 6.459200e-03 2.991120e-01 3.169260e-04 5.906970e-03 8.754830e-05 6.011790e-03 8.443920e-05 4.153100e-06 1.917470e-06 1.045480e-03 3.831770e-04
23 9.892500e-01 7.334350e-03 5.039670e-01 6.771220e-03 5.126190e-01 6.818680e-03 2.959660e-01 3.161080e-04 5.379020e-03 8.229970e-05 5.437690e-03 8.027690e-05 5.009610e-06 2.029940e-06 4.601030e-04 1.343320e-04
24 1.005340e+00 7.055780e-03 5.001200e-01 6.188390e-03 4.954090e-01 6.663290e-03 2.944270e-01 3.245070e-04 4.920680e-03 7.577210e-05 4.986900e-03 7.894080e-05 5.037190e-06 2.347480e-06 1.335550e-03 6.064950e-04
25 9.909340e-01 6.654870e-03 5.076250e-01 6.022720e-03 5.087510e-01 6.360900e-03 2.917950e-01 3.556090e-04 4.591750e-03 8.276330e-05 4.646360e-03 7.757010e-05 5.909180e-06 3.303530e-06 1.360620e-03 9.767390e-04
26 1.006140e+00 6.724600e-03 4.985060e-01 6.554600e-03 4.899570e-01 6.447000e-03 2.902310e-01 3.479340e-04 4.247810e-03 7.520150e-05 4.284470e-03 7.870340e-05 2.975760e-06 1.178250e-06 2.880200e-03 2.297190e-03
27 9.926820e-01 6.686200e-03 5.040410e-01 6.432870e-03 5.061620e-01 6.058140e-03 2.884400e-01 3.701530e-04 4.015190e-03 8.522540e-05 4.084030e-03 9.152110e-05 3.021630e-06 1.557220e-06 1.026710e-03 4.701420e-04
28 1.006650e+00 6.899630e-03 4.929200e-01 6.479520e-03 4.944750e-01 6.263610e-03 2.872950e-01 3.635960e-04 3.738600e-03 8.334230e-05 3.747360e-03 7.723580e-05 1.151000e-05 5.376150e-06 7.261320e-04 2.752380e-04
29 9.985230e-01 6.535900e-03 5.026860e-01 6.059470e-03 5.005160e-01 6.293610e-03 2.856890e-01 3.698120e-04 3.528590e-03 9.126970e-05 3.524650e-03 7.810830e-05 6.279910e-06 2.929420e-06 1.560430e-03 9.173060e-04
30 9.986640e-01 6.303130e-03 5.005600e-01 6.094230e-03 5.019920e-01 5.702300e-03 2.848170e-01 3.376620e-04 3.375020e-03 8.937820e-05 3.386070e-03 7.857570e-05 5.495820e-06 2.813020e-06 5.108850e-04 1.857160e-04
31 9.904540e-01 7.132320e-03 5.062250e-01 6.824120e-03 5.117790e-01 6.356390e-03 2.838240e-01 3.555030e-04 3.220010e-03 8.025860e-05 3.244880e-03 7.961250e-05 1.003860e-05 5.317400e-06 4.814320e-04 1.814950e-04
32 1.005610e+00 7.199830e-03 4.911150e-01 6.449470e-03 4.956080e-01 6.720700e-03 2.829230e-01 3.300810e-04 3.194540e-03 9.037420e-05 3.053690e-03 7.194310e-05 3.518320e-06 2.532100e-06 3.940530e-04 1.725920e-04
33 9.980110e-01 6.948660e-03 5.061860e-01 6.488880e-03 5.018360e-01 6.617930e-03 2.824020e-01 3.212700e-04 3.057110e-03 8.389070e-05 3.001950e-03 7.808860e-05 7.297130e-06 3.998190e-06 2.199920e-04 7.773990e-05
34 1.006600e+00 6.891420e-03 4.933270e-01 6.302230e-03 4.923260e-01 6.627900e-03 2.824620e-01 3.136340e-04 3.066710e-03 8.923720e-05 2.959440e-03 7.320800e-05 4.386700e-06 2.336450e-06 1.666680e-04 5.882240e-05
35 9.952890e-01 6.226790e-03 5.087760e-01 5.865230e-03 5.012000e-01 5.876080e-03 2.819920e-01 3.360480e-04 3.012260e-03 8.226830e-05 2.904880e-03 7.809300e-05 2.375240e-06 1.236600e-06 8.664620e-05 2.053390e-05
36 1.007450e+00 6.480830e-03 4.918090e-01 6.163650e-03 4.940980e-01 5.873390e-03 2.823230e-01 3.181050e-04 3.068180e-03 8.543050e-05 2.939610e-03 7.682600e-05 5.891820e-06 3.755490e-06 1.997900e-04 5.957320e-05
37 9.920700e-01 6.750340e-03 5.058080e-01 6.347810e-03 5.055580e-01 6.019560e-03 2.824190e-01 3.516890e-04 3.010110e-03 7.982750e-05 3.009860e-03 8.765990e-05 2.358480e-06 1.552170e-06 1.525720e-04 5.749670e-05
38 9.997060e-01 6.718640e-03 5.000850e-01 6.435290e-03 5.007230e-01 6.173400e-03 2.830870e-01 3.362860e-04 3.040920e-03 7.217020e-05 3.066150e-03 8.561060e-05 6.837370e-06 4.090230e-06 2.388420e-04 7.981010e-05
39 9.995350e-01 7.005710e-03 5.024000e-01 6.325700e-03 4.994390e-01 6.379670e-03 2.833110e-01 3.331800e-04 3.235030e-03 7.940650e-05 3.170850e-03 8.110880e-05 2.171850e-07 2.172560e-07 2.018990e-04 8.580450e-05
40 1.009560e+00 6.892700e-03 4.896260e-01 6.488900e-03 4.935900e-01 6.227570e-03 2.847750e-01 3.366110e-04 3.319950e-03 7.676570e-05 3.368940e-03 9.501880e-05 2.904840e-06 1.955600e-06 3.037730e-04 1.889080e-04
41 9.925180e-01 7.120790e-03 5.064420e-01 6.682760e-03 5.045180e-01 6.685490e-03 2.855720e-01 3.272180e-04 3.541160e-03 7.801400e-05 3.482250e-03 8.534160e-05 2.458070e-07 1.778600e-07 5.592080e-04 2.576510e-04
42 1.011780e+00 7.136000e-03 4.863620e-01 6.707080e-03 4.907420e-01 6.579510e-03 2.869310e-01 2.986090e-04 3.766660e-03 8.817490e-05 3.637360e-03 8.050060e-05 7.310460e-06 3.666970e-06 5.573150e-04 2.736500e-04
43 9.883380e-01 7.186320e-03 5.150190e-01 6.794560e-03 5.085100e-01 6.315560e-03 2.881740e-01 3.268340e-04 4.036370e-03 9.450010e-05 3.853170e-03 8.115800e-05 7.330660e-06 3.261880e-06 9.497210e-04 4.711700e-04
44 1.005020e+00 7.264190e-03 4.923300e-01 6.806900e-03 4.989990e-01 6.917590e-03 2.903070e-01 3.238890e-04 4.286360e-03 8.261550e-05 4.196900e-03 8.063920e-05 1.282280e-05 5.650980e-06 7.427900e-04 3.649290e-04
45 9.968720e-01 6.818370e-03 5.049030e-01 6.391410e-03 4.995580e-01 6.669470e-03 2.917640e-01 3.115260e-04 4.632970e-03 8.397630e-05 4.533530e-03 8.982670e-05 8.329400e-06 3.053360e-06 5.658090e-04 2.208200e-04
46 1.006060e+00 6.612100e-03 4.916310e-01 6.292080e-03 4.969010e-01 6.306750e-03 2.938820e-01 3.312870e-04 5.012380e-03 9.090530e-05 4.891520e-03 8.374070e-05 1.320870e-05 5.628420e-06 7.974480e-04 5.251520e-04
47 9.972760e-01 6.827160e-03 5.043110e-01 6.496540e-03 4.992920e-01 6.286980e-03 2.963170e-01 3.325450e-04 5.456230e-03 9.028340e-05 5.358450e-03 8.560560e-05 2.086080e-05 1.071250e-05 1.281960e-03 9.054780e-04
48 1.000940e+00 6.923030e-03 4.978990e-01 6.337230e-03 5.034790e-01 6.527450e-03 2.992630e-01 3.414680e-04 5.958970e-03 8.605460e-05 5.935610e-03 9.093290e-05 1.796060e-05 6.886140e-06 6.450490e-04 3.068250e-04
49 9.955640e-01 6.990340e-03 5.067310e-01 6.527430e-03 5.011430e-01 6.749770e-03 3.018590e-01 3.583810e-04 6.637570e-03 9.162580e-05 6.590290e-03 9.507690e-05 1.807010e-05 7.603360e-06 5.483000e-04 2.147590e-04
50 1.005180e+00 6.917740e-03 4.916950e-01 6.645340e-03 4.946260e-01 6.421030e-03 3.050890e-01 3.545220e-04 7.293550e-03 1.032640e-04 7.323400e-03 9.632880e-05 1.645840e-05 5.875400e-06 5.878330e-04 1.556760e-04
51 9.946670e-01 7.330180e-03 5.043120e-01 6.793350e-03 5.041540e-01 6.730590e-03 3.087960e-01 3.543250e-04 8.036390e-03 8.779720e-05 8.024920e-03 9.273520e-05 2.374420e-05 7.330030e-06 9.608730e-04 3.009330e-04
52 1.004290e+00 7.838870e-03 4.939140e-01 7.262190e-03 4.995900e-01 7.272370e-03 3.133070e-01 3.552130e-04 8.951560e-03 9.166570e-05 8.997290e-03 1.005910e-04 1.657010e-05 4.488300e-06 8.648040e-04 2.137060e-04
53 9.958230e-01 7.196370e-03 5.062980e-01 6.732290e-03 5.005520e-01 6.563280e-03 3.176080e-01 3.689490e-04 1.003020e-02 9.570130e-05 1.004780e-02 1.006210e-04 2.593780e-05 6.220460e-06 8.234600e-04 2.662830e-04
54 1.010340e+00 6.378510e-03 4.912250e-01 6.012680e-03 4.914290e-01 6.239260e-03 3.228900e-01 3.476790e-04 1.125840e-02 9.531740e-05 1.127090e-02 9.311770e-05 2.813170e-05 5.689380e-06 9.625300e-04 2.407970e-04
55 9.919020e-01 6.794180e-03 5.071820e-01 6.291330e-03 5.072330e-01 6.305210e-03 3.285450e-01 3.213590e-04 1.268180e-02 9.980470e-05 1.270730e-02 9.379900e-05 4.345920e-05 7.915720e-06 1.086480e-03 2.777010e-04
56 1.006380e+00 6.992210e-03 4.927420e-01 6.199530e-03 4.933580e-01 6.464390e-03 3.353700e-01 3.169760e-04 1.433540e-02 1.003820e-04 1.426440e-02 9.375490e-05 4.552040e-05 7.539450e-06 1.137650e-03 1.962440e-04
57 9.931780e-01 6.675830e-03 5.056060e-01 6.456640e-03 5.076320e-01 6.231840e-03 3.418410e-01 3.368470e-04 1.632390e-02 1.088990e-04 1.643670e-02 1.000840e-04 5.550670e-05 8.066320e-06 1.420340e-03 3.535940e-04
58 1.006080e+00 6.936140e-03 4.966110e-01 6.617550e-03 4.951180e-01 6.098410e-03 3.505200e-01 3.305460e-04 1.867910e-02 1.045650e-04 1.871180e-02 9.885490e-05 8.553930e-05 1.215030e-05 1.446900e-03 2.189510e-04
59 9.998380e-01 6.643840e-03 5.022750e-01 6.193410e-03 4.984090e-01 6.000890e-03 3.590140e-01 3.263110e-04 2.152170e-02 1.090640e-04 2.153550e-02 9.725750e-05 1.171640e-04 1.340380e-05 2.122750e-03 3.412240e-04
60 9.995540e-01 6.693840e-03 4.987210e-01 6.012000e-03 5.018090e-01 6.396670e-03 3.694060e-01 3.219880e-04 2.470010e-02 1.077630e-04 2.479070e-02 1.046640e-04 1.389310e-04 1.248180e-05 1.687890e-03 1.664120e-04
61 9.955650e-01 6.227430e-03 5.032080e-01 5.925070e-03 4.978900e-01 6.061420e-03 3.804780e-01 3.155590e-04 2.885790e-02 1.129150e-04 2.905580e-02 1.074140e-04 1.978950e-04 1.785000e-05 2.196420e-03 2.382560e-04
62 1.000070e+00 5.990250e-03 5.007080e-01 5.614630e-03 5.057630e-01 5.821030e-03 3.954160e-01 3.080200e-04 3.359610e-02 1.121360e-04 3.386160e-02 1.024970e-04 2.784850e-04 1.919260e-05 2.140430e-03 1.583860e-04
63 9.958490e-01 6.524170e-03 5.028360e-01 5.934560e-03 5.037430e-01 6.166320e-03 4.112130e-01 3.249330e-04 4.046880e-02 1.121720e-04 4.064100e-02 1.075210e-04 3.987780e-04 2.423360e-05 3.039010e-03 2.744210e-04
64 1.011080e+00 6.269180e-03 4.882980e-01 6.235470e-03 4.911320e-01 5.913670e-03 4.323890e-01 3.306100e-04 4.816730e-02 1.213150e-04 4.838150e-02 1.049700e-04 6.367050e-04 3.011330e-05 3.016960e-03 1.721360e-04
65 9.927930e-01 7.037910e-03 5.075630e-01 6.669440e-03 5.052180e-01 6.507250e-03 4.566790e-01 3.179070e-04 5.985660e-02 1.166730e-04 6.014600e-02 1.176760e-04 9.939440e-04 3.508610e-05 4.212560e-03 2.209410e-04
66 9.948140e-01 6.753490e-03 5.053580e-01 6.295020e-03 5.062640e-01 6.352260e-03 4.914650e-01 3.228290e-04 7.433230e-02 1.200670e-04 7.439350e-02 1.135410e-04 1.577700e-03 4.649950e-05 5.236580e-03 2.553140e-04
67 9.998840e-01 6.475000e-03 5.001710e-01 5.833070e-03 5.013000e-01 6.242390e-03 5.355940e-01 3.294590e-04 1.004730e-01 1.185290e-04 1.004640e-01 1.276050e-04 2.936760e-03 6.200530e-05 7.891280e-03 1.996180e-04
68 9.991370e-01 6.486250e-03 4.976640e-01 6.111570e-03 5.028220e-01 6.198010e-03 6.097700e-01 3.361400e-04 1.356010e-01 1.175920e-04 1.358080e-01 1.125530e-04 5.564960e-03 8.678550e-05 1.115590e-02 2.212630e-04
69 1.002840e+00 6.503540e-03 5.004240e-01 5.788150e-03 4.965470e-01 6.453860e-03 7.308550e-01 2.970110e-04 2.564560e-01 1.292880e-04 2.564910e-01 1.353030e-04 2.151390e-02 1.787690e-04 3.386640e-02 3.579770e-04
