0 1.120320e+00 2.483050e-02 3.953570e-01 2.374180e-02 3.991920e-01 2.328740e-02 1.000110e+00 1.855860e-04 4.999430e-01 1.782200e-04 5.001920e-01 1.774330e-04 1.185780e-01 4.280090e-04 1.185780e-01 4.280090e-04
1 9.250010e-01 2.674520e-02 5.682870e-01 2.483460e-02 5.617190e-01 2.479920e-02 7.434970e-01 7.523920e-04 2.436760e-01 3.188400e-04 2.445040e-01 3.442830e-04 2.016860e-02 6.356690e-04 3.188530e-02 1.310400e-03
2 1.079540e+00 2.648930e-02 4.493700e-01 2.485120e-02 4.145450e-01 2.533760e-02 6.294170e-01 8.086770e-04 1.229170e-01 2.678960e-04 1.233000e-01 2.846350e-04 4.582570e-03 2.850770e-04 1.082260e-02 1.190690e-03
3 9.557710e-01 2.761030e-02 5.248650e-01 2.528950e-02 5.458590e-01 2.650510e-02 5.563810e-01 8.745780e-04 8.716460e-02 2.720810e-04 8.773900e-02 2.855610e-04 2.573030e-03 2.125330e-04 7.938240e-03 7.306410e-04
4 1.064000e+00 2.660490e-02 4.318900e-01 2.457300e-02 4.547830e-01 2.523510e-02 5.128530e-01 8.993800e-04 6.214290e-02 2.565190e-04 6.239010e-02 2.578620e-04 1.201610e-03 1.328710e-04 4.692920e-03 7.178590e-04
5 9.292740e-01 2.710480e-02 5.821700e-01 2.538750e-02 5.654930e-01 2.524910e-02 4.774410e-01 8.626640e-04 4.778240e-02 2.483760e-04 4.823680e-02 2.452620e-04 9.339590e-04 1.639650e-04 3.148100e-03 4.391010e-04
6 1.052800e+00 2.684560e-02 4.583330e-01 2.341030e-02 4.566390e-01 2.675760e-02 4.528330e-01 8.990200e-04 3.719850e-02 2.207820e-04 3.727130e-02 2.320350e-04 3.872140e-04 8.779730e-05 1.894300e-03 2.595750e-04
7 9.253780e-01 2.832720e-02 5.595190e-01 2.520240e-02 5.584550e-01 2.711110e-02 4.295410e-01 9.027150e-04 2.991900e-02 2.005550e-04 2.992470e-02 2.285830e-04 2.005500e-04 5.508480e-05 2.007440e-03 5.599130e-04
8 1.114460e+00 2.774530e-02 4.293620e-01 2.649320e-02 3.947000e-01 2.528700e-02 4.147870e-01 9.147490e-04 2.391440e-02 1.955170e-04 2.392520e-02 2.088340e-04 1.756600e-04 6.057450e-05 7.088450e-03 5.855810e-03
9 9.355830e-01 2.796230e-02 5.429150e-01 2.530550e-02 5.668690e-01 2.502540e-02 3.990900e-01 8.447760e-04 1.983130e-02 1.960820e-04 1.957990e-02 1.901200e-04 8.054350e-05 3.964290e-05 1.056470e-03 3.072910e-04
10 1.056760e+00 2.765450e-02 4.554680e-01 2.398300e-02 4.562440e-01 2.526420e-02 3.870360e-01 8.918300e-04 1.641320e-02 1.878270e-04 1.632600e-02 1.882340e-04 3.892740e-05 2.492010e-05 6.525750e-04 2.432940e-04
11 9.655850e-01 2.825330e-02 5.319090e-01 2.591340e-02 5.359910e-01 2.590200e-02 3.763610e-01 8.512110e-04 1.354300e-02 1.700960e-04 1.316100e-02 1.810740e-04 2.475860e-05 1.976990e-05 1.202140e-03 5.416530e-04
12 1.062680e+00 2.847920e-02 4.287310e-01 2.608400e-02 4.764570e-01 2.622260e-02 3.669760e-01 9.345820e-04 1.124410e-02 1.772050e-04 1.093300e-02 1.695160e-04 1.750700e-07 1.750700e-07 6.381560e-04 2.819180e-04
13 8.923870e-01 2.842010e-02 6.096210e-01 2.529160e-02 5.692690e-01 2.517650e-02 3.577610e-01 9.099330e-04 9.234420e-03 1.634210e-04 9.233800e-03 1.680630e-04 3.333130e-06 2.499520e-06 3.760430e-04 1.661350e-04
14 1.157420e+00 2.695050e-02 3.554850e-01 2.473990e-02 3.695380e-01 2.381520e-02 3.503980e-01 8.959210e-04 7.829480e-03 1.608010e-04 7.739180e-03 1.818280e-04 1.228460e-06 9.425810e-07 8.611100e-05 3.961370e-05
15 8.938900e-01 2.818790e-02 5.953490e-01 2.568820e-02 5.877180e-01 2.535610e-02 3.423290e-01 8.857760e-04 6.705440e-03 1.521550e-04 6.425580e-03 1.548740e-04 2.771890e-05 2.771890e-05 2.386100e-04 1.303900e-04
16 1.066090e+00 2.848220e-02 4.424710e-01 2.632910e-02 4.421860e-01 2.580380e-02 3.364350e-01 9.112420e-04 5.816190e-03 1.518350e-04 5.472010e-03 1.377700e-04 9.803920e-06 9.803920e-06 2.380300e-04 1.752330e-04
17 9.575800e-01 2.626820e-02 5.351110e-01 2.598130e-02 5.507010e-01 2.447180e-02 3.290370e-01 9.159480e-04 4.833820e-03 1.315690e-04 4.654630e-03 1.464800e-04 0.000000e+00 0.000000e+00 9.008840e-05 6.033670e-05
18 1.113580e+00 2.503500e-02 4.298770e-01 2.455390e-02 3.837990e-01 2.367180e-02 3.243710e-01 9.293520e-04 4.147110e-03 1.305880e-04 4.141890e-03 1.288290e-04 2.275910e-06 2.275910e-06 3.800710e-05 2.574200e-05
19 8.744070e-01 2.863450e-02 5.892240e-01 2.515650e-02 6.284210e-01 2.542950e-02 3.185920e-01 9.236070e-04 3.474200e-03 1.142310e-04 3.621450e-03 1.609460e-04 0.000000e+00 0.000000e+00 7.763500e-05 5.456250e-05
20 1.091740e+00 2.698190e-02 4.248380e-01 2.555190e-02 4.088770e-01 2.426970e-02 3.137630e-01 8.354380e-04 2.866100e-03 1.003090e-04 3.081450e-03 1.156550e-04 0.000000e+00 0.000000e+00 5.538440e-05 4.031590e-05
21 9.649960e-01 2.566740e-02 5.304530e-01 2.553020e-02 5.395480e-01 2.448580e-02 3.096520e-01 8.986460e-04 2.450220e-03 1.006150e-04 2.687520e-03 1.240440e-04 0.000000e+00 0.000000e+00 3.524920e-04 2.907630e-04
22 1.102460e+00 2.532300e-02 4.129910e-01 2.514590e-02 4.295210e-01 2.377540e-02 3.056400e-01 9.125770e-04 2.168260e-03 9.013230e-05 2.227000e-03 1.072180e-04 0.000000e+00 0.000000e+00 4.752560e-04 4.176510e-04
23 9.156370e-01 2.739300e-02 5.740970e-01 2.465370e-02 5.598570e-01 2.525700e-02 3.012960e-01 8.950030e-04 1.872660e-03 8.670970e-05 1.812430e-03 9.545590e-05 0.000000e+00 0.000000e+00 1.802240e-03 1.767380e-03
24 1.088490e+00 2.652200e-02 4.310480e-01 2.477880e-02 4.358800e-01 2.438010e-02 2.979880e-01 9.207520e-04 1.643580e-03 1.042800e-04 1.621170e-03 1.015630e-04 0.000000e+00 0.000000e+00 1.239700e-03 1.212960e-03
25 9.374790e-01 2.681350e-02 5.494460e-01 2.585080e-02 5.640070e-01 2.417100e-02 2.945330e-01 8.863560e-04 1.382550e-03 8.892430e-05 1.424190e-03 9.093220e-05 0.000000e+00 0.000000e+00 1.099520e-03 9.994660e-04
26 1.131570e+00 2.690360e-02 4.021640e-01 2.479810e-02 3.674380e-01 2.538100e-02 2.902900e-01 8.352040e-04 1.298640e-03 1.080920e-04 1.172940e-03 8.116690e-05 0.000000e+00 0.000000e+00 3.207850e-03 3.195250e-03
27 8.460440e-01 2.535560e-02 6.333960e-01 2.243470e-02 6.448270e-01 2.340080e-02 2.874050e-01 8.665150e-04 1.025550e-03 7.545310e-05 1.107580e-03 7.736390e-05 0.000000e+00 0.000000e+00 5.100780e-04 4.735400e-04
28 1.139530e+00 2.329110e-02 3.646330e-01 2.225580e-02 3.940020e-01 2.204060e-02 2.849640e-01 8.421280e-04 8.446830e-04 6.478720e-05 9.417850e-04 8.535450e-05 0.000000e+00 0.000000e+00 4.780450e-05 4.780450e-05
29 8.481410e-01 2.381560e-02 6.407730e-01 2.217970e-02 6.162930e-01 2.303740e-02 2.817500e-01 8.292120e-04 7.147470e-04 5.453910e-05 8.264460e-04 6.677800e-05 0.000000e+00 0.000000e+00 5.259470e-07 5.259470e-07
30 1.106940e+00 2.579690e-02 4.062380e-01 2.451830e-02 4.063870e-01 2.474480e-02 2.798370e-01 8.649230e-04 6.826390e-04 5.929510e-05 6.794040e-04 5.082630e-05 0.000000e+00 0.000000e+00 5.364730e-05 5.364730e-05
31 9.349900e-01 2.698390e-02 5.677670e-01 2.509750e-02 5.567260e-01 2.477210e-02 2.772540e-01 8.841730e-04 5.752670e-04 5.339250e-05 6.332110e-04 5.586280e-05 0.000000e+00 0.000000e+00 4.711400e-04 4.711400e-04
32 1.027950e+00 2.617160e-02 4.790080e-01 2.443810e-02 4.422120e-01 2.455820e-02 2.744680e-01 8.404630e-04 4.659640e-04 5.124580e-05 4.835180e-04 5.087970e-05 0.000000e+00 0.000000e+00 7.102280e-05 6.686900e-05
33 8.989590e-01 2.612990e-02 5.627220e-01 2.395870e-02 5.820540e-01 2.387990e-02 2.718530e-01 8.552970e-04 4.197360e-04 4.891450e-05 4.468170e-04 4.704310e-05 0.000000e+00 0.000000e+00 3.191710e-05 2.495970e-05
34 1.081690e+00 2.699850e-02 4.420050e-01 2.473930e-02 4.248340e-01 2.512120e-02 2.689100e-01 8.628050e-04 3.183360e-04 3.918940e-05 3.862270e-04 4.429870e-05 0.000000e+00 0.000000e+00 1.739360e-05 1.239540e-05
35 9.285380e-01 2.596620e-02 5.506260e-01 2.366050e-02 5.813190e-01 2.415300e-02 2.674570e-01 8.356830e-04 3.093710e-04 3.873010e-05 3.296550e-04 3.628370e-05 0.000000e+00 0.000000e+00 0.000000e+00 0.000000e+00
36 1.068010e+00 2.593500e-02 4.385750e-01 2.427470e-02 4.455930e-01 2.403370e-02 2.661640e-01 8.673270e-04 2.462790e-04 3.223160e-05 2.802700e-04 3.666120e-05 0.000000e+00 0.000000e+00 3.009920e-06 3.009920e-06
37 9.058320e-01 2.661810e-02 5.754720e-01 2.402190e-02 5.842950e-01 2.426770e-02 2.653040e-01 8.812310e-04 2.180990e-04 3.849370e-05 2.353480e-04 2.839190e-05 0.000000e+00 0.000000e+00 0.000000e+00 0.000000e+00
38 1.109530e+00 2.654690e-02 4.094020e-01 2.469370e-02 4.284860e-01 2.481880e-02 2.619400e-01 8.937090e-04 1.831270e-04 2.350330e-05 2.436430e-04 4.547450e-05 0.000000e+00 0.000000e+00 0.000000e+00 0.000000e+00
39 9.241720e-01 2.735420e-02 5.742150e-01 2.542040e-02 5.515450e-01 2.562050e-02 2.611620e-01 9.122090e-04 1.627400e-04 2.734760e-05 2.254830e-04 5.358360e-05 0.000000e+00 0.000000e+00 0.000000e+00 0.000000e+00
40 1.044980e+00 2.947540e-02 4.668620e-01 2.691420e-02 4.399240e-01 2.682610e-02 2.599890e-01 9.370890e-04 1.447650e-04 2.263390e-05 1.788670e-04 5.668990e-05 0.000000e+00 0.000000e+00 0.000000e+00 0.000000e+00
41 8.600680e-01 2.831630e-02 6.061680e-01 2.601210e-02 6.253560e-01 2.548630e-02 2.585160e-01 8.766360e-04 1.212930e-04 1.859010e-05 1.568600e-04 6.395630e-05 0.000000e+00 0.000000e+00 0.000000e+00 0.000000e+00
42 1.168470e+00 2.577400e-02 3.627430e-01 2.508760e-02 3.638950e-01 2.445590e-02 2.570250e-01 8.969790e-04 9.105620e-05 1.332130e-05 1.132140e-04 3.319430e-05 0.000000e+00 0.000000e+00 0.000000e+00 0.000000e+00
43 8.940300e-01 2.708430e-02 5.790820e-01 2.589090e-02 6.018110e-01 2.549330e-02 2.565740e-01 8.684120e-04 7.857670e-05 1.177590e-05 1.086850e-04 3.531870e-05 0.000000e+00 0.000000e+00 0.000000e+00 0.000000e+00
44 1.095020e+00 2.674880e-02 4.398690e-01 2.412730e-02 4.082460e-01 2.567170e-02 2.547580e-01 8.500590e-04 7.423650e-05 1.287620e-05 8.369560e-05 2.436830e-05 0.000000e+00 0.000000e+00 0.000000e+00 0.000000e+00
45 8.960780e-01 2.740230e-02 5.995910e-01 2.444210e-02 5.878080e-01 2.498450e-02 2.521330e-01 8.358820e-04 7.350310e-05 1.467640e-05 8.367410e-05 2.500500e-05 0.000000e+00 0.000000e+00 0.000000e+00 0.000000e+00
46 1.093610e+00 2.602100e-02 4.034700e-01 2.501130e-02 4.132770e-01 2.414870e-02 2.517670e-01 8.886530e-04 6.003140e-05 1.014570e-05 7.808300e-05 1.991810e-05 0.000000e+00 0.000000e+00 0.000000e+00 0.000000e+00
47 9.150890e-01 2.649910e-02 5.682770e-01 2.516660e-02 5.810350e-01 2.449690e-02 2.491360e-01 8.887040e-04 5.964050e-05 1.471380e-05 8.494120e-05 2.740150e-05 0.000000e+00 0.000000e+00 0.000000e+00 0.000000e+00
48 1.025230e+00 2.827420e-02 4.730590e-01 2.602400e-02 4.596470e-01 2.554350e-02 2.481740e-01 9.290150e-04 3.349690e-05 7.571700e-06 6.132900e-05 1.772380e-05 0.000000e+00 0.000000e+00 0.000000e+00 0.000000e+00
49 9.444550e-01 3.008390e-02 5.274750e-01 2.625700e-02 5.623630e-01 2.707780e-02 2.485030e-01 9.395240e-04 3.273470e-05 8.532810e-06 4.880510e-05 1.459090e-05 0.000000e+00 0.000000e+00 0.000000e+00 0.000000e+00
50 1.013230e+00 2.681500e-02 4.892630e-01 2.537380e-02 4.751320e-01 2.451830e-02 2.468260e-01 9.822790e-04 2.066520e-05 5.331730e-06 6.622170e-05 2.725320e-05 0.000000e+00 0.000000e+00 0.000000e+00 0.000000e+00
51 9.359840e-01 2.770960e-02 5.522030e-01 2.487780e-02 5.719630e-01 2.669690e-02 2.458900e-01 9.999640e-04 3.375080e-05 1.483080e-05 3.106340e-05 1.003840e-05 0.000000e+00 0.000000e+00 0.000000e+00 0.000000e+00
52 1.090650e+00 2.756730e-02 4.351900e-01 2.520060e-02 4.152460e-01 2.522590e-02 2.452700e-01 9.589660e-04 3.410270e-05 1.438800e-05 3.852170e-05 1.599160e-05 0.000000e+00 0.000000e+00 0.000000e+00 0.000000e+00
53 8.955190e-01 2.626410e-02 5.732950e-01 2.492720e-02 5.819700e-01 2.383770e-02 2.445950e-01 9.824940e-04 2.435550e-05 1.184700e-05 3.007090e-05 1.029970e-05 0.000000e+00 0.000000e+00 0.000000e+00 0.000000e+00
54 1.086800e+00 2.748530e-02 4.382090e-01 2.593560e-02 4.270910e-01 2.612800e-02 2.431470e-01 9.156250e-04 1.490050e-05 5.533320e-06 2.968290e-05 1.035060e-05 0.000000e+00 0.000000e+00 0.000000e+00 0.000000e+00
55 9.264710e-01 2.840040e-02 5.619650e-01 2.614670e-02 5.591270e-01 2.610250e-02 2.427830e-01 9.260780e-04 1.755990e-05 1.047590e-05 1.896330e-05 6.661040e-06 0.000000e+00 0.000000e+00 0.000000e+00 0.000000e+00
56 1.041630e+00 2.801930e-02 4.510350e-01 2.598330e-02 4.596800e-01 2.485980e-02 2.416540e-01 8.654120e-04 1.155880e-05 4.601860e-06 1.935540e-05 7.124210e-06 0.000000e+00 0.000000e+00 0.000000e+00 0.000000e+00
57 9.796400e-01 2.808790e-02 5.169040e-01 2.666710e-02 5.111500e-01 2.464950e-02 2.411440e-01 8.990720e-04 1.299150e-05 6.216370e-06 1.572340e-05 6.617680e-06 0.000000e+00 0.000000e+00 0.000000e+00 0.000000e+00
58 1.023830e+00 2.698550e-02 4.927040e-01 2.563190e-02 4.728270e-01 2.457410e-02 2.404670e-01 8.958230e-04 1.661020e-05 9.900730e-06 2.376870e-05 1.322750e-05 0.000000e+00 0.000000e+00 0.000000e+00 0.000000e+00
59 9.283300e-01 2.738540e-02 5.640680e-01 2.476110e-02 5.702850e-01 2.433950e-02 2.405220e-01 8.903040e-04 1.425610e-05 7.859810e-06 1.386090e-05 6.138380e-06 0.000000e+00 0.000000e+00 0.000000e+00 0.000000e+00
60 1.061310e+00 2.746420e-02 4.409630e-01 2.538260e-02 4.402140e-01 2.541040e-02 2.398320e-01 9.287510e-04 1.529080e-05 9.101160e-06 3.211940e-05 1.792800e-05 0.000000e+00 0.000000e+00 0.000000e+00 0.000000e+00
61 9.786090e-01 2.705700e-02 5.110240e-01 2.452220e-02 5.011290e-01 2.502170e-02 2.395690e-01 8.626600e-04 3.969240e-06 2.023780e-06 1.545730e-05 6.778510e-06 0.000000e+00 0.000000e+00 0.000000e+00 0.000000e+00
62 1.031200e+00 2.639530e-02 4.639590e-01 2.448010e-02 4.764000e-01 2.420430e-02 2.385590e-01 8.727830e-04 1.855010e-06 1.116240e-06 1.706250e-05 8.524960e-06 0.000000e+00 0.000000e+00 0.000000e+00 0.000000e+00
63 9.950440e-01 2.748810e-02 5.208410e-01 2.687860e-02 5.098760e-01 2.510280e-02 2.386380e-01 8.623650e-04 1.018190e-06 5.203200e-07 1.547170e-05 7.618210e-06 0.000000e+00 0.000000e+00 0.000000e+00 0.000000e+00
64 1.039890e+00 2.712160e-02 4.460540e-01 2.523370e-02 4.780770e-01 2.478630e-02 2.391770e-01 8.739890e-04 1.709610e-06 1.253590e-06 1.344290e-05 7.070040e-06 0.000000e+00 0.000000e+00 0.000000e+00 0.000000e+00
65 9.923080e-01 2.542410e-02 5.110710e-01 2.420290e-02 5.026490e-01 2.456570e-02 2.384460e-01 8.039150e-04 3.257410e-06 1.834850e-06 1.153150e-05 8.934900e-06 0.000000e+00 0.000000e+00 0.000000e+00 0.000000e+00
66 1.029050e+00 2.691610e-02 4.825220e-01 2.617450e-02 4.628180e-01 2.580980e-02 2.375410e-01 8.287810e-04 1.329240e-06 6.941670e-07 1.290850e-05 6.843760e-06 0.000000e+00 0.000000e+00 0.000000e+00 0.000000e+00
67 9.747910e-01 2.793970e-02 5.233790e-01 2.493830e-02 5.181970e-01 2.636620e-02 2.373070e-01 8.788310e-04 2.984770e-07 2.227780e-07 2.542230e-05 2.110820e-05 0.000000e+00 0.000000e+00 0.000000e+00 0.000000e+00
68 1.008200e+00 3.010110e-02 4.925080e-01 2.661810e-02 4.914920e-01 2.745080e-02 2.371200e-01 9.604050e-04 0.000000e+00 0.000000e+00 1.123510e-05 7.642400e-06 0.000000e+00 0.000000e+00 0.000000e+00 0.000000e+00
69 9.398830e-01 2.910260e-02 5.426750e-01 2.640410e-02 5.405090e-01 2.662850e-02 2.372270e-01 9.315210e-04 6.073860e-09 6.073860e-09 8.715500e-06 6.204920e-06 0.000000e+00 0.000000e+00 0.000000e+00 0.000000e+00
70 1.053330e+00 2.779690e-02 4.528440e-01 2.570940e-02 4.695510e-01 2.616420e-02 2.364200e-01 9.050540e-04 0.000000e+00 0.000000e+00 4.308100e-06 2.253700e-06 0.000000e+00 0.000000e+00 0.000000e+00 0.000000e+00
71 9.423500e-01 2.840710e-02 5.384320e-01 2.578330e-02 5.517490e-01 2.527780e-02 2.368430e-01 9.463950e-04 5.131360e-09 5.131360e-09 1.623490e-06 9.730650e-07 0.000000e+00 0.000000e+00 0.000000e+00 0.000000e+00
72 1.072370e+00 2.817310e-02 4.380910e-01 2.593010e-02 4.339720e-01 2.528580e-02 2.363710e-01 8.497470e-04 4.412970e-07 4.412970e-07 4.273590e-06 2.719930e-06 0.000000e+00 0.000000e+00 0.000000e+00 0.000000e+00
73 9.183630e-01 2.867230e-02 5.549950e-01 2.557160e-02 5.563210e-01 2.611560e-02 2.359870e-01 8.838990e-04 7.850990e-07 7.850990e-07 1.642740e-06 8.126370e-07 0.000000e+00 0.000000e+00 0.000000e+00 0.000000e+00
74 1.043730e+00 2.691040e-02 4.722590e-01 2.484740e-02 4.627830e-01 2.510920e-02 2.363060e-01 9.066550e-04 9.441710e-07 9.441710e-07 2.126020e-06 1.242660e-06 0.000000e+00 0.000000e+00 0.000000e+00 0.000000e+00
75 8.740040e-01 2.726270e-02 6.148480e-01 2.513320e-02 5.927990e-01 2.416240e-02 2.357240e-01 9.323000e-04 2.187410e-06 1.554900e-06 9.314280e-07 7.638340e-07 0.000000e+00 0.000000e+00 0.000000e+00 0.000000e+00
76 1.065320e+00 2.806730e-02 4.271530e-01 2.520610e-02 4.569560e-01 2.608340e-02 2.364440e-01 9.103140e-04 9.622240e-07 8.125510e-07 2.089140e-06 1.536050e-06 0.000000e+00 0.000000e+00 0.000000e+00 0.000000e+00
77 9.237370e-01 2.663640e-02 5.566820e-01 2.511130e-02 5.572660e-01 2.445780e-02 2.367150e-01 9.745230e-04 5.530030e-07 3.721330e-07 1.199570e-06 8.077630e-07 0.000000e+00 0.000000e+00 0.000000e+00 0.000000e+00
78 1.065450e+00 2.720120e-02 4.434970e-01 2.622800e-02 4.632840e-01 2.374440e-02 2.366750e-01 9.694080e-04 5.186050e-06 3.224210e-06 8.302400e-07 5.920300e-07 0.000000e+00 0.000000e+00 0.000000e+00 0.000000e+00
79 8.853060e-01 2.809930e-02 6.093760e-01 2.599110e-02 5.768090e-01 2.562040e-02 2.370200e-01 9.012290e-04 5.036040e-06 2.663950e-06 1.417080e-06 1.392650e-06 0.000000e+00 0.000000e+00 0.000000e+00 0.000000e+00
80 1.086110e+00 2.516650e-02 4.269440e-01 2.282160e-02 4.252790e-01 2.411610e-02 2.383040e-01 9.883150e-04 8.531010e-06 4.984710e-06 1.131420e-06 8.786830e-07 0.000000e+00 0.000000e+00 0.000000e+00 0.000000e+00
81 8.987930e-01 2.561100e-02 5.939160e-01 2.418080e-02 5.894590e-01 2.412450e-02 2.374660e-01 9.298420e-04 1.195360e-05 6.348980e-06 2.752290e-06 2.752290e-06 0.000000e+00 0.000000e+00 0.000000e+00 0.000000e+00
82 1.098080e+00 2.563470e-02 3.950080e-01 2.386350e-02 4.331770e-01 2.316310e-02 2.382830e-01 9.116360e-04 8.943360e-06 5.231330e-06 6.618610e-06 6.618610e-06 0.000000e+00 0.000000e+00 0.000000e+00 0.000000e+00
83 9.329510e-01 2.701770e-02 5.683330e-01 2.398550e-02 5.433950e-01 2.532610e-02 2.383050e-01 9.093650e-04 8.430300e-06 5.027890e-06 5.917160e-07 4.819120e-07 0.000000e+00 0.000000e+00 0.000000e+00 0.000000e+00
84 1.013130e+00 2.925530e-02 4.789200e-01 2.599080e-02 4.877040e-01 2.654540e-02 2.386280e-01 8.581970e-04 7.995820e-06 4.537910e-06 1.039180e-06 8.673580e-07 0.000000e+00 0.000000e+00 0.000000e+00 0.000000e+00
85 9.379590e-01 2.772650e-02 5.407260e-01 2.604530e-02 5.591870e-01 2.594400e-02 2.384490e-01 8.787260e-04 9.579210e-06 6.655380e-06 1.048490e-06 1.048490e-06 0.000000e+00 0.000000e+00 0.000000e+00 0.000000e+00
86 1.020800e+00 2.484840e-02 5.050250e-01 2.507160e-02 4.608610e-01 2.343150e-02 2.388120e-01 8.708550e-04 7.301520e-06 3.328780e-06 6.152990e-07 5.798570e-07 0.000000e+00 0.000000e+00 0.000000e+00 0.000000e+00
87 1.058340e+00 2.514730e-02 4.445240e-01 2.593170e-02 4.602840e-01 2.409110e-02 2.387360e-01 8.960210e-04 8.119070e-06 3.602110e-06 7.099170e-08 7.099170e-08 0.000000e+00 0.000000e+00 0.000000e+00 0.000000e+00
88 9.766540e-01 2.737550e-02 5.116620e-01 2.683790e-02 5.304520e-01 2.542090e-02 2.390780e-01 9.243270e-04 1.234520e-05 5.812470e-06 1.021190e-06 1.021190e-06 0.000000e+00 0.000000e+00 0.000000e+00 0.000000e+00
89 1.005530e+00 2.698580e-02 4.986070e-01 2.506150e-02 4.912070e-01 2.627690e-02 2.391590e-01 9.084650e-04 1.379810e-05 7.967300e-06 1.263470e-06 1.095790e-06 0.000000e+00 0.000000e+00 0.000000e+00 0.000000e+00
90 9.441270e-01 2.644490e-02 5.527940e-01 2.583890e-02 5.422550e-01 2.381860e-02 2.393960e-01 8.643030e-04 1.101150e-05 4.647720e-06 1.145370e-06 1.046760e-06 0.000000e+00 0.000000e+00 0.000000e+00 0.000000e+00
91 9.992300e-01 2.807310e-02 4.782010e-01 2.509320e-02 4.964990e-01 2.492360e-02 2.398450e-01 8.419700e-04 2.059240e-05 9.257650e-06 9.735500e-07 6.448630e-07 0.000000e+00 0.000000e+00 0.000000e+00 0.000000e+00
92 9.368100e-01 2.629790e-02 5.548330e-01 2.462820e-02 5.662890e-01 2.431730e-02 2.398810e-01 8.574410e-04 2.220650e-05 8.479170e-06 1.314140e-06 6.801890e-07 0.000000e+00 0.000000e+00 0.000000e+00 0.000000e+00
93 1.033880e+00 2.787290e-02 4.879890e-01 2.657800e-02 4.637400e-01 2.521610e-02 2.408660e-01 8.438320e-04 2.492970e-05 9.240450e-06 1.701650e-06 9.275620e-07 0.000000e+00 0.000000e+00 0.000000e+00 0.000000e+00
94 9.914940e-01 2.904660e-02 5.026210e-01 2.683820e-02 5.122280e-01 2.515030e-02 2.421330e-01 8.561330e-04 2.739080e-05 8.308050e-06 2.590050e-06 1.178320e-06 0.000000e+00 0.000000e+00 0.000000e+00 0.000000e+00
95 1.015180e+00 2.766730e-02 4.843410e-01 2.499330e-02 4.630070e-01 2.572630e-02 2.425190e-01 8.917040e-04 3.030000e-05 9.263970e-06 6.307320e-06 3.174590e-06 0.000000e+00 0.000000e+00 0.000000e+00 0.000000e+00
96 1.015170e+00 2.808750e-02 5.010930e-01 2.542940e-02 4.966560e-01 2.523200e-02 2.430170e-01 8.302940e-04 3.876780e-05 1.122190e-05 1.081880e-05 5.295510e-06 0.000000e+00 0.000000e+00 0.000000e+00 0.000000e+00
97 9.864050e-01 2.820610e-02 4.815380e-01 2.588330e-02 5.184130e-01 2.501280e-02 2.446840e-01 8.460690e-04 3.331880e-05 1.011500e-05 1.970690e-05 1.417410e-05 0.000000e+00 0.000000e+00 0.000000e+00 0.000000e+00
98 1.092740e+00 2.659580e-02 4.223610e-01 2.478420e-02 4.412120e-01 2.478620e-02 2.458290e-01 8.645050e-04 3.038850e-05 9.309900e-06 3.000430e-05 1.811970e-05 0.000000e+00 0.000000e+00 0.000000e+00 0.000000e+00
99 9.374600e-01 2.766600e-02 5.804480e-01 2.483240e-02 5.288400e-01 2.560450e-02 2.457340e-01 8.809140e-04 4.059810e-05 1.812960e-05 2.366220e-05 1.028140e-05 0.000000e+00 0.000000e+00 0.000000e+00 0.000000e+00
100 1.030590e+00 2.698310e-02 4.714600e-01 2.415530e-02 4.660120e-01 2.680670e-02 2.482780e-01 9.023020e-04 3.574810e-05 9.939950e-06 3.182800e-05 1.394570e-05 0.000000e+00 0.000000e+00 0.000000e+00 0.000000e+00
101 1.022100e+00 2.851650e-02 4.922240e-01 2.555500e-02 4.886060e-01 2.588390e-02 2.481040e-01 8.775930e-04 4.638000e-05 1.242910e-05 2.490650e-05 1.093320e-05 0.000000e+00 0.000000e+00 0.000000e+00 0.000000e+00
102 1.034840e+00 2.859550e-02 4.527850e-01 2.614140e-02 4.941010e-01 2.594160e-02 2.493530e-01 8.560900e-04 7.085520e-05 2.212740e-05 3.797610e-05 1.607110e-05 0.000000e+00 0.000000e+00 0.000000e+00 0.000000e+00
103 9.415760e-01 2.833330e-02 5.312820e-01 2.609370e-02 5.367290e-01 2.637250e-02 2.513600e-01 9.126950e-04 6.031810e-05 1.889660e-05 2.495110e-05 6.794070e-06 0.000000e+00 0.000000e+00 0.000000e+00 0.000000e+00
104 1.066350e+00 2.607900e-02 4.585040e-01 2.442940e-02 4.421830e-01 2.536330e-02 2.516480e-01 8.960770e-04 8.337990e-05 2.337650e-05 4.104070e-05 1.322370e-05 0.000000e+00 0.000000e+00 0.000000e+00 0.000000e+00
105 9.778930e-01 2.632750e-02 5.177870e-01 2.514510e-02 5.065210e-01 2.556810e-02 2.532360e-01 8.566640e-04 1.072730e-04 4.124770e-05 3.416990e-05 7.606310e-06 0.000000e+00 0.000000e+00 0.000000e+00 0.000000e+00
106 1.014280e+00 2.674990e-02 4.674180e-01 2.559480e-02 4.851580e-01 2.486320e-02 2.542230e-01 8.429490e-04 1.326260e-04 6.009850e-05 6.310970e-05 1.441330e-05 0.000000e+00 0.000000e+00 0.000000e+00 0.000000e+00
107 9.726620e-01 2.868850e-02 5.411950e-01 2.592480e-02 5.137090e-01 2.517850e-02 2.554160e-01 8.485290e-04 1.569580e-04 5.504750e-05 6.708820e-05 1.189900e-05 0.000000e+00 0.000000e+00 3.146850e-06 3.146850e-06
108 1.124080e+00 2.837780e-02 4.049550e-01 2.478170e-02 4.083980e-01 2.520010e-02 2.567440e-01 8.810510e-04 1.215670e-04 3.694960e-05 7.730420e-05 1.480300e-05 0.000000e+00 0.000000e+00 0.000000e+00 0.000000e+00
109 8.674530e-01 2.732330e-02 6.046980e-01 2.493140e-02 6.136750e-01 2.466390e-02 2.587420e-01 8.746950e-04 1.845330e-04 5.610330e-05 9.857270e-05 1.660460e-05 0.000000e+00 0.000000e+00 0.000000e+00 0.000000e+00
110 1.101080e+00 2.651620e-02 4.056510e-01 2.448700e-02 4.142220e-01 2.508290e-02 2.603160e-01 9.250630e-04 2.046550e-04 4.341740e-05 1.182510e-04 1.750390e-05 0.000000e+00 0.000000e+00 4.195800e-06 4.195800e-06
111 9.464820e-01 2.702520e-02 5.482200e-01 2.482660e-02 5.454850e-01 2.540410e-02 2.609930e-01 8.874780e-04 1.909280e-04 2.916090e-05 1.321000e-04 1.613820e-05 0.000000e+00 0.000000e+00 2.045450e-05 2.045450e-05
112 1.066600e+00 2.769420e-02 4.458980e-01 2.531430e-02 4.465560e-01 2.614570e-02 2.631470e-01 9.040150e-04 2.732380e-04 5.317880e-05 1.646490e-04 1.980560e-05 0.000000e+00 0.000000e+00 3.199300e-05 3.199300e-05
113 8.933570e-01 2.703120e-02 5.992500e-01 2.413370e-02 5.719170e-01 2.559120e-02 2.638200e-01 8.464530e-04 2.729580e-04 4.193320e-05 1.815760e-04 2.218530e-05 0.000000e+00 0.000000e+00 2.643360e-04 2.643360e-04
114 1.047040e+00 2.569150e-02 4.698020e-01 2.506710e-02 4.367070e-01 2.483160e-02 2.657150e-01 8.903230e-04 3.571370e-04 4.877730e-05 2.142780e-04 2.646130e-05 0.000000e+00 0.000000e+00 7.868880e-04 7.868880e-04
115 9.467440e-01 2.760820e-02 5.314450e-01 2.601780e-02 5.697980e-01 2.551650e-02 2.677910e-01 9.003490e-04 4.292820e-04 6.701060e-05 2.382590e-04 2.286550e-05 0.000000e+00 0.000000e+00 2.258740e-04 2.258740e-04
116 1.054100e+00 2.627690e-02 4.448150e-01 2.418380e-02 4.396640e-01 2.477370e-02 2.711140e-01 8.842980e-04 4.539890e-04 4.557680e-05 2.862480e-04 2.783330e-05 0.000000e+00 0.000000e+00 9.222030e-04 9.222030e-04
117 9.313380e-01 2.659500e-02 5.637140e-01 2.541740e-02 5.614830e-01 2.534610e-02 2.733570e-01 9.120530e-04 5.424680e-04 5.339190e-05 3.695560e-04 3.975670e-05 0.000000e+00 0.000000e+00 3.538460e-04 3.538460e-04
118 1.094370e+00 2.545750e-02 4.277500e-01 2.417330e-02 4.435270e-01 2.455170e-02 2.751660e-01 9.553510e-04 6.581750e-04 6.691170e-05 3.999320e-04 3.800990e-05 0.000000e+00 0.000000e+00 2.480770e-04 2.480770e-04
119 8.968520e-01 2.569600e-02 5.799850e-01 2.411500e-02 5.757640e-01 2.476600e-02 2.776040e-01 8.936180e-04 7.017110e-04 6.403880e-05 4.927300e-04 4.549490e-05 0.000000e+00 0.000000e+00 5.332170e-05 5.332170e-05
120 1.095870e+00 2.634750e-02 4.226710e-01 2.567110e-02 4.033950e-01 2.473300e-02 2.804350e-01 8.625750e-04 7.929990e-04 6.596810e-05 5.810380e-04 5.507680e-05 0.000000e+00 0.000000e+00 3.258740e-04 3.258740e-04
121 8.646890e-01 2.599630e-02 6.125840e-01 2.399420e-02 6.417240e-01 2.318290e-02 2.835860e-01 9.095400e-04 8.566770e-04 6.774920e-05 6.902550e-04 5.105730e-05 0.000000e+00 0.000000e+00 3.024480e-05 3.024480e-05
122 1.107280e+00 2.647940e-02 4.229830e-01 2.410580e-02 4.036590e-01 2.524150e-02 2.864430e-01 8.646200e-04 1.046780e-03 7.360970e-05 8.762520e-04 7.532940e-05 0.000000e+00 0.000000e+00 2.770980e-04 2.770980e-04
123 9.062960e-01 2.606620e-02 5.662940e-01 2.460140e-02 5.766450e-01 2.493900e-02 2.887860e-01 8.906360e-04 1.327310e-03 1.057140e-04 1.032020e-03 7.155220e-05 0.000000e+00 0.000000e+00 2.272730e-05 2.272730e-05
124 1.104640e+00 2.692260e-02 4.135060e-01 2.588970e-02 4.145210e-01 2.564910e-02 2.909490e-01 9.037500e-04 1.551120e-03 1.250310e-04 1.174180e-03 7.758590e-05 0.000000e+00 0.000000e+00 3.618400e-05 3.549350e-05
125 9.205160e-01 2.782140e-02 5.728820e-01 2.586930e-02 5.552000e-01 2.487410e-02 2.937470e-01 8.147350e-04 1.661470e-03 1.109290e-04 1.376250e-03 8.598750e-05 0.000000e+00 0.000000e+00 1.770830e-05 1.770830e-05
126 1.038800e+00 2.723250e-02 4.776970e-01 2.514080e-02 4.993360e-01 2.564420e-02 2.975700e-01 9.080740e-04 1.785590e-03 1.004920e-04 1.510270e-03 7.771610e-05 0.000000e+00 0.000000e+00 0.000000e+00 0.000000e+00
127 1.029800e+00 2.826300e-02 4.761500e-01 2.598120e-02 4.800660e-01 2.535710e-02 3.012980e-01 9.100380e-04 2.102840e-03 1.057860e-04 1.888460e-03 1.006170e-04 0.000000e+00 0.000000e+00 9.138140e-05 8.291060e-05
128 1.004540e+00 2.826810e-02 4.947120e-01 2.655840e-02 4.794690e-01 2.605740e-02 3.041910e-01 9.146050e-04 2.476560e-03 1.253210e-04 2.190450e-03 1.039430e-04 0.000000e+00 0.000000e+00 1.190960e-04 9.453730e-05
129 9.632190e-01 2.677890e-02 5.292220e-01 2.677660e-02 5.499340e-01 2.440080e-02 3.083590e-01 8.974100e-04 2.908190e-03 1.516170e-04 2.777540e-03 1.459510e-04 0.000000e+00 0.000000e+00 1.586780e-04 1.117250e-04
130 1.126850e+00 2.579420e-02 3.880200e-01 2.548280e-02 4.020740e-01 2.341530e-02 3.139810e-01 8.574320e-04 3.275330e-03 1.523870e-04 3.174490e-03 1.864050e-04 0.000000e+00 0.000000e+00 2.248550e-04 1.578320e-04
131 8.772110e-01 2.671630e-02 5.913690e-01 2.405340e-02 5.958690e-01 2.473300e-02 3.183860e-01 8.436510e-04 3.933810e-03 2.647680e-04 3.531160e-03 1.312990e-04 0.000000e+00 0.000000e+00 8.737890e-05 6.015700e-05
132 1.000090e+00 2.711260e-02 5.015850e-01 2.577490e-02 4.863280e-01 2.506190e-02 3.245920e-01 8.817510e-04 4.298080e-03 1.481480e-04 4.074150e-03 1.250030e-04 0.000000e+00 0.000000e+00 1.598850e-04 1.078740e-04
133 9.895670e-01 2.769170e-02 5.117010e-01 2.578120e-02 5.051330e-01 2.473330e-02 3.291400e-01 8.799490e-04 4.974500e-03 1.378380e-04 4.830810e-03 1.276560e-04 0.000000e+00 0.000000e+00 4.278520e-04 2.222330e-04
134 1.020070e+00 2.871920e-02 5.097500e-01 2.657870e-02 4.753510e-01 2.632030e-02 3.349910e-01 8.675470e-04 5.887310e-03 1.624640e-04 5.640270e-03 1.373830e-04 0.000000e+00 0.000000e+00 2.188200e-04 1.751600e-04
135 9.775170e-01 2.695720e-02 4.915190e-01 2.534620e-02 5.436710e-01 2.443560e-02 3.420570e-01 9.132980e-04 6.987680e-03 1.692870e-04 6.726520e-03 1.669070e-04 1.670340e-05 1.670340e-05 4.334120e-04 2.490780e-04
136 1.056300e+00 2.612730e-02 4.737060e-01 2.478850e-02 4.358590e-01 2.454650e-02 3.503050e-01 8.134980e-04 8.009740e-03 1.754300e-04 8.131010e-03 1.882430e-04 4.305020e-05 2.478010e-05 2.850440e-03 2.287630e-03
137 9.365890e-01 2.820680e-02 5.429610e-01 2.589270e-02 5.509310e-01 2.515040e-02 3.583790e-01 8.850180e-04 9.488970e-03 1.704050e-04 9.464540e-03 1.804720e-04 1.953080e-05 1.289930e-05 5.996810e-04 2.529000e-04
138 1.057980e+00 2.920970e-02 4.614290e-01 2.579230e-02 4.573220e-01 2.586250e-02 3.675760e-01 8.778070e-04 1.135140e-02 1.961140e-04 1.135990e-02 1.860370e-04 4.463100e-05 2.621710e-05 9.132850e-04 4.280230e-04
139 9.971430e-01 2.822440e-02 5.031180e-01 2.587540e-02 5.030760e-01 2.512440e-02 3.770010e-01 8.951570e-04 1.361360e-02 2.015610e-04 1.378010e-02 2.178910e-04 4.038050e-05 2.770740e-05 1.605840e-03 8.005440e-04
140 1.095440e+00 2.689600e-02 4.220560e-01 2.608230e-02 4.438080e-01 2.501770e-02 3.874390e-01 9.080250e-04 1.604640e-02 1.977800e-04 1.623530e-02 2.295270e-04 2.978600e-05 2.151630e-05 8.684420e-04 2.040210e-04
141 8.946180e-01 2.721520e-02 5.897770e-01 2.533010e-02 5.859850e-01 2.531360e-02 3.993840e-01 9.837580e-04 1.997560e-02 2.327370e-04 1.982830e-02 1.943610e-04 8.791760e-05 3.191470e-05 1.396150e-03 4.371640e-04
142 1.097270e+00 2.586500e-02 4.332890e-01 2.540170e-02 4.244160e-01 2.418010e-02 4.149530e-01 9.114060e-04 2.393310e-02 2.358910e-04 2.398490e-02 2.091190e-04 1.187960e-04 3.451900e-05 1.341130e-03 3.150430e-04
143 9.210600e-01 2.586180e-02 5.624690e-01 2.417220e-02 5.669820e-01 2.486430e-02 4.307880e-01 8.882350e-04 2.992070e-02 2.640490e-04 3.029630e-02 2.220380e-04 2.744580e-04 5.723240e-05 2.199150e-03 4.029110e-04
144 1.061110e+00 2.821620e-02 4.289470e-01 2.646300e-02 4.533510e-01 2.520380e-02 4.532570e-01 8.741410e-04 3.683280e-02 2.647280e-04 3.754030e-02 2.279940e-04 3.045680e-04 5.858470e-05 3.210350e-03 7.671650e-04
145 9.375580e-01 2.812200e-02 5.651080e-01 2.595650e-02 5.264180e-01 2.592290e-02 4.765610e-01 8.639630e-04 4.781980e-02 2.516570e-04 4.850640e-02 2.362240e-04 4.368360e-04 8.024720e-05 4.709460e-03 1.302530e-03
146 1.007810e+00 2.882330e-02 4.818980e-01 2.661710e-02 5.007220e-01 2.506650e-02 5.115170e-01 8.263620e-04 6.187530e-02 2.468180e-04 6.252600e-02 2.437660e-04 1.041880e-03 1.212970e-04 4.292630e-03 5.530720e-04
147 9.384010e-01 2.695320e-02 5.522710e-01 2.514030e-02 5.666200e-01 2.484830e-02 5.553500e-01 7.941510e-04 8.677730e-02 2.933260e-04 8.779420e-02 2.813580e-04 2.222400e-03 1.942730e-04 8.041260e-03 1.218200e-03
148 1.084040e+00 2.657000e-02 4.278270e-01 2.480990e-02 4.224260e-01 2.524470e-02 6.293810e-01 8.040480e-04 1.231120e-01 2.889440e-04 1.237430e-01 2.742220e-04 4.576770e-03 2.602110e-04 1.054420e-02 6.363340e-04
149 9.285290e-01 2.550740e-02 5.739860e-01 2.434200e-02 5.663810e-01 2.370100e-02 7.425360e-01 7.009520e-04 2.437550e-01 3.098500e-04 2.435720e-01 3.124310e-04 1.900040e-02 5.530370e-04 3.130130e-02 1.209920e-03
