0	3.99584e-15	8.23072e-17	4.36831e-17	1.99983e-18	-0.0171331	3.08097e-17	-0.0171331	1.06311e-17	-0.0171331	8.45942e-17
0.0418879	0.0140994	9.34201e-05	0.0113978	7.24527e-05	0.0148713	4.2675e-05	0.037584	0.000197817	0.0203573	6.48681e-05
0.0837758	0.028053	0.000165256	0.0234314	0.000108707	0.029866	8.05133e-05	0.0749747	0.000340683	0.0408632	0.000116794
0.125664	0.0423287	0.000217383	0.0358856	0.0001736	0.044967	0.000114797	0.112884	0.000476866	0.0617072	0.000191335
0.167552	0.0561199	0.000305589	0.0481654	0.00023954	0.0600453	0.000170072	0.150523	0.000634101	0.081807	0.000253198
0.20944	0.0710851	0.000390468	0.0599253	0.000338474	0.0755887	0.000193415	0.190115	0.00079784	0.103233	0.000292027
0.251327	0.0850868	0.000469194	0.0728285	0.000380495	0.0898928	0.000224667	0.22617	0.000940904	0.12379	0.000387702
0.293215	0.0999775	0.000585483	0.0858699	0.000490047	0.105236	0.000293293	0.266323	0.00121956	0.144104	0.000454331
0.335103	0.113726	0.00064525	0.0974825	0.000506576	0.120189	0.000315418	0.303383	0.00136808	0.164447	0.000481417
0.376991	0.128348	0.000725992	0.109162	0.000522244	0.134413	0.000359788	0.340353	0.00152676	0.185169	0.000547308
0.418879	0.141681	0.000803175	0.121682	0.00066987	0.149171	0.000377588	0.375646	0.00159819	0.206059	0.000598953
0.460767	0.156869	0.000889474	0.134519	0.000775022	0.164054	0.000428309	0.415345	0.00187914	0.226502	0.000706567
0.502655	0.172372	0.000940895	0.146738	0.000722082	0.179253	0.000500941	0.455551	0.00206072	0.247699	0.000807441
0.544543	0.185559	0.000915254	0.158637	0.000781548	0.194298	0.000566927	0.49254	0.00209193	0.267173	0.000788497
0.586431	0.200356	0.00107095	0.170872	0.000820605	0.207269	0.000538615	0.528539	0.00224114	0.286709	0.000791066
0.628319	0.214764	0.00112186	0.184374	0.000978569	0.222032	0.000595768	0.566594	0.00242948	0.306998	0.000860135
0.670206	0.228652	0.00132755	0.194792	0.00103128	0.234631	0.000626888	0.599861	0.00282056	0.326704	0.00100984
0.712094	0.2406	0.00127157	0.207488	0.00117366	0.248245	0.000594821	0.631186	0.00269545	0.346503	0.00102373
0.753982	0.258614	0.00139539	0.220299	0.00106561	0.262978	0.000697372	0.678156	0.00292627	0.365029	0.00102102
0.79587	0.272584	0.00154591	0.23412	0.0012647	0.276312	0.000767314	0.711365	0.00338747	0.386426	0.00122343
0.837758	0.283637	0.00183392	0.2449	0.00124305	0.288364	0.00074539	0.740174	0.00368832	0.403827	0.00111062
0.879646	0.301678	0.00159906	0.259478	0.00126559	0.300783	0.000788377	0.780305	0.00317966	0.424619	0.00123031
0.921534	0.313603	0.00172793	0.269829	0.00148946	0.313859	0.000852559	0.811545	0.00338735	0.443379	0.00142863
0.963422	0.330015	0.00177191	0.284181	0.0014904	0.326555	0.00092265	0.851246	0.00376445	0.461896	0.00145242
1.00531	0.345553	0.00197987	0.296503	0.00162399	0.339664	0.000848344	0.888188	0.00401486	0.482246	0.00144204
1.0472	0.359066	0.00212898	0.307604	0.00154241	0.3506	0.00100574	0.917811	0.00436537	0.501519	0.00160438
1.08909	0.372473	0.00207817	0.31849	0.0019201	0.363368	0.00110117	0.955645	0.00430387	0.516037	0.0016756
1.13097	0.385351	0.00188297	0.332023	0.00152552	0.373889	0.000961282	0.985882	0.00370608	0.532598	0.00167981
1.17286	0.401578	0.00246093	0.346675	0.00174352	0.385972	0.00107168	1.02027	0.0049337	0.554831	0.00169734
1.21475	0.413524	0.00231296	0.35262	0.00180689	0.396541	0.00104868	1.05048	0.00490559	0.569652	0.00174257
1.25664	0.431405	0.00235219	0.366564	0.001814	0.406299	0.00105779	1.08837	0.00471188	0.587035	0.00206179
1.29852	0.446413	0.00244931	0.381814	0.00195199	0.416956	0.00104121	1.12165	0.00515055	0.605084	0.00183143
1.34041	0.46224	0.00255804	0.393838	0.00201769	0.429616	0.00109046	1.15926	0.00519029	0.624457	0.00177634
1.3823	0.477553	0.00279714	0.401246	0.00229521	0.436127	0.00114371	1.18969	0.00575767	0.637675	0.00201439
1.42419	0.491006	0.00249632	0.418675	0.00222612	0.448374	0.00114852	1.22152	0.00512667	0.657239	0.00197425
1.46608	0.502476	0.00313755	0.427821	0.00223408	0.455484	0.00114806	1.24225	0.0058024	0.673668	0.00221571
1.50796	0.517527	0.00269135	0.435672	0.00217698	0.464794	0.00122759	1.27573	0.00582333	0.688914	0.0020481
1.54985	0.530435	0.00292432	0.451641	0.00265635	0.473895	0.00117357	1.30476	0.00551448	0.703901	0.00213673
1.59174	0.547663	0.00294065	0.459547	0.00230778	0.482971	0.00122989	1.34128	0.00559603	0.719992	0.00227814
1.63363	0.563052	0.00322982	0.473181	0.00231767	0.492888	0.0011518	1.37459	0.00608971	0.737287	0.0021189
1.67552	0.579244	0.00358486	0.487858	0.00254677	0.500153	0.00136555	1.40613	0.0070443	0.752665	0.00226978
1.7174	0.589678	0.00321942	0.499773	0.00239042	0.50623	0.00136575	1.42496	0.00616232	0.766853	0.00258985
1.75929	0.601831	0.00295455	0.512295	0.00312612	0.516228	0.00144965	1.45579	0.0055968	0.780332	0.00246903
1.80118	0.622934	0.00382413	0.522828	0.00285711	0.52279	0.00147774	1.49407	0.00733268	0.797375	0.00272879
1.84307	0.628937	0.00349065	0.530516	0.00283333	0.533539	0.00134524	1.51988	0.00672606	0.805069	0.00258289
1.88496	0.643737	0.00346609	0.550426	0.00273167	0.538941	0.00149231	1.54322	0.00690243	0.822131	0.00250146
1.92684	0.660909	0.00365439	0.559348	0.00320508	0.545895	0.00164712	1.57409	0.00758711	0.839521	0.00255666
1.96873	0.679485	0.00429413	0.564444	0.00306685	0.551333	0.00164783	1.61081	0.00816948	0.850831	0.00315474
2.01062	0.696594	0.00396603	0.589819	0.00321747	0.556851	0.00143905	1.63835	0.00745781	0.86854	0.00283766
2.05251	0.710626	0.00402136	0.595976	0.00309069	0.566684	0.00156063	1.67221	0.0078862	0.882414	0.00274125
2.0944	0.720368	0.00391627	0.606694	0.00339697	0.570948	0.00136052	1.69002	0.00681319	0.892616	0.00296642
2.13628	0.739592	0.0041308	0.615074	0.00342974	0.576891	0.00154977	1.72815	0.00753598	0.904817	0.00315431
2.17817	0.759674	0.00454083	0.620756	0.00323542	0.585047	0.00144702	1.76441	0.00865474	0.925031	0.00282121
2.22006	0.764342	0.00460486	0.635606	0.00365909	0.586476	0.00158029	1.77385	0.00856477	0.92779	0.00291002
2.26195	0.788612	0.00438534	0.642605	0.00321708	0.596388	0.00165788	1.82315	0.00914625	0.946851	0.00296145
2.30383	0.797178	0.00433391	0.658306	0.00339584	0.599329	0.00170589	1.83776	0.00827846	0.955249	0.00309148
2.34572	0.811722	0.00501529	0.669256	0.00342236	0.605847	0.00166953	1.86976	0.00879	0.965377	0.00349572
2.38761	0.841295	0.00531053	0.677397	0.00357839	0.610219	0.00165717	1.91909	0.00982997	0.983935	0.0035655
2.4295	0.850783	0.00479735	0.68432	0.00394729	0.610999	0.00170899	1.93354	0.0091667	0.990027	0.0030315
2.47139	0.877606	0.0050056	0.697811	0.00414164	0.619924	0.00158515	1.98848	0.00940756	1.00658	0.00361118
2.51327	0.885886	0.00514849	0.705617	0.00379112	0.621841	0.00181116	2.00658	0.0102274	1.00888	0.00321992
2.55516	0.907065	0.0057778	0.718301	0.00383149	0.627752	0.00171969	2.04174	0.0109227	1.02789	0.00362528
2.59705	0.920602	0.00474958	0.735049	0.00392757	0.629669	0.00173323	2.06492	0.00928981	1.03562	0.00316123
2.63894	0.94292	0.0061362	0.738168	0.00380689	0.639082	0.0016773	2.11448	0.0111533	1.04952	0.00411237
2.68083	0.957995	0.00578669	0.741558	0.00363196	0.641357	0.00208095	2.14209	0.0112341	1.05662	0.00385244
2.72271	0.988391	0.00612115	0.763412	0.00434325	0.648279	0.00173028	2.20447	0.0112894	1.06887	0.00396844
2.7646	1.00141	0.00674236	0.760295	0.0037934	0.650258	0.00198099	2.22422	0.0128318	1.07911	0.00423635
2.80649	1.01986	0.00584678	0.766665	0.00417971	0.654029	0.0017706	2.2574	0.0108556	1.09039	0.00366372
2.84838	1.02875	0.00597461	0.789004	0.00463197	0.658544	0.00182203	2.27555	0.0115282	1.09904	0.00408584
2.89027	1.06007	0.0062557	0.791722	0.00403132	0.659079	0.00194286	2.32512	0.012112	1.11318	0.00421362
2.93215	1.07784	0.0064078	0.792707	0.00410445	0.666762	0.00180238	2.36698	0.0120092	1.12223	0.00412836
2.97404	1.10579	0.00662667	0.811904	0.00430061	0.671524	0.00191519	2.42722	0.012463	1.1274	0.00388956
3.01593	1.11723	0.00677399	0.816009	0.00399431	0.674917	0.00188857	2.44821	0.0128857	1.13608	0.00385453
3.05782	1.15779	0.00781969	0.823633	0.00453216	0.679522	0.0019838	2.5221	0.0143628	1.15251	0.00443122
3.0997	1.20199	0.00793211	0.829746	0.00449952	0.686433	0.00199565	2.60474	0.0146879	1.17211	0.00440067
3.14159	1.22572	0.0116083	0.832847	0.00701472	0.68617	0.00300068	2.64407	0.0227091	1.17971	0.00635124
3.18348	1.20199	0.00793211	0.829746	0.00449952	0.686433	0.00199565	2.60474	0.0146879	1.17211	0.00440067
3.22537	1.15779	0.00781969	0.823633	0.00453216	0.679522	0.0019838	2.5221	0.0143628	1.15251	0.00443122
3.26726	1.11723	0.00677399	0.816009	0.00399431	0.674917	0.00188857	2.44821	0.0128857	1.13608	0.00385453
3.30914	1.10579	0.00662667	0.811904	0.00430061	0.671524	0.00191519	2.42722	0.012463	1.1274	0.00388956
3.35103	1.07784	0.0064078	0.792707	0.00410445	0.666762	0.00180238	2.36698	0.0120092	1.12223	0.00412836
3.39292	1.06007	0.0062557	0.791722	0.00403132	0.659079	0.00194286	2.32512	0.012112	1.11318	0.00421362
3.43481	1.02875	0.00597461	0.789004	0.00463197	0.658544	0.00182203	2.27555	0.0115282	1.09904	0.00408584
3.4767	1.01986	0.00584678	0.766665	0.00417971	0.654029	0.0017706	2.2574	0.0108556	1.09039	0.00366372
3.51858	1.00141	0.00674236	0.760295	0.0037934	0.650258	0.00198099	2.22422	0.0128318	1.07911	0.00423635
3.56047	0.988391	0.00612115	0.763412	0.00434325	0.648279	0.00173028	2.20447	0.0112894	1.06887	0.00396844
3.60236	0.957995	0.00578669	0.741558	0.00363196	0.641357	0.00208095	2.14209	0.0112341	1.05662	0.00385244
3.64425	0.94292	0.0061362	0.738168	0.00380689	0.639082	0.0016773	2.11448	0.0111533	1.04952	0.00411237
3.68614	0.920602	0.00474958	0.735049	0.00392757	0.629669	0.00173323	2.06492	0.00928981	1.03562	0.00316123
3.72802	0.907065	0.0057778	0.718301	0.00383149	0.627752	0.00171969	2.04174	0.0109227	1.02789	0.00362528
3.76991	0.885886	0.00514849	0.705617	0.00379112	0.621841	0.00181116	2.00658	0.0102274	1.00888	0.00321992
3.8118	0.877606	0.0050056	0.697811	0.00414164	0.619924	0.00158515	1.98848	0.00940756	1.00658	0.00361118
3.85369	0.850783	0.00479735	0.68432	0.00394729	0.610999	0.00170899	1.93354	0.0091667	0.990027	0.0030315
3.89557	0.841295	0.00531053	0.677397	0.00357839	0.610219	0.00165717	1.91909	0.00982997	0.983935	0.0035655
3.93746	0.811722	0.00501529	0.669256	0.00342236	0.605847	0.00166953	1.86976	0.00879	0.965377	0.00349572
3.97935	0.797178	0.00433391	0.658306	0.00339584	0.599329	0.00170589	1.83776	0.00827846	0.955249	0.00309148
4.02124	0.788612	0.00438534	0.642605	0.00321708	0.596388	0.00165788	1.82315	0.00914625	0.946851	0.00296145
4.06313	0.764342	0.00460486	0.635606	0.00365909	0.586476	0.00158029	1.77385	0.00856477	0.92779	0.00291002
4.10501	0.759674	0.00454083	0.620756	0.00323542	0.585047	0.00144702	1.76441	0.00865474	0.925031	0.00282121
4.1469	0.739592	0.0041308	0.615074	0.00342974	0.576891	0.00154977	1.72815	0.00753598	0.904817	0.00315431
4.18879	0.720368	0.00391627	0.606694	0.00339697	0.570948	0.00136052	1.69002	0.00681319	0.892616	0.00296642
4.23068	0.710626	0.00402136	0.595976	0.00309069	0.566684	0.00156063	1.67221	0.0078862	0.882414	0.00274125
4.27257	0.696594	0.00396603	0.589819	0.00321747	0.556851	0.00143905	1.63835	0.00745781	0.86854	0.00283766
4.31445	0.679485	0.00429413	0.564444	0.00306685	0.551333	0.00164783	1.61081	0.00816948	0.850831	0.00315474
4.35634	0.660909	0.00365439	0.559348	0.00320508	0.545895	0.00164712	1.57409	0.00758711	0.839521	0.00255666
4.39823	0.643737	0.00346609	0.550426	0.00273167	0.538941	0.00149231	1.54322	0.00690243	0.822131	0.00250146
4.44012	0.628937	0.00349065	0.530516	0.00283333	0.533539	0.00134524	1.51988	0.00672606	0.805069	0.00258289
4.48201	0.622934	0.00382413	0.522828	0.00285711	0.52279	0.00147774	1.49407	0.00733268	0.797375	0.00272879
4.52389	0.601831	0.00295455	0.512295	0.00312612	0.516228	0.00144965	1.45579	0.0055968	0.780332	0.00246903
4.56578	0.589678	0.00321942	0.499773	0.00239042	0.50623	0.00136575	1.42496	0.00616232	0.766853	0.00258985
4.60767	0.579244	0.00358486	0.487858	0.00254677	0.500153	0.00136555	1.40613	0.0070443	0.752665	0.00226978
4.64956	0.563052	0.00322982	0.473181	0.00231767	0.492888	0.0011518	1.37459	0.00608971	0.737287	0.0021189
4.69145	0.547663	0.00294065	0.459547	0.00230778	0.482971	0.00122989	1.34128	0.00559603	0.719992	0.00227814
4.73333	0.530435	0.00292432	0.451641	0.00265635	0.473895	0.00117357	1.30476	0.00551448	0.703901	0.00213673
4.77522	0.517527	0.00269135	0.435672	0.00217698	0.464794	0.00122759	1.27573	0.00582333	0.688914	0.0020481
4.81711	0.502476	0.00313755	0.427821	0.00223408	0.455484	0.00114806	1.24225	0.0058024	0.673668	0.00221571
4.859	0.491006	0.00249632	0.418675	0.00222612	0.448374	0.00114852	1.22152	0.00512667	0.657239	0.00197425
4.90088	0.477553	0.00279714	0.401246	0.00229521	0.436127	0.00114371	1.18969	0.00575767	0.637675	0.00201439
4.94277	0.46224	0.00255804	0.393838	0.00201769	0.429616	0.00109046	1.15926	0.00519029	0.624457	0.00177634
4.98466	0.446413	0.00244931	0.381814	0.00195199	0.416956	0.00104121	1.12165	0.00515055	0.605084	0.00183143
5.02655	0.431405	0.00235219	0.366564	0.001814	0.406299	0.00105779	1.08837	0.00471188	0.587035	0.00206179
5.06844	0.413524	0.00231296	0.35262	0.00180689	0.396541	0.00104868	1.05048	0.00490559	0.569652	0.00174257
5.11032	0.401578	0.00246093	0.346675	0.00174352	0.385972	0.00107168	1.02027	0.0049337	0.554831	0.00169734
5.15221	0.385351	0.00188297	0.332023	0.00152552	0.373889	0.000961282	0.985882	0.00370608	0.532598	0.00167981
5.1941	0.372473	0.00207817	0.31849	0.0019201	0.363368	0.00110117	0.955645	0.00430387	0.516037	0.0016756
5.23599	0.359066	0.00212898	0.307604	0.00154241	0.3506	0.00100574	0.917811	0.00436537	0.501519	0.00160438
5.27788	0.345553	0.00197987	0.296503	0.00162399	0.339664	0.000848344	0.888188	0.00401486	0.482246	0.00144204
5.31976	0.330015	0.00177191	0.284181	0.0014904	0.326555	0.00092265	0.851246	0.00376445	0.461896	0.00145242
5.36165	0.313603	0.00172793	0.269829	0.00148946	0.313859	0.000852559	0.811545	0.00338735	0.443379	0.00142863
5.40354	0.301678	0.00159906	0.259478	0.00126559	0.300783	0.000788377	0.780305	0.00317966	0.424619	0.00123031
5.44543	0.283637	0.00183392	0.2449	0.00124305	0.288364	0.00074539	0.740174	0.00368832	0.403827	0.00111062
5.48732	0.272584	0.00154591	0.23412	0.0012647	0.276312	0.000767314	0.711365	0.00338747	0.386426	0.00122343
5.5292	0.258614	0.00139539	0.220299	0.00106561	0.262978	0.000697372	0.678156	0.00292627	0.365029	0.00102102
5.57109	0.2406	0.00127157	0.207488	0.00117366	0.248245	0.000594821	0.631186	0.00269545	0.346503	0.00102373
5.61298	0.228652	0.00132755	0.194792	0.00103128	0.234631	0.000626888	0.599861	0.00282056	0.326704	0.00100984
5.65487	0.214764	0.00112186	0.184374	0.000978569	0.222032	0.000595768	0.566594	0.00242948	0.306998	0.000860135
5.69675	0.200356	0.00107095	0.170872	0.000820605	0.207269	0.000538615	0.528539	0.00224114	0.286709	0.000791066
5.73864	0.185559	0.000915254	0.158637	0.000781548	0.194298	0.000566927	0.49254	0.00209193	0.267173	0.000788497
5.78053	0.172372	0.000940895	0.146738	0.000722082	0.179253	0.000500941	0.455551	0.00206072	0.247699	0.000807441
5.82242	0.156869	0.000889474	0.134519	0.000775022	0.164054	0.000428309	0.415345	0.00187914	0.226502	0.000706567
5.86431	0.141681	0.000803175	0.121682	0.00066987	0.149171	0.000377588	0.375646	0.00159819	0.206059	0.000598953
5.90619	0.128348	0.000725992	0.109162	0.000522244	0.134413	0.000359788	0.340353	0.00152676	0.185169	0.000547308
5.94808	0.113726	0.00064525	0.0974825	0.000506576	0.120189	0.000315418	0.303383	0.00136808	0.164447	0.000481417
5.98997	0.0999775	0.000585483	0.0858699	0.000490047	0.105236	0.000293293	0.266323	0.00121956	0.144104	0.000454331
6.03186	0.0850868	0.000469194	0.0728285	0.000380495	0.0898928	0.000224667	0.22617	0.000940904	0.12379	0.000387702
6.07375	0.0710851	0.000390468	0.0599253	0.000338474	0.0755887	0.000193415	0.190115	0.00079784	0.103233	0.000292027
6.11563	0.0561199	0.000305589	0.0481654	0.00023954	0.0600453	0.000170072	0.150523	0.000634101	0.081807	0.000253198
6.15752	0.0423287	0.000217383	0.0358856	0.0001736	0.044967	0.000114797	0.112884	0.000476866	0.0617072	0.000191335
6.19941	0.028053	0.000165256	0.0234314	0.000108707	0.029866	8.05133e-05	0.0749747	0.000340683	0.0408632	0.000116794
6.2413	0.0140994	9.34201e-05	0.0113978	7.24527e-05	0.0148713	4.2675e-05	0.037584	0.000197817	0.0203573	6.48681e-05
