0	4.03248e-15	1.52758e-16	7.04401e-17	4.00939e-18	-0.0778008	0.0778008	-0.0778008	0.0778008	-0.0778008	0.0778008
0.0418879	0.0138678	0.000164394	0.011952	0.000126947	0.0114494	7.21761e-05	0.031417	0.000308638	0.0192174	0.000135125
0.0837758	0.027849	0.000335834	0.0240538	0.000244189	0.0241699	0.00014991	0.0654473	0.000633651	0.0385906	0.000262921
0.125664	0.0412542	0.000407499	0.036216	0.00036307	0.0371162	0.000239695	0.0987067	0.000810856	0.058034	0.000379091
0.167552	0.055056	0.000596587	0.0487729	0.00051646	0.0495032	0.000300545	0.130945	0.00114189	0.0781734	0.000485298
0.20944	0.0696149	0.000755575	0.0613997	0.000626655	0.0635277	0.00038624	0.167914	0.00148728	0.0983715	0.000660323
0.251327	0.0825969	0.000860456	0.0743852	0.000792097	0.0753456	0.000459128	0.198013	0.00165417	0.117872	0.000806142
0.293215	0.0984267	0.00107409	0.085393	0.000881628	0.0898085	0.000584189	0.23835	0.00216028	0.138121	0.000942164
0.335103	0.111408	0.00114995	0.0968994	0.000955414	0.10179	0.000586055	0.268659	0.00235548	0.157738	0.00103455
0.376991	0.12568	0.00130414	0.109965	0.00104521	0.114791	0.000692995	0.302505	0.00268411	0.178437	0.00121015
0.418879	0.137379	0.00155855	0.12273	0.00125654	0.127439	0.000755103	0.33323	0.0031158	0.196407	0.00128934
0.460767	0.152442	0.00163584	0.134983	0.00125323	0.14139	0.000864045	0.370972	0.00324829	0.216691	0.00155723
0.502655	0.168199	0.00176037	0.150278	0.00158916	0.155177	0.000907673	0.407605	0.00349869	0.239147	0.00163195
0.544543	0.181444	0.00214853	0.161061	0.00156281	0.167244	0.00101633	0.439788	0.00401323	0.257587	0.00185266
0.586431	0.194119	0.00214058	0.172562	0.00193439	0.179667	0.00108909	0.472195	0.00430383	0.275377	0.00193229
0.628319	0.208863	0.00232936	0.186173	0.00194581	0.195187	0.00115944	0.511879	0.00461422	0.296221	0.00199106
0.670206	0.221778	0.00252062	0.201882	0.00213208	0.208189	0.00130596	0.543663	0.0050259	0.31627	0.00204954
0.712094	0.235283	0.00265732	0.207038	0.00219861	0.218763	0.00129218	0.576909	0.00532109	0.331183	0.00206405
0.753982	0.250216	0.00252494	0.222683	0.00242183	0.229043	0.00137331	0.604867	0.0054263	0.353651	0.00226632
0.79587	0.272712	0.0032945	0.239614	0.00230535	0.242544	0.00152671	0.655214	0.00657535	0.375298	0.00265145
0.837758	0.279785	0.00303484	0.246678	0.0026585	0.252736	0.00157965	0.674004	0.00615156	0.391037	0.00254171
0.879646	0.292347	0.00325144	0.262676	0.0026704	0.26796	0.00191135	0.708439	0.00626819	0.412175	0.00277916
0.921534	0.309659	0.00330845	0.26613	0.00260256	0.278481	0.00181066	0.743144	0.00668731	0.433135	0.00269009
0.963422	0.325549	0.00368815	0.284118	0.00276717	0.290456	0.00186769	0.782832	0.00745187	0.449176	0.00287934
1.00531	0.33605	0.00399131	0.297399	0.00329581	0.303433	0.00200613	0.809415	0.00773522	0.46955	0.00342705
1.0472	0.354578	0.00412168	0.305642	0.00346308	0.314764	0.00208421	0.854746	0.00828618	0.483936	0.00339792
1.08909	0.374438	0.00439173	0.323551	0.00326506	0.321197	0.00212072	0.883838	0.0089322	0.507433	0.00326822
1.13097	0.386462	0.00427694	0.334072	0.00338857	0.333013	0.00198913	0.910916	0.00820549	0.528034	0.00364055
1.17286	0.398626	0.00464647	0.346029	0.00375907	0.342317	0.00205458	0.945709	0.00917997	0.536176	0.00397192
1.21475	0.412454	0.00488835	0.357787	0.00345826	0.352533	0.00216613	0.967938	0.00947253	0.562038	0.0036746
1.25664	0.409655	0.00477597	0.373175	0.00419082	0.363886	0.00238098	0.979171	0.0100671	0.567911	0.00367684
1.29852	0.437311	0.00496144	0.388106	0.00395952	0.371815	0.00226288	1.02631	0.00991125	0.591946	0.00402258
1.34041	0.451397	0.00518779	0.394187	0.00425763	0.38099	0.00246209	1.05333	0.00949194	0.611441	0.00466332
1.3823	0.462635	0.00483231	0.402622	0.00410915	0.392824	0.002557	1.08582	0.0103157	0.625103	0.00427025
1.42419	0.480255	0.00517704	0.421262	0.00413379	0.397965	0.0025304	1.11963	0.0100698	0.636806	0.00458936
1.46608	0.496873	0.0059269	0.432446	0.00427536	0.409551	0.00281235	1.15069	0.0115238	0.662154	0.00521039
1.50796	0.507041	0.00558406	0.441414	0.0045512	0.420832	0.00261742	1.18573	0.0111255	0.670016	0.00463088
1.54985	0.510521	0.00586934	0.455345	0.00470631	0.425204	0.00276634	1.18746	0.0114206	0.683991	0.00490442
1.59174	0.537724	0.00599179	0.473644	0.00468344	0.430714	0.00250592	1.23124	0.0115698	0.705637	0.00520268
1.63363	0.555547	0.00649265	0.493954	0.00492472	0.44463	0.00293128	1.27641	0.0131017	0.723943	0.00506752
1.67552	0.564776	0.00620423	0.49048	0.00514295	0.4468	0.00258059	1.29288	0.0121384	0.730276	0.00491872
1.7174	0.584185	0.00613364	0.506692	0.00526141	0.461113	0.00296831	1.34146	0.0120757	0.749133	0.00515412
1.75929	0.602613	0.00643378	0.511537	0.00520021	0.464621	0.00293674	1.36401	0.0130136	0.770456	0.00550267
1.80118	0.605547	0.00573505	0.527617	0.00513428	0.473417	0.00309088	1.38083	0.0121753	0.777095	0.00542822
1.84307	0.626593	0.0071401	0.535382	0.00567346	0.480638	0.00309643	1.41625	0.0136842	0.798207	0.00592365
1.88496	0.654446	0.00691775	0.55361	0.00545708	0.490393	0.00305978	1.46744	0.0132518	0.822237	0.00561953
1.92684	0.65116	0.00713145	0.560421	0.00600655	0.485977	0.00284115	1.45703	0.0133762	0.817243	0.00586535
1.96873	0.669163	0.00713043	0.573676	0.00605887	0.502185	0.00334802	1.50524	0.0136615	0.837455	0.00576865
2.01062	0.690977	0.00788324	0.594844	0.00636768	0.511138	0.00335735	1.54301	0.0151508	0.861217	0.00617405
2.05251	0.704	0.00803469	0.59823	0.00673449	0.509289	0.00312159	1.56284	0.0146646	0.863745	0.00600205
2.0944	0.717991	0.00817553	0.609061	0.00651642	0.515685	0.00317286	1.58713	0.0149077	0.880225	0.00638707
2.13628	0.724935	0.00776799	0.622897	0.00682298	0.520644	0.00319667	1.60208	0.0147444	0.889077	0.00615952
2.17817	0.749454	0.00865182	0.624892	0.00615038	0.530191	0.00348663	1.65205	0.0165376	0.907242	0.00672588
2.22006	0.75415	0.00857732	0.639092	0.00691426	0.526586	0.00324069	1.65054	0.0156675	0.910934	0.00666014
2.26195	0.790374	0.00955818	0.666715	0.007071	0.541287	0.00344248	1.72154	0.0184991	0.94178	0.00733232
2.30383	0.80298	0.00956793	0.666177	0.00723047	0.542932	0.00335116	1.74258	0.0178864	0.949246	0.00738699
2.34572	0.818302	0.00884578	0.672117	0.00761725	0.555673	0.00370633	1.79113	0.0166612	0.95682	0.00723523
2.38761	0.840189	0.00984386	0.694544	0.0071	0.557019	0.00341987	1.82484	0.0184376	0.969577	0.00702535
2.4295	0.868943	0.0106075	0.685207	0.00737813	0.557321	0.00373323	1.85534	0.0198334	0.997185	0.00780277
2.47139	0.851862	0.0100767	0.713389	0.00731978	0.562304	0.00357887	1.83094	0.0198585	0.997393	0.00706783
2.51327	0.87251	0.0095674	0.709776	0.00757963	0.562689	0.00382426	1.86044	0.0188664	1.00996	0.00707623
2.55516	0.90109	0.0100586	0.734695	0.00805492	0.571798	0.00340188	1.91806	0.0183432	1.02772	0.00768073
2.59705	0.912963	0.0104149	0.736743	0.00731045	0.5805	0.00383902	1.95308	0.0200449	1.03385	0.00696332
2.63894	0.928292	0.0112606	0.751943	0.00741522	0.578717	0.00363524	1.97569	0.0203606	1.03833	0.00773655
2.68083	0.924642	0.00934286	0.757262	0.00841015	0.585562	0.00399637	1.97665	0.0187103	1.04376	0.00713634
2.72271	0.976624	0.0118618	0.777383	0.00825231	0.591446	0.00379604	2.07296	0.0219294	1.06319	0.00830092
2.7646	0.981039	0.0121266	0.780256	0.00744703	0.591657	0.00405775	2.07273	0.0225658	1.07266	0.00832696
2.80649	1.0134	0.0113345	0.79654	0.00816806	0.595286	0.00405891	2.12975	0.021237	1.08762	0.00853248
2.84838	1.03697	0.0123481	0.795129	0.00840543	0.597304	0.00379455	2.1613	0.0227269	1.10724	0.00891265
2.89027	1.04314	0.0122905	0.814765	0.00907891	0.596861	0.00378477	2.16668	0.0227381	1.11331	0.00912375
2.93215	1.06131	0.0144319	0.815326	0.00842467	0.608836	0.00393261	2.22816	0.0255293	1.11212	0.00939325
2.97404	1.09706	0.0136417	0.813869	0.0088919	0.609861	0.00368457	2.28123	0.0239343	1.13262	0.00884544
3.01593	1.11934	0.0136264	0.833526	0.00913742	0.608749	0.0041205	2.31304	0.0246511	1.14313	0.00939519
3.05782	1.13657	0.0156899	0.840438	0.00888968	0.620396	0.00456547	2.37786	0.0301953	1.13607	0.00974511
3.0997	1.21001	0.0150708	0.856616	0.00918715	0.614281	0.00401415	2.46911	0.0278115	1.17947	0.00925293
3.14159	1.21469	0.0237443	0.857689	0.0131638	0.621215	0.00633011	2.4875	0.044302	1.1843	0.0135283
3.18348	1.21001	0.0150708	0.856616	0.00918715	0.614281	0.00401415	2.46911	0.0278115	1.17947	0.00925293
3.22537	1.13657	0.0156899	0.840438	0.00888968	0.620396	0.00456547	2.37786	0.0301953	1.13607	0.00974511
3.26726	1.11934	0.0136264	0.833526	0.00913742	0.608749	0.0041205	2.31304	0.0246511	1.14313	0.00939519
3.30914	1.09706	0.0136417	0.813869	0.0088919	0.609861	0.00368457	2.28123	0.0239343	1.13262	0.00884544
3.35103	1.06131	0.0144319	0.815326	0.00842467	0.608836	0.00393261	2.22816	0.0255293	1.11212	0.00939325
3.39292	1.04314	0.0122905	0.814765	0.00907891	0.596861	0.00378477	2.16668	0.0227381	1.11331	0.00912375
3.43481	1.03697	0.0123481	0.795129	0.00840543	0.597304	0.00379455	2.1613	0.0227269	1.10724	0.00891265
3.4767	1.0134	0.0113345	0.79654	0.00816806	0.595286	0.00405891	2.12975	0.021237	1.08762	0.00853248
3.51858	0.981039	0.0121266	0.780256	0.00744703	0.591657	0.00405775	2.07273	0.0225658	1.07266	0.00832696
3.56047	0.976624	0.0118618	0.777383	0.00825231	0.591446	0.00379604	2.07296	0.0219294	1.06319	0.00830092
3.60236	0.924642	0.00934286	0.757262	0.00841015	0.585562	0.00399637	1.97665	0.0187103	1.04376	0.00713634
3.64425	0.928292	0.0112606	0.751943	0.00741522	0.578717	0.00363524	1.97569	0.0203606	1.03833	0.00773655
3.68614	0.912963	0.0104149	0.736743	0.00731045	0.5805	0.00383902	1.95308	0.0200449	1.03385	0.00696332
3.72802	0.90109	0.0100586	0.734695	0.00805492	0.571798	0.00340188	1.91806	0.0183432	1.02772	0.00768073
3.76991	0.87251	0.0095674	0.709776	0.00757963	0.562689	0.00382426	1.86044	0.0188664	1.00996	0.00707623
3.8118	0.851862	0.0100767	0.713389	0.00731978	0.562304	0.00357887	1.83094	0.0198585	0.997393	0.00706783
3.85369	0.868943	0.0106075	0.685207	0.00737813	0.557321	0.00373323	1.85534	0.0198334	0.997185	0.00780277
3.89557	0.840189	0.00984386	0.694544	0.0071	0.557019	0.00341987	1.82484	0.0184376	0.969577	0.00702535
3.93746	0.818302	0.00884578	0.672117	0.00761725	0.555673	0.00370633	1.79113	0.0166612	0.95682	0.00723523
3.97935	0.80298	0.00956793	0.666177	0.00723047	0.542932	0.00335116	1.74258	0.0178864	0.949246	0.00738699
4.02124	0.790374	0.00955818	0.666715	0.007071	0.541287	0.00344248	1.72154	0.0184991	0.94178	0.00733232
4.06313	0.75415	0.00857732	0.639092	0.00691426	0.526586	0.00324069	1.65054	0.0156675	0.910934	0.00666014
4.10501	0.749454	0.00865182	0.624892	0.00615038	0.530191	0.00348663	1.65205	0.0165376	0.907242	0.00672588
4.1469	0.724935	0.00776799	0.622897	0.00682298	0.520644	0.00319667	1.60208	0.0147444	0.889077	0.00615952
4.18879	0.717991	0.00817553	0.609061	0.00651642	0.515685	0.00317286	1.58713	0.0149077	0.880225	0.00638707
4.23068	0.704	0.00803469	0.59823	0.00673449	0.509289	0.00312159	1.56284	0.0146646	0.863745	0.00600205
4.27257	0.690977	0.00788324	0.594844	0.00636768	0.511138	0.00335735	1.54301	0.0151508	0.861217	0.00617405
4.31445	0.669163	0.00713043	0.573676	0.00605887	0.502185	0.00334802	1.50524	0.0136615	0.837455	0.00576865
4.35634	0.65116	0.00713145	0.560421	0.00600655	0.485977	0.00284115	1.45703	0.0133762	0.817243	0.00586535
4.39823	0.654446	0.00691775	0.55361	0.00545708	0.490393	0.00305978	1.46744	0.0132518	0.822237	0.00561953
4.44012	0.626593	0.0071401	0.535382	0.00567346	0.480638	0.00309643	1.41625	0.0136842	0.798207	0.00592365
4.48201	0.605547	0.00573505	0.527617	0.00513428	0.473417	0.00309088	1.38083	0.0121753	0.777095	0.00542822
4.52389	0.602613	0.00643378	0.511537	0.00520021	0.464621	0.00293674	1.36401	0.0130136	0.770456	0.00550267
4.56578	0.584185	0.00613364	0.506692	0.00526141	0.461113	0.00296831	1.34146	0.0120757	0.749133	0.00515412
4.60767	0.564776	0.00620423	0.49048	0.00514295	0.4468	0.00258059	1.29288	0.0121384	0.730276	0.00491872
4.64956	0.555547	0.00649265	0.493954	0.00492472	0.44463	0.00293128	1.27641	0.0131017	0.723943	0.00506752
4.69145	0.537724	0.00599179	0.473644	0.00468344	0.430714	0.00250592	1.23124	0.0115698	0.705637	0.00520268
4.73333	0.510521	0.00586934	0.455345	0.00470631	0.425204	0.00276634	1.18746	0.0114206	0.683991	0.00490442
4.77522	0.507041	0.00558406	0.441414	0.0045512	0.420832	0.00261742	1.18573	0.0111255	0.670016	0.00463088
4.81711	0.496873	0.0059269	0.432446	0.00427536	0.409551	0.00281235	1.15069	0.0115238	0.662154	0.00521039
4.859	0.480255	0.00517704	0.421262	0.00413379	0.397965	0.0025304	1.11963	0.0100698	0.636806	0.00458936
4.90088	0.462635	0.00483231	0.402622	0.00410915	0.392824	0.002557	1.08582	0.0103157	0.625103	0.00427025
4.94277	0.451397	0.00518779	0.394187	0.00425763	0.38099	0.00246209	1.05333	0.00949194	0.611441	0.00466332
4.98466	0.437311	0.00496144	0.388106	0.00395952	0.371815	0.00226288	1.02631	0.00991125	0.591946	0.00402258
5.02655	0.409655	0.00477597	0.373175	0.00419082	0.363886	0.00238098	0.979171	0.0100671	0.567911	0.00367684
5.06844	0.412454	0.00488835	0.357787	0.00345826	0.352533	0.00216613	0.967938	0.00947253	0.562038	0.0036746
5.11032	0.398626	0.00464647	0.346029	0.00375907	0.342317	0.00205458	0.945709	0.00917997	0.536176	0.00397192
5.15221	0.386462	0.00427694	0.334072	0.00338857	0.333013	0.00198913	0.910916	0.00820549	0.528034	0.00364055
5.1941	0.374438	0.00439173	0.323551	0.00326506	0.321197	0.00212072	0.883838	0.0089322	0.507433	0.00326822
5.23599	0.354578	0.00412168	0.305642	0.00346308	0.314764	0.00208421	0.854746	0.00828618	0.483936	0.00339792
5.27788	0.33605	0.00399131	0.297399	0.00329581	0.303433	0.00200613	0.809415	0.00773522	0.46955	0.00342705
5.31976	0.325549	0.00368815	0.284118	0.00276717	0.290456	0.00186769	0.782832	0.00745187	0.449176	0.00287934
5.36165	0.309659	0.00330845	0.26613	0.00260256	0.278481	0.00181066	0.743144	0.00668731	0.433135	0.00269009
5.40354	0.292347	0.00325144	0.262676	0.0026704	0.26796	0.00191135	0.708439	0.00626819	0.412175	0.00277916
5.44543	0.279785	0.00303484	0.246678	0.0026585	0.252736	0.00157965	0.674004	0.00615156	0.391037	0.00254171
5.48732	0.272712	0.0032945	0.239614	0.00230535	0.242544	0.00152671	0.655214	0.00657535	0.375298	0.00265145
5.5292	0.250216	0.00252494	0.222683	0.00242183	0.229043	0.00137331	0.604867	0.0054263	0.353651	0.00226632
5.57109	0.235283	0.00265732	0.207038	0.00219861	0.218763	0.00129218	0.576909	0.00532109	0.331183	0.00206405
5.61298	0.221778	0.00252062	0.201882	0.00213208	0.208189	0.00130596	0.543663	0.0050259	0.31627	0.00204954
5.65487	0.208863	0.00232936	0.186173	0.00194581	0.195187	0.00115944	0.511879	0.00461422	0.296221	0.00199106
5.69675	0.194119	0.00214058	0.172562	0.00193439	0.179667	0.00108909	0.472195	0.00430383	0.275377	0.00193229
5.73864	0.181444	0.00214853	0.161061	0.00156281	0.167244	0.00101633	0.439788	0.00401323	0.257587	0.00185266
5.78053	0.168199	0.00176037	0.150278	0.00158916	0.155177	0.000907673	0.407605	0.00349869	0.239147	0.00163195
5.82242	0.152442	0.00163584	0.134983	0.00125323	0.14139	0.000864045	0.370972	0.00324829	0.216691	0.00155723
5.86431	0.137379	0.00155855	0.12273	0.00125654	0.127439	0.000755103	0.33323	0.0031158	0.196407	0.00128934
5.90619	0.12568	0.00130414	0.109965	0.00104521	0.114791	0.000692995	0.302505	0.00268411	0.178437	0.00121015
5.94808	0.111408	0.00114995	0.0968994	0.000955414	0.10179	0.000586055	0.268659	0.00235548	0.157738	0.00103455
5.98997	0.0984267	0.00107409	0.085393	0.000881628	0.0898085	0.000584189	0.23835	0.00216028	0.138121	0.000942164
6.03186	0.0825969	0.000860456	0.0743852	0.000792097	0.0753456	0.000459128	0.198013	0.00165417	0.117872	0.000806142
6.07375	0.0696149	0.000755575	0.0613997	0.000626655	0.0635277	0.00038624	0.167914	0.00148728	0.0983715	0.000660323
6.11563	0.055056	0.000596587	0.0487729	0.00051646	0.0495032	0.000300545	0.130945	0.00114189	0.0781734	0.000485298
6.15752	0.0412542	0.000407499	0.036216	0.00036307	0.0371162	0.000239695	0.0987067	0.000810856	0.058034	0.000379091
6.19941	0.027849	0.000335834	0.0240538	0.000244189	0.0241699	0.00014991	0.0654473	0.000633651	0.0385906	0.000262921
6.2413	0.0138678	0.000164394	0.011952	0.000126947	0.0114494	7.21761e-05	0.031417	0.000308638	0.0192174	0.000135125
